<?xml version="1.0" encoding="UTF-8"?>
<testsuites name="test" time="52" tests="12" failures="0" errors="0">
   <testsuite name="test" tests="12" failures="0" errors="0" time="52" timestamp="2019-01-11 15:31:40" hostname="builder - Z840-02.ZL.LIMITED" id="Test Suites/test">
      <properties>
         <property name="deviceName" value=""/>
         <property name="devicePlatform" value=""/>
         <property name="logFolder" value="C:\\Users\\builder\\Desktop\\katalon\\Automation\\Reports\\test\\20190111_153139"/>
         <property name="logFiles" value="C:\\Users\\builder\\Desktop\\katalon\\Automation\\Reports\\test\\20190111_153139\\execution0.log"/>
         <property name="attachments" value=""/>
         <property name="hostName" value="builder - Z840-02.ZL.LIMITED"/>
         <property name="os" value="Windows 8.1 64bit"/>
         <property name="katalonVersion" value="5.10.1.1"/>
         <property name="browser" value="Chrome 71.0.3578.98"/>
         <property name="hostAddress" value="172.20.8.47"/>
         <property name="sessionId" value="74e2bc5131acd094fd3bc4f5998c2b4a"/>
         <property name="seleniumVersion" value="3.7.1"/>
         <property name="proxyInformation" value="ProxyInformation{proxyOption=NO_PROXY, proxyServerType=HTTP, password=, proxyServerAddress=, proxyServerPort=0}"/>
         <property name="platform" value="Windows 8.1"/>
      </properties>
      <testcase name="Test Cases/spolight/logging in/login" classname="Test Cases/spolight/logging in/login" status="PASSED">
         <system-out><![CDATA[2019-01-11 15:31:40 - [TEST_CASE][PASSED] - Test Cases/spolight/logging in/login: Test Cases/spolight/logging in/login

2019-01-11 15:31:41 - [TEST_STEP][PASSED] - openBrowser(""): Browser is opened with url: ''

2019-01-11 15:31:41 - [MESSAGE][INFO] - Starting 'Chrome' driver

2019-01-11 15:31:41 - [MESSAGE][INFO] - Action delay is set to 0 seconds

2019-01-11 15:31:44 - [MESSAGE][PASSED] - Browser is opened with url: ''

2019-01-11 15:31:44 - [TEST_STEP][PASSED] - navigateToUrl("https://spotlightsuite.com/auth/login"): Navigate to 'https://spotlightsuite.com/auth/login' successfully

2019-01-11 15:31:45 - [MESSAGE][PASSED] - Navigate to 'https://spotlightsuite.com/auth/login' successfully

2019-01-11 15:31:45 - [TEST_STEP][PASSED] - maximizeWindow(): Current window maximized

2019-01-11 15:31:46 - [MESSAGE][PASSED] - Current window maximized

2019-01-11 15:31:46 - [TEST_STEP][PASSED] - waitForPageLoad(0): Wait for page load successfully

2019-01-11 15:31:46 - [MESSAGE][WARNING] - Timeout '0' is invalid. Using default page load timeout: '30'

2019-01-11 15:31:46 - [MESSAGE][PASSED] - Wait for page load successfully

2019-01-11 15:31:46 - [TEST_STEP][PASSED] - click(findTestObject("Page_SpotLight  Login/input_Email_undefined-Email-un")): Object: 'Object Repository/Page_SpotLight  Login/input_Email_undefined-Email-un' is clicked on

2019-01-11 15:31:47 - [MESSAGE][PASSED] - Object: 'Object Repository/Page_SpotLight  Login/input_Email_undefined-Email-un' is clicked on

2019-01-11 15:31:47 - [TEST_STEP][PASSED] - sendKeys(findTestObject("Page_SpotLight  Login/input_Email_undefined-Email-un"), findTestData("login spotlight").getValue(1, 1)): Keys 'jack.fletcher' sent to object: 'Object Repository/Page_SpotLight  Login/input_Email_undefined-Email-un'

2019-01-11 15:31:47 - [MESSAGE][PASSED] - Keys 'jack.fletcher' sent to object: 'Object Repository/Page_SpotLight  Login/input_Email_undefined-Email-un'

2019-01-11 15:31:47 - [TEST_STEP][PASSED] - click(findTestObject("Page_SpotLight  Login/input_Password_undefined-Passw")): Object: 'Object Repository/Page_SpotLight  Login/input_Password_undefined-Passw' is clicked on

2019-01-11 15:31:47 - [MESSAGE][PASSED] - Object: 'Object Repository/Page_SpotLight  Login/input_Password_undefined-Passw' is clicked on

2019-01-11 15:31:47 - [TEST_STEP][PASSED] - sendKeys(findTestObject("Page_SpotLight  Login/input_Password_undefined-Passw"), findTestData("login spotlight").getValue(2, 1)): Keys '11235813Drag0nforc' sent to object: 'Object Repository/Page_SpotLight  Login/input_Password_undefined-Passw'

2019-01-11 15:31:47 - [MESSAGE][PASSED] - Keys '11235813Drag0nforc' sent to object: 'Object Repository/Page_SpotLight  Login/input_Password_undefined-Passw'

2019-01-11 15:31:47 - [TEST_STEP][PASSED] - click(findTestObject("Page_SpotLight  Login/input_Forgot my password_Butto")): Object: 'Object Repository/Page_SpotLight  Login/input_Forgot my password_Butto' is clicked on

2019-01-11 15:31:48 - [MESSAGE][PASSED] - Object: 'Object Repository/Page_SpotLight  Login/input_Forgot my password_Butto' is clicked on]]></system-out>
         <system-err><![CDATA[]]></system-err>
      </testcase>
      <testcase name="Test Cases/spolight/service choice/aws ces 2019" classname="Test Cases/spolight/service choice/aws ces 2019" status="PASSED">
         <system-out><![CDATA[2019-01-11 15:31:48 - [TEST_CASE][PASSED] - Test Cases/spolight/service choice/aws ces 2019: Test Cases/spolight/service choice/aws ces 2019

2019-01-11 15:31:48 - [TEST_STEP][PASSED] - click(findTestObject("Page_SpotLight  Login/button_ZLCC Stage")): Object: 'Object Repository/Page_SpotLight  Login/button_ZLCC Stage' is clicked on

2019-01-11 15:31:48 - [MESSAGE][PASSED] - Object: 'Object Repository/Page_SpotLight  Login/button_ZLCC Stage' is clicked on

2019-01-11 15:31:48 - [TEST_STEP][PASSED] - delay(1): Delayed 1 second(s)

2019-01-11 15:31:49 - [MESSAGE][PASSED] - Delayed 1 second(s)

2019-01-11 15:31:49 - [TEST_STEP][PASSED] - click(findTestObject("Services/li_AWS CES 2019")): Object: 'Object Repository/Services/li_AWS CES 2019' is clicked on

2019-01-11 15:31:49 - [MESSAGE][PASSED] - Object: 'Object Repository/Services/li_AWS CES 2019' is clicked on

2019-01-11 15:31:49 - [TEST_STEP][PASSED] - click(findTestObject("Page_SpotLight  Login/input_ZLCC Stage_Button__Super")): Object: 'Object Repository/Page_SpotLight  Login/input_ZLCC Stage_Button__Super' is clicked on

2019-01-11 15:31:50 - [MESSAGE][PASSED] - Object: 'Object Repository/Page_SpotLight  Login/input_ZLCC Stage_Button__Super' is clicked on]]></system-out>
         <system-err><![CDATA[]]></system-err>
      </testcase>
      <testcase name="Test Cases/spolight/Select Your Application/Shutter" classname="Test Cases/spolight/Select Your Application/Shutter" status="PASSED">
         <system-out><![CDATA[2019-01-11 15:31:50 - [TEST_CASE][PASSED] - Test Cases/spolight/Select Your Application/Shutter: Test Cases/spolight/Select Your Application/Shutter

2019-01-11 15:31:50 - [TEST_STEP][PASSED] - click(findTestObject("pick your apps/Page_SpotLight  Select App - shutter/a")): Object: 'Object Repository/pick your apps/Page_SpotLight  Select App - shutter/a' is clicked on

2019-01-11 15:31:51 - [MESSAGE][PASSED] - Object: 'Object Repository/pick your apps/Page_SpotLight  Select App - shutter/a' is clicked on

2019-01-11 15:31:51 - [TEST_STEP][PASSED] - delay(1): Delayed 1 second(s)

2019-01-11 15:31:52 - [MESSAGE][PASSED] - Delayed 1 second(s)

2019-01-11 15:31:52 - [TEST_STEP][PASSED] - click(findTestObject("pick your apps/Page_SpotLight  Select App - shutter/button_Open Application")): Object: 'Object Repository/pick your apps/Page_SpotLight  Select App - shutter/button_Open Application' is clicked on

2019-01-11 15:31:52 - [MESSAGE][PASSED] - Object: 'Object Repository/pick your apps/Page_SpotLight  Select App - shutter/button_Open Application' is clicked on]]></system-out>
         <system-err><![CDATA[]]></system-err>
      </testcase>
      <testcase name="Test Cases/spolight/cars/E-tron" classname="Test Cases/spolight/cars/E-tron" status="PASSED">
         <system-out><![CDATA[2019-01-11 15:31:52 - [TEST_CASE][PASSED] - Test Cases/spolight/cars/E-tron: Test Cases/spolight/cars/E-tron

2019-01-11 15:31:52 - [TEST_STEP][PASSED] - click(findTestObject("Page_SpotLight  Select Car/div_E-tron")): Object: 'Object Repository/Page_SpotLight  Select Car/div_E-tron' is clicked on

2019-01-11 15:31:52 - [MESSAGE][PASSED] - Object: 'Object Repository/Page_SpotLight  Select Car/div_E-tron' is clicked on]]></system-out>
         <system-err><![CDATA[]]></system-err>
      </testcase>
      <testcase name="Test Cases/spolight/E-tron/Animations/Doors" classname="Test Cases/spolight/E-tron/Animations/Doors" status="PASSED">
         <system-out><![CDATA[2019-01-11 15:31:52 - [TEST_CASE][PASSED] - Test Cases/spolight/E-tron/Animations/Doors: Test Cases/spolight/E-tron/Animations/Doors

2019-01-11 15:31:53 - [TEST_STEP][PASSED] - click(findTestObject("E-tron/Animations/Page_SpotLight  Shutter/img_Multi Shot_ZlUiIconButton_")): Object: 'Object Repository/E-tron/Animations/Page_SpotLight  Shutter/img_Multi Shot_ZlUiIconButton_' is clicked on

2019-01-11 15:32:01 - [MESSAGE][PASSED] - Object: 'Object Repository/E-tron/Animations/Page_SpotLight  Shutter/img_Multi Shot_ZlUiIconButton_' is clicked on

2019-01-11 15:32:02 - [TEST_STEP][PASSED] - click(findTestObject("E-tron/Animations/Page_SpotLight  Shutter/p_Doors")): Object: 'Object Repository/E-tron/Animations/Page_SpotLight  Shutter/p_Doors' is clicked on

2019-01-11 15:32:02 - [MESSAGE][PASSED] - Object: 'Object Repository/E-tron/Animations/Page_SpotLight  Shutter/p_Doors' is clicked on

2019-01-11 15:32:02 - [TEST_STEP][PASSED] - delay(5, STOP_ON_FAILURE): Delayed 5 second(s)

2019-01-11 15:32:07 - [MESSAGE][PASSED] - Delayed 5 second(s)]]></system-out>
         <system-err><![CDATA[]]></system-err>
      </testcase>
      <testcase name="Test Cases/spolight/E-tron/Animations/Headlights" classname="Test Cases/spolight/E-tron/Animations/Headlights" status="PASSED">
         <system-out><![CDATA[2019-01-11 15:32:07 - [TEST_CASE][PASSED] - Test Cases/spolight/E-tron/Animations/Headlights: Test Cases/spolight/E-tron/Animations/Headlights

2019-01-11 15:32:07 - [TEST_STEP][PASSED] - click(findTestObject("E-tron/Animations/Page_SpotLight  Shutter/img_Multi Shot_ZlUiIconButton_")): Object: 'Object Repository/E-tron/Animations/Page_SpotLight  Shutter/img_Multi Shot_ZlUiIconButton_' is clicked on

2019-01-11 15:32:07 - [MESSAGE][PASSED] - Object: 'Object Repository/E-tron/Animations/Page_SpotLight  Shutter/img_Multi Shot_ZlUiIconButton_' is clicked on

2019-01-11 15:32:07 - [TEST_STEP][PASSED] - click(findTestObject("E-tron/Animations/Page_SpotLight  Shutter/p_Headlights")): Object: 'Object Repository/E-tron/Animations/Page_SpotLight  Shutter/p_Headlights' is clicked on

2019-01-11 15:32:07 - [MESSAGE][PASSED] - Object: 'Object Repository/E-tron/Animations/Page_SpotLight  Shutter/p_Headlights' is clicked on

2019-01-11 15:32:07 - [TEST_STEP][PASSED] - delay(5, STOP_ON_FAILURE): Delayed 5 second(s)

2019-01-11 15:32:12 - [MESSAGE][PASSED] - Delayed 5 second(s)]]></system-out>
         <system-err><![CDATA[]]></system-err>
      </testcase>
      <testcase name="Test Cases/spolight/E-tron/Animations/Trunk" classname="Test Cases/spolight/E-tron/Animations/Trunk" status="PASSED">
         <system-out><![CDATA[2019-01-11 15:32:12 - [TEST_CASE][PASSED] - Test Cases/spolight/E-tron/Animations/Trunk: Test Cases/spolight/E-tron/Animations/Trunk

2019-01-11 15:32:12 - [TEST_STEP][PASSED] - click(findTestObject("E-tron/Animations/Page_SpotLight  Shutter/img_Multi Shot_ZlUiIconButton_")): Object: 'Object Repository/E-tron/Animations/Page_SpotLight  Shutter/img_Multi Shot_ZlUiIconButton_' is clicked on

2019-01-11 15:32:12 - [MESSAGE][PASSED] - Object: 'Object Repository/E-tron/Animations/Page_SpotLight  Shutter/img_Multi Shot_ZlUiIconButton_' is clicked on

2019-01-11 15:32:12 - [TEST_STEP][PASSED] - click(findTestObject("E-tron/Animations/Page_SpotLight  Shutter/p_Trunk")): Object: 'Object Repository/E-tron/Animations/Page_SpotLight  Shutter/p_Trunk' is clicked on

2019-01-11 15:32:12 - [MESSAGE][PASSED] - Object: 'Object Repository/E-tron/Animations/Page_SpotLight  Shutter/p_Trunk' is clicked on

2019-01-11 15:32:12 - [TEST_STEP][PASSED] - delay(5, STOP_ON_FAILURE): Delayed 5 second(s)

2019-01-11 15:32:17 - [MESSAGE][PASSED] - Delayed 5 second(s)]]></system-out>
         <system-err><![CDATA[]]></system-err>
      </testcase>
      <testcase name="Test Cases/spolight/E-tron/Cameras/Exterior Cameras/CloudMRV1" classname="Test Cases/spolight/E-tron/Cameras/Exterior Cameras/CloudMRV1" status="PASSED">
         <system-out><![CDATA[2019-01-11 15:32:17 - [TEST_CASE][PASSED] - Test Cases/spolight/E-tron/Cameras/Exterior Cameras/CloudMRV1: Test Cases/spolight/E-tron/Cameras/Exterior Cameras/CloudMRV1

2019-01-11 15:32:18 - [TEST_STEP][PASSED] - delay(1): Delayed 1 second(s)

2019-01-11 15:32:19 - [MESSAGE][PASSED] - Delayed 1 second(s)

2019-01-11 15:32:19 - [TEST_STEP][PASSED] - click(findTestObject("E-tron/Cameras/Extrerior Cameras/Page_SpotLight  Shutter/img_Multi Shot_ZlUiIconButton_")): Object: 'Object Repository/E-tron/Cameras/Extrerior Cameras/Page_SpotLight  Shutter/img_Multi Shot_ZlUiIconButton_' is clicked on

2019-01-11 15:32:19 - [MESSAGE][PASSED] - Object: 'Object Repository/E-tron/Cameras/Extrerior Cameras/Page_SpotLight  Shutter/img_Multi Shot_ZlUiIconButton_' is clicked on

2019-01-11 15:32:19 - [TEST_STEP][PASSED] - click(findTestObject("E-tron/Cameras/Extrerior Cameras/Page_SpotLight  Shutter/p_3D_stream")): Object: 'Object Repository/E-tron/Cameras/Extrerior Cameras/Page_SpotLight  Shutter/p_3D_stream' is clicked on

2019-01-11 15:32:19 - [MESSAGE][PASSED] - Object: 'Object Repository/E-tron/Cameras/Extrerior Cameras/Page_SpotLight  Shutter/p_3D_stream' is clicked on]]></system-out>
         <system-err><![CDATA[]]></system-err>
      </testcase>
      <testcase name="Test Cases/spolight/E-tron/Environments/Chicago Night" classname="Test Cases/spolight/E-tron/Environments/Chicago Night" status="PASSED">
         <system-out><![CDATA[2019-01-11 15:32:19 - [TEST_CASE][PASSED] - Test Cases/spolight/E-tron/Environments/Chicago Night: Test Cases/spolight/E-tron/Environments/Chicago Night

2019-01-11 15:32:19 - [TEST_STEP][PASSED] - click(findTestObject("Audi A5/Environments/Page_SpotLight  Shutter/img_Multi Shot_ZlUiIconButton_")): Object: 'Object Repository/Audi A5/Environments/Page_SpotLight  Shutter/img_Multi Shot_ZlUiIconButton_' is clicked on

2019-01-11 15:32:19 - [MESSAGE][PASSED] - Object: 'Object Repository/Audi A5/Environments/Page_SpotLight  Shutter/img_Multi Shot_ZlUiIconButton_' is clicked on

2019-01-11 15:32:19 - [TEST_STEP][PASSED] - click(findTestObject("E-tron/Environment/Page_SpotLight  Shutter/p_ChicagoNight")): Object: 'Object Repository/E-tron/Environment/Page_SpotLight  Shutter/p_ChicagoNight' is clicked on

2019-01-11 15:32:19 - [MESSAGE][PASSED] - Object: 'Object Repository/E-tron/Environment/Page_SpotLight  Shutter/p_ChicagoNight' is clicked on

2019-01-11 15:32:19 - [TEST_STEP][PASSED] - delay(10): Delayed 10 second(s)

2019-01-11 15:32:29 - [MESSAGE][PASSED] - Delayed 10 second(s)]]></system-out>
         <system-err><![CDATA[]]></system-err>
      </testcase>
      <testcase name="Test Cases/spolight/Shutter-Pro Panels/Format/JPG" classname="Test Cases/spolight/Shutter-Pro Panels/Format/JPG" status="PASSED">
         <system-out><![CDATA[2019-01-11 15:32:29 - [TEST_CASE][PASSED] - Test Cases/spolight/Shutter-Pro Panels/Format/JPG: Test Cases/spolight/Shutter-Pro Panels/Format/JPG

2019-01-11 15:32:29 - [TEST_STEP][PASSED] - waitForElementClickable(findTestObject("Shutter buttons/output format/Page_SpotLight  Shutter/div_JPG"), 0): Object 'Object Repository/Shutter buttons/output format/Page_SpotLight  Shutter/div_JPG' is clickable

2019-01-11 15:32:29 - [MESSAGE][WARNING] - Timeout '0' is invalid. Using default page load timeout: '30'

2019-01-11 15:32:29 - [MESSAGE][PASSED] - Object 'Object Repository/Shutter buttons/output format/Page_SpotLight  Shutter/div_JPG' is clickable

2019-01-11 15:32:29 - [TEST_STEP][PASSED] - click(findTestObject("Shutter buttons/output format/Page_SpotLight  Shutter/div_JPG")): Object: 'Object Repository/Shutter buttons/output format/Page_SpotLight  Shutter/div_JPG' is clicked on

2019-01-11 15:32:30 - [MESSAGE][PASSED] - Object: 'Object Repository/Shutter buttons/output format/Page_SpotLight  Shutter/div_JPG' is clicked on]]></system-out>
         <system-err><![CDATA[]]></system-err>
      </testcase>
      <testcase name="Test Cases/spolight/Shutter-Pro Panels/Output Formats/1080" classname="Test Cases/spolight/Shutter-Pro Panels/Output Formats/1080" status="PASSED">
         <system-out><![CDATA[2019-01-11 15:32:30 - [TEST_CASE][PASSED] - Test Cases/spolight/Shutter-Pro Panels/Output Formats/1080: Test Cases/spolight/Shutter-Pro Panels/Output Formats/1080

2019-01-11 15:32:30 - [TEST_STEP][PASSED] - click(findTestObject("Shutter buttons/output format/Page_SpotLight  Shutter/button_720p")): Object: 'Object Repository/Shutter buttons/output format/Page_SpotLight  Shutter/button_720p' is clicked on

2019-01-11 15:32:30 - [MESSAGE][PASSED] - Object: 'Object Repository/Shutter buttons/output format/Page_SpotLight  Shutter/button_720p' is clicked on

2019-01-11 15:32:30 - [TEST_STEP][PASSED] - delay(1): Delayed 1 second(s)

2019-01-11 15:32:31 - [MESSAGE][PASSED] - Delayed 1 second(s)

2019-01-11 15:32:31 - [TEST_STEP][PASSED] - click(findTestObject("Shutter buttons/output format/Page_SpotLight  Shutter/li_1080p (1920x1080)")): Object: 'Object Repository/Shutter buttons/output format/Page_SpotLight  Shutter/li_1080p (1920x1080)' is clicked on

2019-01-11 15:32:31 - [MESSAGE][PASSED] - Object: 'Object Repository/Shutter buttons/output format/Page_SpotLight  Shutter/li_1080p (1920x1080)' is clicked on]]></system-out>
         <system-err><![CDATA[]]></system-err>
      </testcase>
      <testcase name="Test Cases/spolight/Shutter-Pro Panels/Save Shots/Quick Shot" classname="Test Cases/spolight/Shutter-Pro Panels/Save Shots/Quick Shot" status="PASSED">
         <system-out><![CDATA[2019-01-11 15:32:31 - [TEST_CASE][PASSED] - Test Cases/spolight/Shutter-Pro Panels/Save Shots/Quick Shot: Test Cases/spolight/Shutter-Pro Panels/Save Shots/Quick Shot

2019-01-11 15:32:31 - [TEST_STEP][PASSED] - click(findTestObject("Shutter buttons/saving shots/a_Quick Shot")): Object: 'Object Repository/Shutter buttons/saving shots/a_Quick Shot' is clicked on

2019-01-11 15:32:31 - [MESSAGE][PASSED] - Object: 'Object Repository/Shutter buttons/saving shots/a_Quick Shot' is clicked on

2019-01-11 15:32:31 - [TEST_STEP][PASSED] - delay(1): Delayed 1 second(s)

2019-01-11 15:32:32 - [MESSAGE][PASSED] - Delayed 1 second(s)

2019-01-11 15:32:32 - [TEST_STEP][PASSED] - click(findTestObject("Shutter buttons/saving shots/click off shopping cart")): Object: 'Object Repository/Shutter buttons/saving shots/click off shopping cart' is clicked on

2019-01-11 15:32:32 - [MESSAGE][PASSED] - Object: 'Object Repository/Shutter buttons/saving shots/click off shopping cart' is clicked on]]></system-out>
         <system-err><![CDATA[]]></system-err>
      </testcase>
      <system-out><![CDATA[2019-01-11 15:31:40 - [TEST_SUITE][PASSED] - test: Test Cases/spolight/Shutter-Pro Panels/Save Shots/Quick Shot]]></system-out>
      <system-err><![CDATA[]]></system-err>
   </testsuite>
</testsuites>
