<?xml version="1.0" encoding="UTF-8"?>
<testsuites name="shutter-pack" time="84" tests="5" failures="1" errors="0">
   <testsuite name="shutter-pack" tests="5" failures="1" errors="0" time="84" timestamp="2019-01-24 15:47:46" hostname="builder - Z840-02.ZL.LIMITED" id="Test Suites/shutter-pack">
      <properties>
         <property name="deviceName" value=""/>
         <property name="devicePlatform" value=""/>
         <property name="logFolder" value="C:\\Users\\builder\\Desktop\\katalon\\Automation\\Reports\\shutter-pack\\20190124_154744"/>
         <property name="logFiles" value="C:\\Users\\builder\\Desktop\\katalon\\Automation\\Reports\\shutter-pack\\20190124_154744\\execution0.log"/>
         <property name="attachments" value="C:\\Users\\builder\\Desktop\\katalon\\Automation\\Reports\\shutter-pack\\20190124_154744\\1548344950101.png"/>
         <property name="hostName" value="builder - Z840-02.ZL.LIMITED"/>
         <property name="os" value="Windows 8.1 64bit"/>
         <property name="katalonVersion" value="5.10.1.1"/>
         <property name="browser" value="Chrome 71.0.3578.98"/>
         <property name="hostAddress" value="172.20.8.47"/>
         <property name="sessionId" value="f79f4c5d2a2df1b74874abd4d0c466f2"/>
         <property name="seleniumVersion" value="3.7.1"/>
         <property name="proxyInformation" value="ProxyInformation{proxyOption=NO_PROXY, proxyServerType=HTTP, password=, proxyServerAddress=, proxyServerPort=0}"/>
         <property name="platform" value="Windows 8.1"/>
      </properties>
      <testcase name="Test Cases/spolight/logging in/login" classname="Test Cases/spolight/logging in/login" status="PASSED">
         <system-out><![CDATA[2019-01-24 15:47:46 - [TEST_CASE][PASSED] - Test Cases/spolight/logging in/login: Test Cases/spolight/logging in/login

2019-01-24 15:47:46 - [TEST_STEP][PASSED] - openBrowser(""): Browser is opened with url: ''

2019-01-24 15:47:47 - [MESSAGE][INFO] - Starting 'Chrome' driver

2019-01-24 15:47:47 - [MESSAGE][INFO] - Action delay is set to 0 seconds

2019-01-24 15:47:49 - [MESSAGE][PASSED] - Browser is opened with url: ''

2019-01-24 15:47:49 - [TEST_STEP][PASSED] - navigateToUrl("https://spotlightsuite.com/auth/login"): Navigate to 'https://spotlightsuite.com/auth/login' successfully

2019-01-24 15:47:50 - [MESSAGE][PASSED] - Navigate to 'https://spotlightsuite.com/auth/login' successfully

2019-01-24 15:47:50 - [TEST_STEP][PASSED] - maximizeWindow(): Current window maximized

2019-01-24 15:47:51 - [MESSAGE][PASSED] - Current window maximized

2019-01-24 15:47:51 - [TEST_STEP][PASSED] - waitForPageLoad(0): Wait for page load successfully

2019-01-24 15:47:51 - [MESSAGE][WARNING] - Timeout '0' is invalid. Using default page load timeout: '30'

2019-01-24 15:47:51 - [MESSAGE][PASSED] - Wait for page load successfully

2019-01-24 15:47:51 - [TEST_STEP][PASSED] - click(findTestObject("Page_SpotLight  Login/input_Email_undefined-Email-un")): Object: 'Object Repository/Page_SpotLight  Login/input_Email_undefined-Email-un' is clicked on

2019-01-24 15:47:52 - [MESSAGE][PASSED] - Object: 'Object Repository/Page_SpotLight  Login/input_Email_undefined-Email-un' is clicked on

2019-01-24 15:47:52 - [TEST_STEP][PASSED] - sendKeys(findTestObject("Page_SpotLight  Login/input_Email_undefined-Email-un"), findTestData("login spotlight").getValue(1, 1)): Keys 'jack.fletcher' sent to object: 'Object Repository/Page_SpotLight  Login/input_Email_undefined-Email-un'

2019-01-24 15:47:52 - [MESSAGE][PASSED] - Keys 'jack.fletcher' sent to object: 'Object Repository/Page_SpotLight  Login/input_Email_undefined-Email-un'

2019-01-24 15:47:52 - [TEST_STEP][PASSED] - click(findTestObject("Page_SpotLight  Login/input_Password_undefined-Passw")): Object: 'Object Repository/Page_SpotLight  Login/input_Password_undefined-Passw' is clicked on

2019-01-24 15:47:52 - [MESSAGE][PASSED] - Object: 'Object Repository/Page_SpotLight  Login/input_Password_undefined-Passw' is clicked on

2019-01-24 15:47:52 - [TEST_STEP][PASSED] - sendKeys(findTestObject("Page_SpotLight  Login/input_Password_undefined-Passw"), findTestData("login spotlight").getValue(2, 1)): Keys '11235813Drag0nforc' sent to object: 'Object Repository/Page_SpotLight  Login/input_Password_undefined-Passw'

2019-01-24 15:47:52 - [MESSAGE][PASSED] - Keys '11235813Drag0nforc' sent to object: 'Object Repository/Page_SpotLight  Login/input_Password_undefined-Passw'

2019-01-24 15:47:52 - [TEST_STEP][PASSED] - click(findTestObject("Page_SpotLight  Login/input_Forgot my password_Butto")): Object: 'Object Repository/Page_SpotLight  Login/input_Forgot my password_Butto' is clicked on

2019-01-24 15:47:53 - [MESSAGE][PASSED] - Object: 'Object Repository/Page_SpotLight  Login/input_Forgot my password_Butto' is clicked on]]></system-out>
         <system-err><![CDATA[]]></system-err>
      </testcase>
      <testcase name="Test Cases/spolight/service choice/zlcc stage" classname="Test Cases/spolight/service choice/zlcc stage" status="PASSED">
         <system-out><![CDATA[2019-01-24 15:47:53 - [TEST_CASE][PASSED] - Test Cases/spolight/service choice/zlcc stage: Test Cases/spolight/service choice/zlcc stage

2019-01-24 15:47:53 - [TEST_STEP][PASSED] - click(findTestObject("Page_SpotLight  Login/button_ZLCC Stage")): Object: 'Object Repository/Page_SpotLight  Login/button_ZLCC Stage' is clicked on

2019-01-24 15:47:53 - [MESSAGE][PASSED] - Object: 'Object Repository/Page_SpotLight  Login/button_ZLCC Stage' is clicked on

2019-01-24 15:47:53 - [TEST_STEP][PASSED] - delay(1): Delayed 1 second(s)

2019-01-24 15:47:54 - [MESSAGE][PASSED] - Delayed 1 second(s)

2019-01-24 15:47:54 - [TEST_STEP][PASSED] - click(findTestObject("Services/li_ZLCC Stage")): Object: 'Object Repository/Services/li_ZLCC Stage' is clicked on

2019-01-24 15:47:54 - [MESSAGE][PASSED] - Object: 'Object Repository/Services/li_ZLCC Stage' is clicked on

2019-01-24 15:47:54 - [TEST_STEP][PASSED] - click(findTestObject("Page_SpotLight  Login/input_ZLCC Stage_Button__Super")): Object: 'Object Repository/Page_SpotLight  Login/input_ZLCC Stage_Button__Super' is clicked on

2019-01-24 15:47:54 - [MESSAGE][PASSED] - Object: 'Object Repository/Page_SpotLight  Login/input_ZLCC Stage_Button__Super' is clicked on]]></system-out>
         <system-err><![CDATA[]]></system-err>
      </testcase>
      <testcase name="Test Cases/spolight/Select Your Application/Shutter" classname="Test Cases/spolight/Select Your Application/Shutter" status="PASSED">
         <system-out><![CDATA[2019-01-24 15:47:54 - [TEST_CASE][PASSED] - Test Cases/spolight/Select Your Application/Shutter: Test Cases/spolight/Select Your Application/Shutter

2019-01-24 15:47:55 - [TEST_STEP][PASSED] - click(findTestObject("pick your apps/Page_SpotLight  Select App - shutter/a")): Object: 'Object Repository/pick your apps/Page_SpotLight  Select App - shutter/a' is clicked on

2019-01-24 15:47:56 - [MESSAGE][PASSED] - Object: 'Object Repository/pick your apps/Page_SpotLight  Select App - shutter/a' is clicked on

2019-01-24 15:47:56 - [TEST_STEP][PASSED] - delay(1): Delayed 1 second(s)

2019-01-24 15:47:57 - [MESSAGE][PASSED] - Delayed 1 second(s)

2019-01-24 15:47:57 - [TEST_STEP][PASSED] - click(findTestObject("pick your apps/Page_SpotLight  Select App - shutter/button_Open Application")): Object: 'Object Repository/pick your apps/Page_SpotLight  Select App - shutter/button_Open Application' is clicked on

2019-01-24 15:47:58 - [MESSAGE][PASSED] - Object: 'Object Repository/pick your apps/Page_SpotLight  Select App - shutter/button_Open Application' is clicked on]]></system-out>
         <system-err><![CDATA[]]></system-err>
      </testcase>
      <testcase name="Test Cases/spolight/cars/Audi A5" classname="Test Cases/spolight/cars/Audi A5" status="PASSED">
         <system-out><![CDATA[2019-01-24 15:47:58 - [TEST_CASE][PASSED] - Test Cases/spolight/cars/Audi A5: Test Cases/spolight/cars/Audi A5

2019-01-24 15:47:58 - [TEST_STEP][PASSED] - click(findTestObject("Page_SpotLight  Select Car/div_Audi a5 2018")): Object: 'Object Repository/Page_SpotLight  Select Car/div_Audi a5 2018' is clicked on

2019-01-24 15:47:58 - [MESSAGE][PASSED] - Object: 'Object Repository/Page_SpotLight  Select Car/div_Audi a5 2018' is clicked on]]></system-out>
         <system-err><![CDATA[]]></system-err>
      </testcase>
      <testcase name="Test Cases/spolight/Shutter-Pro Panels/Save Shots/Quick Shot" classname="Test Cases/spolight/Shutter-Pro Panels/Save Shots/Quick Shot" status="PASSED">
         <system-out><![CDATA[2019-01-24 15:47:58 - [TEST_CASE][PASSED] - Test Cases/spolight/Shutter-Pro Panels/Save Shots/Quick Shot: Test Cases/spolight/Shutter-Pro Panels/Save Shots/Quick Shot

2019-01-24 15:47:58 - [TEST_STEP][PASSED] - waitForElementClickable(findTestObject("Audi A5/Animations/Page_SpotLight  Shutter/Page_SpotLight  Shutter/img_Multi Shot_ZlUiIconButton_"), 100): Object 'Object Repository/Audi A5/Animations/Page_SpotLight  Shutter/Page_SpotLight  Shutter/img_Multi Shot_ZlUiIconButton_' is clickable

2019-01-24 15:48:08 - [MESSAGE][PASSED] - Object 'Object Repository/Audi A5/Animations/Page_SpotLight  Shutter/Page_SpotLight  Shutter/img_Multi Shot_ZlUiIconButton_' is clickable

2019-01-24 15:48:08 - [TEST_STEP][PASSED] - click(findTestObject("Shutter buttons/saving shots/a_Quick Shot")): Object: 'Object Repository/Shutter buttons/saving shots/a_Quick Shot' is clicked on

2019-01-24 15:48:08 - [MESSAGE][PASSED] - Object: 'Object Repository/Shutter buttons/saving shots/a_Quick Shot' is clicked on

2019-01-24 15:48:08 - [TEST_STEP][PASSED] - delay(1): Delayed 1 second(s)

2019-01-24 15:48:09 - [MESSAGE][PASSED] - Delayed 1 second(s)

2019-01-24 15:48:09 - [TEST_STEP][PASSED] - click(findTestObject("Shutter buttons/saving shots/click off shopping cart")): Object: 'Object Repository/Shutter buttons/saving shots/click off shopping cart' is clicked on

2019-01-24 15:48:09 - [MESSAGE][PASSED] - Object: 'Object Repository/Shutter buttons/saving shots/click off shopping cart' is clicked on]]></system-out>
         <system-err><![CDATA[]]></system-err>
      </testcase>
      <testcase name="Test Cases/spolight/Shutter-Pro Panels/view content/content" classname="Test Cases/spolight/Shutter-Pro Panels/view content/content" status="FAILED">
         <failure type="FAILED" message="Test Cases/spolight/Shutter-Pro Panels/view content/content FAILED.
Reason:
com.kms.katalon.core.exception.StepFailedException: Unable to click on object 'Object Repository/manageSettings/Page_SpotLight  Shutter/li_ShutterSingle Shot024808 pm' (Root cause: org.openqa.selenium.WebDriverException: unknown error: Element &lt;li tabindex=&quot;-1&quot; class=&quot;jss15 jss5 jss8 jss12 jss13 jss3 jss1 jss26&quot; role=&quot;menuitem&quot;>...&lt;/li> is not clickable at point (1760, 559). Other element would receive the click: &lt;div class=&quot;SliderBarContainer__SliderBarOverlayerStyled-bjEkPa kzlWBA&quot;>&lt;/div>
  (Session info: chrome=71.0.3578.98)
  (Driver info: chromedriver=2.45.615291 (ec3682e3c9061c10f26ea9e5cdcf3c53f3f74387),platform=Windows NT 6.3.9600 x86_64) (WARNING: The server did not provide any stacktrace information)
Command duration or timeout: 0 milliseconds
Build info: version: '3.7.1', revision: '8a0099a', time: '2017-11-06T21:07:36.161Z'
System info: host: 'Z840-02', ip: '172.20.8.47', os.name: 'Windows 8.1', os.arch: 'amd64', os.version: '6.3', java.version: '1.8.0_181'
Driver info: com.kms.katalon.selenium.driver.CChromeDriver
Capabilities {acceptInsecureCerts: false, acceptSslCerts: false, applicationCacheEnabled: false, browserConnectionEnabled: false, browserName: chrome, chrome: {chromedriverVersion: 2.45.615291 (ec3682e3c9061c..., userDataDir: C:\Users\builder\AppData\Lo...}, cssSelectorsEnabled: true, databaseEnabled: false, goog:chromeOptions: {debuggerAddress: localhost:53779}, handlesAlerts: true, hasTouchScreen: false, javascriptEnabled: true, locationContextEnabled: true, mobileEmulationEnabled: false, nativeEvents: true, networkConnectionEnabled: false, pageLoadStrategy: normal, platform: XP, platformName: XP, proxy: Proxy(direct), rotatable: false, setWindowRect: true, strictFileInteractability: false, takesHeapSnapshot: true, takesScreenshot: true, timeouts: {implicit: 0, pageLoad: 300000, script: 30000}, unexpectedAlertBehaviour: ignore, unhandledPromptBehavior: ignore, version: 71.0.3578.98, webStorageEnabled: true}
Session ID: f79f4c5d2a2df1b74874abd4d0c466f2)
	at com.kms.katalon.core.keyword.internal.KeywordMain.stepFailed(KeywordMain.groovy:36)
	at com.kms.katalon.core.webui.keyword.internal.WebUIKeywordMain.stepFailed(WebUIKeywordMain.groovy:65)
	at com.kms.katalon.core.webui.keyword.internal.WebUIKeywordMain.runKeyword(WebUIKeywordMain.groovy:27)
	at com.kms.katalon.core.webui.keyword.builtin.ClickKeyword.click(ClickKeyword.groovy:86)
	at com.kms.katalon.core.webui.keyword.builtin.ClickKeyword.execute(ClickKeyword.groovy:67)
	at com.kms.katalon.core.keyword.internal.KeywordExecutor.executeKeywordForPlatform(KeywordExecutor.groovy:53)
	at com.kms.katalon.core.webui.keyword.WebUiBuiltInKeywords.click(WebUiBuiltInKeywords.groovy:616)
	at com.kms.katalon.core.webui.keyword.WebUiBuiltInKeywords$click$3.call(Unknown Source)
	at content.run(content:22)
	at com.kms.katalon.core.main.ScriptEngine.run(ScriptEngine.java:194)
	at com.kms.katalon.core.main.ScriptEngine.runScriptAsRawText(ScriptEngine.java:119)
	at com.kms.katalon.core.main.TestCaseExecutor.runScript(TestCaseExecutor.java:328)
	at com.kms.katalon.core.main.TestCaseExecutor.doExecute(TestCaseExecutor.java:319)
	at com.kms.katalon.core.main.TestCaseExecutor.processExecutionPhase(TestCaseExecutor.java:298)
	at com.kms.katalon.core.main.TestCaseExecutor.accessMainPhase(TestCaseExecutor.java:290)
	at com.kms.katalon.core.main.TestCaseExecutor.execute(TestCaseExecutor.java:224)
	at com.kms.katalon.core.main.TestSuiteExecutor.accessTestCaseMainPhase(TestSuiteExecutor.java:129)
	at com.kms.katalon.core.main.TestSuiteExecutor.accessTestSuiteMainPhase(TestSuiteExecutor.java:112)
	at com.kms.katalon.core.main.TestSuiteExecutor.execute(TestSuiteExecutor.java:81)
	at com.kms.katalon.core.main.TestCaseMain.startTestSuite(TestCaseMain.java:149)
	at com.kms.katalon.core.main.TestCaseMain$startTestSuite$0.call(Unknown Source)
	at TempTestSuite1548344864902.run(TempTestSuite1548344864902.groovy:36)
"/>
         <system-out><![CDATA[2019-01-24 15:48:09 - [TEST_CASE][FAILED] - Test Cases/spolight/Shutter-Pro Panels/view content/content: Test Cases/spolight/Shutter-Pro Panels/view content/content FAILED.
Reason:
com.kms.katalon.core.exception.StepFailedException: Unable to click on object 'Object Repository/manageSettings/Page_SpotLight  Shutter/li_ShutterSingle Shot024808 pm' (Root cause: org.openqa.selenium.WebDriverException: unknown error: Element <li tabindex="-1" class="jss15 jss5 jss8 jss12 jss13 jss3 jss1 jss26" role="menuitem">...</li> is not clickable at point (1760, 559). Other element would receive the click: <div class="SliderBarContainer__SliderBarOverlayerStyled-bjEkPa kzlWBA"></div>
  (Session info: chrome=71.0.3578.98)
  (Driver info: chromedriver=2.45.615291 (ec3682e3c9061c10f26ea9e5cdcf3c53f3f74387),platform=Windows NT 6.3.9600 x86_64) (WARNING: The server did not provide any stacktrace information)
Command duration or timeout: 0 milliseconds
Build info: version: '3.7.1', revision: '8a0099a', time: '2017-11-06T21:07:36.161Z'
System info: host: 'Z840-02', ip: '172.20.8.47', os.name: 'Windows 8.1', os.arch: 'amd64', os.version: '6.3', java.version: '1.8.0_181'
Driver info: com.kms.katalon.selenium.driver.CChromeDriver
Capabilities {acceptInsecureCerts: false, acceptSslCerts: false, applicationCacheEnabled: false, browserConnectionEnabled: false, browserName: chrome, chrome: {chromedriverVersion: 2.45.615291 (ec3682e3c9061c..., userDataDir: C:\Users\builder\AppData\Lo...}, cssSelectorsEnabled: true, databaseEnabled: false, goog:chromeOptions: {debuggerAddress: localhost:53779}, handlesAlerts: true, hasTouchScreen: false, javascriptEnabled: true, locationContextEnabled: true, mobileEmulationEnabled: false, nativeEvents: true, networkConnectionEnabled: false, pageLoadStrategy: normal, platform: XP, platformName: XP, proxy: Proxy(direct), rotatable: false, setWindowRect: true, strictFileInteractability: false, takesHeapSnapshot: true, takesScreenshot: true, timeouts: {implicit: 0, pageLoad: 300000, script: 30000}, unexpectedAlertBehaviour: ignore, unhandledPromptBehavior: ignore, version: 71.0.3578.98, webStorageEnabled: true}
Session ID: f79f4c5d2a2df1b74874abd4d0c466f2)
	at com.kms.katalon.core.keyword.internal.KeywordMain.stepFailed(KeywordMain.groovy:36)
	at com.kms.katalon.core.webui.keyword.internal.WebUIKeywordMain.stepFailed(WebUIKeywordMain.groovy:65)
	at com.kms.katalon.core.webui.keyword.internal.WebUIKeywordMain.runKeyword(WebUIKeywordMain.groovy:27)
	at com.kms.katalon.core.webui.keyword.builtin.ClickKeyword.click(ClickKeyword.groovy:86)
	at com.kms.katalon.core.webui.keyword.builtin.ClickKeyword.execute(ClickKeyword.groovy:67)
	at com.kms.katalon.core.keyword.internal.KeywordExecutor.executeKeywordForPlatform(KeywordExecutor.groovy:53)
	at com.kms.katalon.core.webui.keyword.WebUiBuiltInKeywords.click(WebUiBuiltInKeywords.groovy:616)
	at com.kms.katalon.core.webui.keyword.WebUiBuiltInKeywords$click$3.call(Unknown Source)
	at content.run(content:22)
	at com.kms.katalon.core.main.ScriptEngine.run(ScriptEngine.java:194)
	at com.kms.katalon.core.main.ScriptEngine.runScriptAsRawText(ScriptEngine.java:119)
	at com.kms.katalon.core.main.TestCaseExecutor.runScript(TestCaseExecutor.java:328)
	at com.kms.katalon.core.main.TestCaseExecutor.doExecute(TestCaseExecutor.java:319)
	at com.kms.katalon.core.main.TestCaseExecutor.processExecutionPhase(TestCaseExecutor.java:298)
	at com.kms.katalon.core.main.TestCaseExecutor.accessMainPhase(TestCaseExecutor.java:290)
	at com.kms.katalon.core.main.TestCaseExecutor.execute(TestCaseExecutor.java:224)
	at com.kms.katalon.core.main.TestSuiteExecutor.accessTestCaseMainPhase(TestSuiteExecutor.java:129)
	at com.kms.katalon.core.main.TestSuiteExecutor.accessTestSuiteMainPhase(TestSuiteExecutor.java:112)
	at com.kms.katalon.core.main.TestSuiteExecutor.execute(TestSuiteExecutor.java:81)
	at com.kms.katalon.core.main.TestCaseMain.startTestSuite(TestCaseMain.java:149)
	at com.kms.katalon.core.main.TestCaseMain$startTestSuite$0.call(Unknown Source)
	at TempTestSuite1548344864902.run(TempTestSuite1548344864902.groovy:36)


2019-01-24 15:48:09 - [TEST_STEP][PASSED] - delay(60): Delayed 60 second(s)

2019-01-24 15:49:09 - [MESSAGE][PASSED] - Delayed 60 second(s)

2019-01-24 15:49:09 - [TEST_STEP][PASSED] - waitForElementClickable(findTestObject("manageSettings/Page_SpotLight  Shutter/li_ShutterSingle Shot024808 pm"), 0): Object 'Object Repository/manageSettings/Page_SpotLight  Shutter/li_ShutterSingle Shot024808 pm' is clickable

2019-01-24 15:49:09 - [MESSAGE][WARNING] - Timeout '0' is invalid. Using default page load timeout: '30'

2019-01-24 15:49:09 - [MESSAGE][PASSED] - Object 'Object Repository/manageSettings/Page_SpotLight  Shutter/li_ShutterSingle Shot024808 pm' is clickable

2019-01-24 15:49:09 - [TEST_STEP][FAILED] - click(findTestObject("manageSettings/Page_SpotLight  Shutter/li_ShutterSingle Shot024808 pm")): click(findTestObject("manageSettings/Page_SpotLight  Shutter/li_ShutterSingle Shot024808 pm")) FAILED.
Reason:
com.kms.katalon.core.exception.StepFailedException: Unable to click on object 'Object Repository/manageSettings/Page_SpotLight  Shutter/li_ShutterSingle Shot024808 pm' (Root cause: org.openqa.selenium.WebDriverException: unknown error: Element <li tabindex="-1" class="jss15 jss5 jss8 jss12 jss13 jss3 jss1 jss26" role="menuitem">...</li> is not clickable at point (1760, 559). Other element would receive the click: <div class="SliderBarContainer__SliderBarOverlayerStyled-bjEkPa kzlWBA"></div>
  (Session info: chrome=71.0.3578.98)
  (Driver info: chromedriver=2.45.615291 (ec3682e3c9061c10f26ea9e5cdcf3c53f3f74387),platform=Windows NT 6.3.9600 x86_64) (WARNING: The server did not provide any stacktrace information)
Command duration or timeout: 0 milliseconds
Build info: version: '3.7.1', revision: '8a0099a', time: '2017-11-06T21:07:36.161Z'
System info: host: 'Z840-02', ip: '172.20.8.47', os.name: 'Windows 8.1', os.arch: 'amd64', os.version: '6.3', java.version: '1.8.0_181'
Driver info: com.kms.katalon.selenium.driver.CChromeDriver
Capabilities {acceptInsecureCerts: false, acceptSslCerts: false, applicationCacheEnabled: false, browserConnectionEnabled: false, browserName: chrome, chrome: {chromedriverVersion: 2.45.615291 (ec3682e3c9061c..., userDataDir: C:\Users\builder\AppData\Lo...}, cssSelectorsEnabled: true, databaseEnabled: false, goog:chromeOptions: {debuggerAddress: localhost:53779}, handlesAlerts: true, hasTouchScreen: false, javascriptEnabled: true, locationContextEnabled: true, mobileEmulationEnabled: false, nativeEvents: true, networkConnectionEnabled: false, pageLoadStrategy: normal, platform: XP, platformName: XP, proxy: Proxy(direct), rotatable: false, setWindowRect: true, strictFileInteractability: false, takesHeapSnapshot: true, takesScreenshot: true, timeouts: {implicit: 0, pageLoad: 300000, script: 30000}, unexpectedAlertBehaviour: ignore, unhandledPromptBehavior: ignore, version: 71.0.3578.98, webStorageEnabled: true}
Session ID: f79f4c5d2a2df1b74874abd4d0c466f2)
	at com.kms.katalon.core.keyword.internal.KeywordMain.stepFailed(KeywordMain.groovy:36)
	at com.kms.katalon.core.webui.keyword.internal.WebUIKeywordMain.stepFailed(WebUIKeywordMain.groovy:65)
	at com.kms.katalon.core.webui.keyword.internal.WebUIKeywordMain.runKeyword(WebUIKeywordMain.groovy:27)
	at com.kms.katalon.core.webui.keyword.builtin.ClickKeyword.click(ClickKeyword.groovy:86)
	at com.kms.katalon.core.webui.keyword.builtin.ClickKeyword.execute(ClickKeyword.groovy:67)
	at com.kms.katalon.core.keyword.internal.KeywordExecutor.executeKeywordForPlatform(KeywordExecutor.groovy:53)
	at com.kms.katalon.core.webui.keyword.WebUiBuiltInKeywords.click(WebUiBuiltInKeywords.groovy:616)
	at com.kms.katalon.core.webui.keyword.WebUiBuiltInKeywords$click$3.call(Unknown Source)
	at content.run(content:22)
	at com.kms.katalon.core.main.ScriptEngine.run(ScriptEngine.java:194)
	at com.kms.katalon.core.main.ScriptEngine.runScriptAsRawText(ScriptEngine.java:119)
	at com.kms.katalon.core.main.TestCaseExecutor.runScript(TestCaseExecutor.java:328)
	at com.kms.katalon.core.main.TestCaseExecutor.doExecute(TestCaseExecutor.java:319)
	at com.kms.katalon.core.main.TestCaseExecutor.processExecutionPhase(TestCaseExecutor.java:298)
	at com.kms.katalon.core.main.TestCaseExecutor.accessMainPhase(TestCaseExecutor.java:290)
	at com.kms.katalon.core.main.TestCaseExecutor.execute(TestCaseExecutor.java:224)
	at com.kms.katalon.core.main.TestSuiteExecutor.accessTestCaseMainPhase(TestSuiteExecutor.java:129)
	at com.kms.katalon.core.main.TestSuiteExecutor.accessTestSuiteMainPhase(TestSuiteExecutor.java:112)
	at com.kms.katalon.core.main.TestSuiteExecutor.execute(TestSuiteExecutor.java:81)
	at com.kms.katalon.core.main.TestCaseMain.startTestSuite(TestCaseMain.java:149)
	at com.kms.katalon.core.main.TestCaseMain$startTestSuite$0.call(Unknown Source)
	at TempTestSuite1548344864902.run(TempTestSuite1548344864902.groovy:36)


2019-01-24 15:49:10 - [MESSAGE][FAILED] - Unable to click on object 'Object Repository/manageSettings/Page_SpotLight  Shutter/li_ShutterSingle Shot024808 pm' (Root cause: org.openqa.selenium.WebDriverException: unknown error: Element <li tabindex="-1" class="jss15 jss5 jss8 jss12 jss13 jss3 jss1 jss26" role="menuitem">...</li> is not clickable at point (1760, 559). Other element would receive the click: <div class="SliderBarContainer__SliderBarOverlayerStyled-bjEkPa kzlWBA"></div>
  (Session info: chrome=71.0.3578.98)
  (Driver info: chromedriver=2.45.615291 (ec3682e3c9061c10f26ea9e5cdcf3c53f3f74387),platform=Windows NT 6.3.9600 x86_64) (WARNING: The server did not provide any stacktrace information)
Command duration or timeout: 0 milliseconds
Build info: version: '3.7.1', revision: '8a0099a', time: '2017-11-06T21:07:36.161Z'
System info: host: 'Z840-02', ip: '172.20.8.47', os.name: 'Windows 8.1', os.arch: 'amd64', os.version: '6.3', java.version: '1.8.0_181'
Driver info: com.kms.katalon.selenium.driver.CChromeDriver
Capabilities {acceptInsecureCerts: false, acceptSslCerts: false, applicationCacheEnabled: false, browserConnectionEnabled: false, browserName: chrome, chrome: {chromedriverVersion: 2.45.615291 (ec3682e3c9061c..., userDataDir: C:\Users\builder\AppData\Lo...}, cssSelectorsEnabled: true, databaseEnabled: false, goog:chromeOptions: {debuggerAddress: localhost:53779}, handlesAlerts: true, hasTouchScreen: false, javascriptEnabled: true, locationContextEnabled: true, mobileEmulationEnabled: false, nativeEvents: true, networkConnectionEnabled: false, pageLoadStrategy: normal, platform: XP, platformName: XP, proxy: Proxy(direct), rotatable: false, setWindowRect: true, strictFileInteractability: false, takesHeapSnapshot: true, takesScreenshot: true, timeouts: {implicit: 0, pageLoad: 300000, script: 30000}, unexpectedAlertBehaviour: ignore, unhandledPromptBehavior: ignore, version: 71.0.3578.98, webStorageEnabled: true}
Session ID: f79f4c5d2a2df1b74874abd4d0c466f2)
[[ATTACHMENT|C:\\Users\\builder\\Desktop\\katalon\\Automation\\Reports\\shutter-pack\\20190124_154744\\1548344950101.png]]

2019-01-24 15:49:10 - [MESSAGE][FAILED] - click(findTestObject("manageSettings/Page_SpotLight  Shutter/li_ShutterSingle Shot024808 pm")) FAILED.
Reason:
com.kms.katalon.core.exception.StepFailedException: Unable to click on object 'Object Repository/manageSettings/Page_SpotLight  Shutter/li_ShutterSingle Shot024808 pm' (Root cause: org.openqa.selenium.WebDriverException: unknown error: Element <li tabindex="-1" class="jss15 jss5 jss8 jss12 jss13 jss3 jss1 jss26" role="menuitem">...</li> is not clickable at point (1760, 559). Other element would receive the click: <div class="SliderBarContainer__SliderBarOverlayerStyled-bjEkPa kzlWBA"></div>
  (Session info: chrome=71.0.3578.98)
  (Driver info: chromedriver=2.45.615291 (ec3682e3c9061c10f26ea9e5cdcf3c53f3f74387),platform=Windows NT 6.3.9600 x86_64) (WARNING: The server did not provide any stacktrace information)
Command duration or timeout: 0 milliseconds
Build info: version: '3.7.1', revision: '8a0099a', time: '2017-11-06T21:07:36.161Z'
System info: host: 'Z840-02', ip: '172.20.8.47', os.name: 'Windows 8.1', os.arch: 'amd64', os.version: '6.3', java.version: '1.8.0_181'
Driver info: com.kms.katalon.selenium.driver.CChromeDriver
Capabilities {acceptInsecureCerts: false, acceptSslCerts: false, applicationCacheEnabled: false, browserConnectionEnabled: false, browserName: chrome, chrome: {chromedriverVersion: 2.45.615291 (ec3682e3c9061c..., userDataDir: C:\Users\builder\AppData\Lo...}, cssSelectorsEnabled: true, databaseEnabled: false, goog:chromeOptions: {debuggerAddress: localhost:53779}, handlesAlerts: true, hasTouchScreen: false, javascriptEnabled: true, locationContextEnabled: true, mobileEmulationEnabled: false, nativeEvents: true, networkConnectionEnabled: false, pageLoadStrategy: normal, platform: XP, platformName: XP, proxy: Proxy(direct), rotatable: false, setWindowRect: true, strictFileInteractability: false, takesHeapSnapshot: true, takesScreenshot: true, timeouts: {implicit: 0, pageLoad: 300000, script: 30000}, unexpectedAlertBehaviour: ignore, unhandledPromptBehavior: ignore, version: 71.0.3578.98, webStorageEnabled: true}
Session ID: f79f4c5d2a2df1b74874abd4d0c466f2)
	at com.kms.katalon.core.keyword.internal.KeywordMain.stepFailed(KeywordMain.groovy:36)
	at com.kms.katalon.core.webui.keyword.internal.WebUIKeywordMain.stepFailed(WebUIKeywordMain.groovy:65)
	at com.kms.katalon.core.webui.keyword.internal.WebUIKeywordMain.runKeyword(WebUIKeywordMain.groovy:27)
	at com.kms.katalon.core.webui.keyword.builtin.ClickKeyword.click(ClickKeyword.groovy:86)
	at com.kms.katalon.core.webui.keyword.builtin.ClickKeyword.execute(ClickKeyword.groovy:67)
	at com.kms.katalon.core.keyword.internal.KeywordExecutor.executeKeywordForPlatform(KeywordExecutor.groovy:53)
	at com.kms.katalon.core.webui.keyword.WebUiBuiltInKeywords.click(WebUiBuiltInKeywords.groovy:616)
	at com.kms.katalon.core.webui.keyword.WebUiBuiltInKeywords$click$3.call(Unknown Source)
	at content.run(content:22)
	at com.kms.katalon.core.main.ScriptEngine.run(ScriptEngine.java:194)
	at com.kms.katalon.core.main.ScriptEngine.runScriptAsRawText(ScriptEngine.java:119)
	at com.kms.katalon.core.main.TestCaseExecutor.runScript(TestCaseExecutor.java:328)
	at com.kms.katalon.core.main.TestCaseExecutor.doExecute(TestCaseExecutor.java:319)
	at com.kms.katalon.core.main.TestCaseExecutor.processExecutionPhase(TestCaseExecutor.java:298)
	at com.kms.katalon.core.main.TestCaseExecutor.accessMainPhase(TestCaseExecutor.java:290)
	at com.kms.katalon.core.main.TestCaseExecutor.execute(TestCaseExecutor.java:224)
	at com.kms.katalon.core.main.TestSuiteExecutor.accessTestCaseMainPhase(TestSuiteExecutor.java:129)
	at com.kms.katalon.core.main.TestSuiteExecutor.accessTestSuiteMainPhase(TestSuiteExecutor.java:112)
	at com.kms.katalon.core.main.TestSuiteExecutor.execute(TestSuiteExecutor.java:81)
	at com.kms.katalon.core.main.TestCaseMain.startTestSuite(TestCaseMain.java:149)
	at com.kms.katalon.core.main.TestCaseMain$startTestSuite$0.call(Unknown Source)
	at TempTestSuite1548344864902.run(TempTestSuite1548344864902.groovy:36)]]></system-out>
         <system-err><![CDATA[2019-01-24 15:48:09 - [TEST_CASE][FAILED] - Test Cases/spolight/Shutter-Pro Panels/view content/content: Test Cases/spolight/Shutter-Pro Panels/view content/content FAILED.
Reason:
com.kms.katalon.core.exception.StepFailedException: Unable to click on object 'Object Repository/manageSettings/Page_SpotLight  Shutter/li_ShutterSingle Shot024808 pm' (Root cause: org.openqa.selenium.WebDriverException: unknown error: Element <li tabindex="-1" class="jss15 jss5 jss8 jss12 jss13 jss3 jss1 jss26" role="menuitem">...</li> is not clickable at point (1760, 559). Other element would receive the click: <div class="SliderBarContainer__SliderBarOverlayerStyled-bjEkPa kzlWBA"></div>
  (Session info: chrome=71.0.3578.98)
  (Driver info: chromedriver=2.45.615291 (ec3682e3c9061c10f26ea9e5cdcf3c53f3f74387),platform=Windows NT 6.3.9600 x86_64) (WARNING: The server did not provide any stacktrace information)
Command duration or timeout: 0 milliseconds
Build info: version: '3.7.1', revision: '8a0099a', time: '2017-11-06T21:07:36.161Z'
System info: host: 'Z840-02', ip: '172.20.8.47', os.name: 'Windows 8.1', os.arch: 'amd64', os.version: '6.3', java.version: '1.8.0_181'
Driver info: com.kms.katalon.selenium.driver.CChromeDriver
Capabilities {acceptInsecureCerts: false, acceptSslCerts: false, applicationCacheEnabled: false, browserConnectionEnabled: false, browserName: chrome, chrome: {chromedriverVersion: 2.45.615291 (ec3682e3c9061c..., userDataDir: C:\Users\builder\AppData\Lo...}, cssSelectorsEnabled: true, databaseEnabled: false, goog:chromeOptions: {debuggerAddress: localhost:53779}, handlesAlerts: true, hasTouchScreen: false, javascriptEnabled: true, locationContextEnabled: true, mobileEmulationEnabled: false, nativeEvents: true, networkConnectionEnabled: false, pageLoadStrategy: normal, platform: XP, platformName: XP, proxy: Proxy(direct), rotatable: false, setWindowRect: true, strictFileInteractability: false, takesHeapSnapshot: true, takesScreenshot: true, timeouts: {implicit: 0, pageLoad: 300000, script: 30000}, unexpectedAlertBehaviour: ignore, unhandledPromptBehavior: ignore, version: 71.0.3578.98, webStorageEnabled: true}
Session ID: f79f4c5d2a2df1b74874abd4d0c466f2)
	at com.kms.katalon.core.keyword.internal.KeywordMain.stepFailed(KeywordMain.groovy:36)
	at com.kms.katalon.core.webui.keyword.internal.WebUIKeywordMain.stepFailed(WebUIKeywordMain.groovy:65)
	at com.kms.katalon.core.webui.keyword.internal.WebUIKeywordMain.runKeyword(WebUIKeywordMain.groovy:27)
	at com.kms.katalon.core.webui.keyword.builtin.ClickKeyword.click(ClickKeyword.groovy:86)
	at com.kms.katalon.core.webui.keyword.builtin.ClickKeyword.execute(ClickKeyword.groovy:67)
	at com.kms.katalon.core.keyword.internal.KeywordExecutor.executeKeywordForPlatform(KeywordExecutor.groovy:53)
	at com.kms.katalon.core.webui.keyword.WebUiBuiltInKeywords.click(WebUiBuiltInKeywords.groovy:616)
	at com.kms.katalon.core.webui.keyword.WebUiBuiltInKeywords$click$3.call(Unknown Source)
	at content.run(content:22)
	at com.kms.katalon.core.main.ScriptEngine.run(ScriptEngine.java:194)
	at com.kms.katalon.core.main.ScriptEngine.runScriptAsRawText(ScriptEngine.java:119)
	at com.kms.katalon.core.main.TestCaseExecutor.runScript(TestCaseExecutor.java:328)
	at com.kms.katalon.core.main.TestCaseExecutor.doExecute(TestCaseExecutor.java:319)
	at com.kms.katalon.core.main.TestCaseExecutor.processExecutionPhase(TestCaseExecutor.java:298)
	at com.kms.katalon.core.main.TestCaseExecutor.accessMainPhase(TestCaseExecutor.java:290)
	at com.kms.katalon.core.main.TestCaseExecutor.execute(TestCaseExecutor.java:224)
	at com.kms.katalon.core.main.TestSuiteExecutor.accessTestCaseMainPhase(TestSuiteExecutor.java:129)
	at com.kms.katalon.core.main.TestSuiteExecutor.accessTestSuiteMainPhase(TestSuiteExecutor.java:112)
	at com.kms.katalon.core.main.TestSuiteExecutor.execute(TestSuiteExecutor.java:81)
	at com.kms.katalon.core.main.TestCaseMain.startTestSuite(TestCaseMain.java:149)
	at com.kms.katalon.core.main.TestCaseMain$startTestSuite$0.call(Unknown Source)
	at TempTestSuite1548344864902.run(TempTestSuite1548344864902.groovy:36)]]></system-err>
      </testcase>
      <system-out><![CDATA[2019-01-24 15:47:46 - [TEST_SUITE][FAILED] - shutter-pack: Test Cases/spolight/Shutter-Pro Panels/view content/content FAILED.
Reason:
com.kms.katalon.core.exception.StepFailedException: Unable to click on object 'Object Repository/manageSettings/Page_SpotLight  Shutter/li_ShutterSingle Shot024808 pm' (Root cause: org.openqa.selenium.WebDriverException: unknown error: Element <li tabindex="-1" class="jss15 jss5 jss8 jss12 jss13 jss3 jss1 jss26" role="menuitem">...</li> is not clickable at point (1760, 559). Other element would receive the click: <div class="SliderBarContainer__SliderBarOverlayerStyled-bjEkPa kzlWBA"></div>
  (Session info: chrome=71.0.3578.98)
  (Driver info: chromedriver=2.45.615291 (ec3682e3c9061c10f26ea9e5cdcf3c53f3f74387),platform=Windows NT 6.3.9600 x86_64) (WARNING: The server did not provide any stacktrace information)
Command duration or timeout: 0 milliseconds
Build info: version: '3.7.1', revision: '8a0099a', time: '2017-11-06T21:07:36.161Z'
System info: host: 'Z840-02', ip: '172.20.8.47', os.name: 'Windows 8.1', os.arch: 'amd64', os.version: '6.3', java.version: '1.8.0_181'
Driver info: com.kms.katalon.selenium.driver.CChromeDriver
Capabilities {acceptInsecureCerts: false, acceptSslCerts: false, applicationCacheEnabled: false, browserConnectionEnabled: false, browserName: chrome, chrome: {chromedriverVersion: 2.45.615291 (ec3682e3c9061c..., userDataDir: C:\Users\builder\AppData\Lo...}, cssSelectorsEnabled: true, databaseEnabled: false, goog:chromeOptions: {debuggerAddress: localhost:53779}, handlesAlerts: true, hasTouchScreen: false, javascriptEnabled: true, locationContextEnabled: true, mobileEmulationEnabled: false, nativeEvents: true, networkConnectionEnabled: false, pageLoadStrategy: normal, platform: XP, platformName: XP, proxy: Proxy(direct), rotatable: false, setWindowRect: true, strictFileInteractability: false, takesHeapSnapshot: true, takesScreenshot: true, timeouts: {implicit: 0, pageLoad: 300000, script: 30000}, unexpectedAlertBehaviour: ignore, unhandledPromptBehavior: ignore, version: 71.0.3578.98, webStorageEnabled: true}
Session ID: f79f4c5d2a2df1b74874abd4d0c466f2)
	at com.kms.katalon.core.keyword.internal.KeywordMain.stepFailed(KeywordMain.groovy:36)
	at com.kms.katalon.core.webui.keyword.internal.WebUIKeywordMain.stepFailed(WebUIKeywordMain.groovy:65)
	at com.kms.katalon.core.webui.keyword.internal.WebUIKeywordMain.runKeyword(WebUIKeywordMain.groovy:27)
	at com.kms.katalon.core.webui.keyword.builtin.ClickKeyword.click(ClickKeyword.groovy:86)
	at com.kms.katalon.core.webui.keyword.builtin.ClickKeyword.execute(ClickKeyword.groovy:67)
	at com.kms.katalon.core.keyword.internal.KeywordExecutor.executeKeywordForPlatform(KeywordExecutor.groovy:53)
	at com.kms.katalon.core.webui.keyword.WebUiBuiltInKeywords.click(WebUiBuiltInKeywords.groovy:616)
	at com.kms.katalon.core.webui.keyword.WebUiBuiltInKeywords$click$3.call(Unknown Source)
	at content.run(content:22)
	at com.kms.katalon.core.main.ScriptEngine.run(ScriptEngine.java:194)
	at com.kms.katalon.core.main.ScriptEngine.runScriptAsRawText(ScriptEngine.java:119)
	at com.kms.katalon.core.main.TestCaseExecutor.runScript(TestCaseExecutor.java:328)
	at com.kms.katalon.core.main.TestCaseExecutor.doExecute(TestCaseExecutor.java:319)
	at com.kms.katalon.core.main.TestCaseExecutor.processExecutionPhase(TestCaseExecutor.java:298)
	at com.kms.katalon.core.main.TestCaseExecutor.accessMainPhase(TestCaseExecutor.java:290)
	at com.kms.katalon.core.main.TestCaseExecutor.execute(TestCaseExecutor.java:224)
	at com.kms.katalon.core.main.TestSuiteExecutor.accessTestCaseMainPhase(TestSuiteExecutor.java:129)
	at com.kms.katalon.core.main.TestSuiteExecutor.accessTestSuiteMainPhase(TestSuiteExecutor.java:112)
	at com.kms.katalon.core.main.TestSuiteExecutor.execute(TestSuiteExecutor.java:81)
	at com.kms.katalon.core.main.TestCaseMain.startTestSuite(TestCaseMain.java:149)
	at com.kms.katalon.core.main.TestCaseMain$startTestSuite$0.call(Unknown Source)
	at TempTestSuite1548344864902.run(TempTestSuite1548344864902.groovy:36)]]></system-out>
      <system-err><![CDATA[2019-01-24 15:47:46 - [TEST_SUITE][FAILED] - shutter-pack: Test Cases/spolight/Shutter-Pro Panels/view content/content FAILED.
Reason:
com.kms.katalon.core.exception.StepFailedException: Unable to click on object 'Object Repository/manageSettings/Page_SpotLight  Shutter/li_ShutterSingle Shot024808 pm' (Root cause: org.openqa.selenium.WebDriverException: unknown error: Element <li tabindex="-1" class="jss15 jss5 jss8 jss12 jss13 jss3 jss1 jss26" role="menuitem">...</li> is not clickable at point (1760, 559). Other element would receive the click: <div class="SliderBarContainer__SliderBarOverlayerStyled-bjEkPa kzlWBA"></div>
  (Session info: chrome=71.0.3578.98)
  (Driver info: chromedriver=2.45.615291 (ec3682e3c9061c10f26ea9e5cdcf3c53f3f74387),platform=Windows NT 6.3.9600 x86_64) (WARNING: The server did not provide any stacktrace information)
Command duration or timeout: 0 milliseconds
Build info: version: '3.7.1', revision: '8a0099a', time: '2017-11-06T21:07:36.161Z'
System info: host: 'Z840-02', ip: '172.20.8.47', os.name: 'Windows 8.1', os.arch: 'amd64', os.version: '6.3', java.version: '1.8.0_181'
Driver info: com.kms.katalon.selenium.driver.CChromeDriver
Capabilities {acceptInsecureCerts: false, acceptSslCerts: false, applicationCacheEnabled: false, browserConnectionEnabled: false, browserName: chrome, chrome: {chromedriverVersion: 2.45.615291 (ec3682e3c9061c..., userDataDir: C:\Users\builder\AppData\Lo...}, cssSelectorsEnabled: true, databaseEnabled: false, goog:chromeOptions: {debuggerAddress: localhost:53779}, handlesAlerts: true, hasTouchScreen: false, javascriptEnabled: true, locationContextEnabled: true, mobileEmulationEnabled: false, nativeEvents: true, networkConnectionEnabled: false, pageLoadStrategy: normal, platform: XP, platformName: XP, proxy: Proxy(direct), rotatable: false, setWindowRect: true, strictFileInteractability: false, takesHeapSnapshot: true, takesScreenshot: true, timeouts: {implicit: 0, pageLoad: 300000, script: 30000}, unexpectedAlertBehaviour: ignore, unhandledPromptBehavior: ignore, version: 71.0.3578.98, webStorageEnabled: true}
Session ID: f79f4c5d2a2df1b74874abd4d0c466f2)
	at com.kms.katalon.core.keyword.internal.KeywordMain.stepFailed(KeywordMain.groovy:36)
	at com.kms.katalon.core.webui.keyword.internal.WebUIKeywordMain.stepFailed(WebUIKeywordMain.groovy:65)
	at com.kms.katalon.core.webui.keyword.internal.WebUIKeywordMain.runKeyword(WebUIKeywordMain.groovy:27)
	at com.kms.katalon.core.webui.keyword.builtin.ClickKeyword.click(ClickKeyword.groovy:86)
	at com.kms.katalon.core.webui.keyword.builtin.ClickKeyword.execute(ClickKeyword.groovy:67)
	at com.kms.katalon.core.keyword.internal.KeywordExecutor.executeKeywordForPlatform(KeywordExecutor.groovy:53)
	at com.kms.katalon.core.webui.keyword.WebUiBuiltInKeywords.click(WebUiBuiltInKeywords.groovy:616)
	at com.kms.katalon.core.webui.keyword.WebUiBuiltInKeywords$click$3.call(Unknown Source)
	at content.run(content:22)
	at com.kms.katalon.core.main.ScriptEngine.run(ScriptEngine.java:194)
	at com.kms.katalon.core.main.ScriptEngine.runScriptAsRawText(ScriptEngine.java:119)
	at com.kms.katalon.core.main.TestCaseExecutor.runScript(TestCaseExecutor.java:328)
	at com.kms.katalon.core.main.TestCaseExecutor.doExecute(TestCaseExecutor.java:319)
	at com.kms.katalon.core.main.TestCaseExecutor.processExecutionPhase(TestCaseExecutor.java:298)
	at com.kms.katalon.core.main.TestCaseExecutor.accessMainPhase(TestCaseExecutor.java:290)
	at com.kms.katalon.core.main.TestCaseExecutor.execute(TestCaseExecutor.java:224)
	at com.kms.katalon.core.main.TestSuiteExecutor.accessTestCaseMainPhase(TestSuiteExecutor.java:129)
	at com.kms.katalon.core.main.TestSuiteExecutor.accessTestSuiteMainPhase(TestSuiteExecutor.java:112)
	at com.kms.katalon.core.main.TestSuiteExecutor.execute(TestSuiteExecutor.java:81)
	at com.kms.katalon.core.main.TestCaseMain.startTestSuite(TestCaseMain.java:149)
	at com.kms.katalon.core.main.TestCaseMain$startTestSuite$0.call(Unknown Source)
	at TempTestSuite1548344864902.run(TempTestSuite1548344864902.groovy:36)]]></system-err>
   </testsuite>
</testsuites>
