<?xml version="1.0" encoding="UTF-8"?>
<testsuites name="test" time="44" tests="10" failures="1" errors="0">
   <testsuite name="test" tests="10" failures="1" errors="0" time="44" timestamp="2019-01-11 15:40:33" hostname="builder - Z840-02.ZL.LIMITED" id="Test Suites/test">
      <properties>
         <property name="deviceName" value=""/>
         <property name="devicePlatform" value=""/>
         <property name="logFolder" value="C:\\Users\\builder\\Desktop\\katalon\\Automation\\Reports\\test\\20190111_154031"/>
         <property name="logFiles" value="C:\\Users\\builder\\Desktop\\katalon\\Automation\\Reports\\test\\20190111_154031\\execution0.log"/>
         <property name="attachments" value="C:\\Users\\builder\\Desktop\\katalon\\Automation\\Reports\\test\\20190111_154031\\1547221245745.png"/>
         <property name="hostName" value="builder - Z840-02.ZL.LIMITED"/>
         <property name="os" value="Windows 8.1 64bit"/>
         <property name="katalonVersion" value="5.10.1.1"/>
         <property name="browser" value="Chrome 71.0.3578.98"/>
         <property name="hostAddress" value="172.20.8.47"/>
         <property name="sessionId" value="764b719508a6527e4160ab8d5b179852"/>
         <property name="seleniumVersion" value="3.7.1"/>
         <property name="proxyInformation" value="ProxyInformation{proxyOption=NO_PROXY, proxyServerType=HTTP, password=, proxyServerAddress=, proxyServerPort=0}"/>
         <property name="platform" value="Windows 8.1"/>
      </properties>
      <testcase name="Test Cases/spolight/logging in/login" classname="Test Cases/spolight/logging in/login" status="PASSED">
         <system-out><![CDATA[2019-01-11 15:40:33 - [TEST_CASE][PASSED] - Test Cases/spolight/logging in/login: Test Cases/spolight/logging in/login

2019-01-11 15:40:33 - [TEST_STEP][PASSED] - openBrowser(""): Browser is opened with url: ''

2019-01-11 15:40:33 - [MESSAGE][INFO] - Starting 'Chrome' driver

2019-01-11 15:40:33 - [MESSAGE][INFO] - Action delay is set to 0 seconds

2019-01-11 15:40:36 - [MESSAGE][PASSED] - Browser is opened with url: ''

2019-01-11 15:40:36 - [TEST_STEP][PASSED] - navigateToUrl("https://spotlightsuite.com/auth/login"): Navigate to 'https://spotlightsuite.com/auth/login' successfully

2019-01-11 15:40:37 - [MESSAGE][PASSED] - Navigate to 'https://spotlightsuite.com/auth/login' successfully

2019-01-11 15:40:37 - [TEST_STEP][PASSED] - maximizeWindow(): Current window maximized

2019-01-11 15:40:39 - [MESSAGE][PASSED] - Current window maximized

2019-01-11 15:40:39 - [TEST_STEP][PASSED] - waitForPageLoad(0): Wait for page load successfully

2019-01-11 15:40:39 - [MESSAGE][WARNING] - Timeout '0' is invalid. Using default page load timeout: '30'

2019-01-11 15:40:39 - [MESSAGE][PASSED] - Wait for page load successfully

2019-01-11 15:40:39 - [TEST_STEP][PASSED] - click(findTestObject("Page_SpotLight  Login/input_Email_undefined-Email-un")): Object: 'Object Repository/Page_SpotLight  Login/input_Email_undefined-Email-un' is clicked on

2019-01-11 15:40:39 - [MESSAGE][PASSED] - Object: 'Object Repository/Page_SpotLight  Login/input_Email_undefined-Email-un' is clicked on

2019-01-11 15:40:39 - [TEST_STEP][PASSED] - sendKeys(findTestObject("Page_SpotLight  Login/input_Email_undefined-Email-un"), findTestData("login spotlight").getValue(1, 1)): Keys 'jack.fletcher' sent to object: 'Object Repository/Page_SpotLight  Login/input_Email_undefined-Email-un'

2019-01-11 15:40:40 - [MESSAGE][PASSED] - Keys 'jack.fletcher' sent to object: 'Object Repository/Page_SpotLight  Login/input_Email_undefined-Email-un'

2019-01-11 15:40:40 - [TEST_STEP][PASSED] - click(findTestObject("Page_SpotLight  Login/input_Password_undefined-Passw")): Object: 'Object Repository/Page_SpotLight  Login/input_Password_undefined-Passw' is clicked on

2019-01-11 15:40:40 - [MESSAGE][PASSED] - Object: 'Object Repository/Page_SpotLight  Login/input_Password_undefined-Passw' is clicked on

2019-01-11 15:40:40 - [TEST_STEP][PASSED] - sendKeys(findTestObject("Page_SpotLight  Login/input_Password_undefined-Passw"), findTestData("login spotlight").getValue(2, 1)): Keys '11235813Drag0nforc' sent to object: 'Object Repository/Page_SpotLight  Login/input_Password_undefined-Passw'

2019-01-11 15:40:40 - [MESSAGE][PASSED] - Keys '11235813Drag0nforc' sent to object: 'Object Repository/Page_SpotLight  Login/input_Password_undefined-Passw'

2019-01-11 15:40:40 - [TEST_STEP][PASSED] - click(findTestObject("Page_SpotLight  Login/input_Forgot my password_Butto")): Object: 'Object Repository/Page_SpotLight  Login/input_Forgot my password_Butto' is clicked on

2019-01-11 15:40:40 - [MESSAGE][PASSED] - Object: 'Object Repository/Page_SpotLight  Login/input_Forgot my password_Butto' is clicked on]]></system-out>
         <system-err><![CDATA[]]></system-err>
      </testcase>
      <testcase name="Test Cases/spolight/service choice/Lamborghini (prelive)" classname="Test Cases/spolight/service choice/Lamborghini (prelive)" status="PASSED">
         <system-out><![CDATA[2019-01-11 15:40:40 - [TEST_CASE][PASSED] - Test Cases/spolight/service choice/Lamborghini (prelive): Test Cases/spolight/service choice/Lamborghini (prelive)

2019-01-11 15:40:40 - [TEST_STEP][PASSED] - click(findTestObject("Page_SpotLight  Login/button_ZLCC Stage")): Object: 'Object Repository/Page_SpotLight  Login/button_ZLCC Stage' is clicked on

2019-01-11 15:40:41 - [MESSAGE][PASSED] - Object: 'Object Repository/Page_SpotLight  Login/button_ZLCC Stage' is clicked on

2019-01-11 15:40:41 - [TEST_STEP][PASSED] - delay(1): Delayed 1 second(s)

2019-01-11 15:40:42 - [MESSAGE][PASSED] - Delayed 1 second(s)

2019-01-11 15:40:42 - [TEST_STEP][PASSED] - click(findTestObject("Services/li_Lamborghini (prelive)")): Object: 'Object Repository/Services/li_Lamborghini (prelive)' is clicked on

2019-01-11 15:40:42 - [MESSAGE][PASSED] - Object: 'Object Repository/Services/li_Lamborghini (prelive)' is clicked on

2019-01-11 15:40:42 - [TEST_STEP][PASSED] - click(findTestObject("Page_SpotLight  Login/input_ZLCC Stage_Button__Super")): Object: 'Object Repository/Page_SpotLight  Login/input_ZLCC Stage_Button__Super' is clicked on

2019-01-11 15:40:42 - [MESSAGE][PASSED] - Object: 'Object Repository/Page_SpotLight  Login/input_ZLCC Stage_Button__Super' is clicked on]]></system-out>
         <system-err><![CDATA[]]></system-err>
      </testcase>
      <testcase name="Test Cases/spolight/Select Your Application/Bespoke - Brochure" classname="Test Cases/spolight/Select Your Application/Bespoke - Brochure" status="PASSED">
         <system-out><![CDATA[2019-01-11 15:40:42 - [TEST_CASE][PASSED] - Test Cases/spolight/Select Your Application/Bespoke - Brochure: Test Cases/spolight/Select Your Application/Bespoke - Brochure

2019-01-11 15:40:42 - [TEST_STEP][PASSED] - click(findTestObject("pick your apps/Page_SpotLight  Select App - bespoke borchure/a")): Object: 'Object Repository/pick your apps/Page_SpotLight  Select App - bespoke borchure/a' is clicked on

2019-01-11 15:40:43 - [MESSAGE][PASSED] - Object: 'Object Repository/pick your apps/Page_SpotLight  Select App - bespoke borchure/a' is clicked on

2019-01-11 15:40:43 - [TEST_STEP][PASSED] - delay(1): Delayed 1 second(s)

2019-01-11 15:40:44 - [MESSAGE][PASSED] - Delayed 1 second(s)

2019-01-11 15:40:44 - [TEST_STEP][PASSED] - click(findTestObject("pick your apps/Page_SpotLight  Select App - bespoke borchure/button_Open Application")): Object: 'Object Repository/pick your apps/Page_SpotLight  Select App - bespoke borchure/button_Open Application' is clicked on

2019-01-11 15:40:44 - [MESSAGE][PASSED] - Object: 'Object Repository/pick your apps/Page_SpotLight  Select App - bespoke borchure/button_Open Application' is clicked on]]></system-out>
         <system-err><![CDATA[]]></system-err>
      </testcase>
      <testcase name="Test Cases/spolight/cars/Huracan" classname="Test Cases/spolight/cars/Huracan" status="PASSED">
         <system-out><![CDATA[2019-01-11 15:40:44 - [TEST_CASE][PASSED] - Test Cases/spolight/cars/Huracan: Test Cases/spolight/cars/Huracan

2019-01-11 15:40:44 - [TEST_STEP][PASSED] - click(findTestObject("Page_SpotLight  Select Car/div_Huracan")): Object: 'Object Repository/Page_SpotLight  Select Car/div_Huracan' is clicked on

2019-01-11 15:40:45 - [MESSAGE][PASSED] - Object: 'Object Repository/Page_SpotLight  Select Car/div_Huracan' is clicked on]]></system-out>
         <system-err><![CDATA[]]></system-err>
      </testcase>
      <testcase name="Test Cases/spolight/Bespoke Brochure Panels/Ray-Traced Reflections/enable" classname="Test Cases/spolight/Bespoke Brochure Panels/Ray-Traced Reflections/enable" status="PASSED">
         <system-out><![CDATA[2019-01-11 15:40:45 - [TEST_CASE][PASSED] - Test Cases/spolight/Bespoke Brochure Panels/Ray-Traced Reflections/enable: Test Cases/spolight/Bespoke Brochure Panels/Ray-Traced Reflections/enable

2019-01-11 15:40:45 - [TEST_STEP][PASSED] - click(findTestObject("Bespoke_Brochure/Ray-traced Reflections/Page_SpotLight  Bespoke BROCHURE/button")): Object: 'Object Repository/Bespoke_Brochure/Ray-traced Reflections/Page_SpotLight  Bespoke BROCHURE/button' is clicked on

2019-01-11 15:40:45 - [MESSAGE][PASSED] - Object: 'Object Repository/Bespoke_Brochure/Ray-traced Reflections/Page_SpotLight  Bespoke BROCHURE/button' is clicked on

2019-01-11 15:40:45 - [TEST_STEP][PASSED] - click(findTestObject("Bespoke_Brochure/Ray-traced Reflections/Page_SpotLight  Bespoke BROCHURE/div_Enabled")): Object: 'Object Repository/Bespoke_Brochure/Ray-traced Reflections/Page_SpotLight  Bespoke BROCHURE/div_Enabled' is clicked on

2019-01-11 15:40:45 - [MESSAGE][PASSED] - Object: 'Object Repository/Bespoke_Brochure/Ray-traced Reflections/Page_SpotLight  Bespoke BROCHURE/div_Enabled' is clicked on]]></system-out>
         <system-err><![CDATA[]]></system-err>
      </testcase>
      <testcase name="Test Cases/spolight/Bespoke Brochure Panels/Render Preset/150 DPI" classname="Test Cases/spolight/Bespoke Brochure Panels/Render Preset/150 DPI" status="FAILED">
         <failure type="FAILED" message="Test Cases/spolight/Bespoke Brochure Panels/Render Preset/150 DPI FAILED.
Reason:
com.kms.katalon.core.exception.StepFailedException: Unable to click on object 'Object Repository/Bespoke_Brochure/Render preset/Page_SpotLight  Bespoke BROCHURE/button' (Root cause: org.openqa.selenium.WebDriverException: unknown error: Element &lt;button tabindex=&quot;0&quot; type=&quot;button&quot; style=&quot;border: 0px; box-sizing: border-box; display: inline-block; font-family: Roboto, sans-serif; -webkit-tap-highlight-color: rgba(0, 0, 0, 0); cursor: pointer; text-decoration: none; margin: 0px; padding: 0px; outline: none; font-size: 0px; font-weight: inherit; position: absolute; z-index: 1; overflow: visible; transition: all 450ms cubic-bezier(0.23, 1, 0.32, 1) 0ms; width: 25px; height: 25px; fill: rgb(224, 224, 224); right: 0px; top: 25px; background: none;&quot;>...&lt;/button> is not clickable at point (1892, 136). Other element would receive the click: &lt;div style=&quot;position: fixed; top: 0px; bottom: 0px; left: 0px; right: 0px; z-index: 2000;&quot;>...&lt;/div>
  (Session info: chrome=71.0.3578.98)
  (Driver info: chromedriver=2.43.600210 (68dcf5eebde37173d4027fa8635e332711d2874a),platform=Windows NT 6.3.9600 x86_64) (WARNING: The server did not provide any stacktrace information)
Command duration or timeout: 0 milliseconds
Build info: version: '3.7.1', revision: '8a0099a', time: '2017-11-06T21:07:36.161Z'
System info: host: 'Z840-02', ip: '172.20.8.47', os.name: 'Windows 8.1', os.arch: 'amd64', os.version: '6.3', java.version: '1.8.0_181'
Driver info: com.kms.katalon.selenium.driver.CChromeDriver
Capabilities {acceptInsecureCerts: false, acceptSslCerts: false, applicationCacheEnabled: false, browserConnectionEnabled: false, browserName: chrome, chrome: {chromedriverVersion: 2.43.600210 (68dcf5eebde371..., userDataDir: C:\Users\builder\AppData\Lo...}, cssSelectorsEnabled: true, databaseEnabled: false, goog:chromeOptions: {debuggerAddress: localhost:60795}, handlesAlerts: true, hasTouchScreen: false, javascriptEnabled: true, locationContextEnabled: true, mobileEmulationEnabled: false, nativeEvents: true, networkConnectionEnabled: false, pageLoadStrategy: normal, platform: XP, platformName: XP, rotatable: false, setWindowRect: true, takesHeapSnapshot: true, takesScreenshot: true, unexpectedAlertBehaviour: , unhandledPromptBehavior: , version: 71.0.3578.98, webStorageEnabled: true}
Session ID: 764b719508a6527e4160ab8d5b179852)
	at com.kms.katalon.core.keyword.internal.KeywordMain.stepFailed(KeywordMain.groovy:36)
	at com.kms.katalon.core.webui.keyword.internal.WebUIKeywordMain.stepFailed(WebUIKeywordMain.groovy:65)
	at com.kms.katalon.core.webui.keyword.internal.WebUIKeywordMain.runKeyword(WebUIKeywordMain.groovy:27)
	at com.kms.katalon.core.webui.keyword.builtin.ClickKeyword.click(ClickKeyword.groovy:86)
	at com.kms.katalon.core.webui.keyword.builtin.ClickKeyword.execute(ClickKeyword.groovy:67)
	at com.kms.katalon.core.keyword.internal.KeywordExecutor.executeKeywordForPlatform(KeywordExecutor.groovy:53)
	at com.kms.katalon.core.webui.keyword.WebUiBuiltInKeywords.click(WebUiBuiltInKeywords.groovy:616)
	at com.kms.katalon.core.webui.keyword.WebUiBuiltInKeywords$click$3.call(Unknown Source)
	at 150 DPI.run(150 DPI:16)
	at com.kms.katalon.core.main.ScriptEngine.run(ScriptEngine.java:194)
	at com.kms.katalon.core.main.ScriptEngine.runScriptAsRawText(ScriptEngine.java:119)
	at com.kms.katalon.core.main.TestCaseExecutor.runScript(TestCaseExecutor.java:328)
	at com.kms.katalon.core.main.TestCaseExecutor.doExecute(TestCaseExecutor.java:319)
	at com.kms.katalon.core.main.TestCaseExecutor.processExecutionPhase(TestCaseExecutor.java:298)
	at com.kms.katalon.core.main.TestCaseExecutor.accessMainPhase(TestCaseExecutor.java:290)
	at com.kms.katalon.core.main.TestCaseExecutor.execute(TestCaseExecutor.java:224)
	at com.kms.katalon.core.main.TestSuiteExecutor.accessTestCaseMainPhase(TestSuiteExecutor.java:129)
	at com.kms.katalon.core.main.TestSuiteExecutor.accessTestSuiteMainPhase(TestSuiteExecutor.java:112)
	at com.kms.katalon.core.main.TestSuiteExecutor.execute(TestSuiteExecutor.java:81)
	at com.kms.katalon.core.main.TestCaseMain.startTestSuite(TestCaseMain.java:149)
	at com.kms.katalon.core.main.TestCaseMain$startTestSuite$0.call(Unknown Source)
	at TempTestSuite1547221231573.run(TempTestSuite1547221231573.groovy:36)
"/>
         <system-out><![CDATA[2019-01-11 15:40:45 - [TEST_CASE][FAILED] - Test Cases/spolight/Bespoke Brochure Panels/Render Preset/150 DPI: Test Cases/spolight/Bespoke Brochure Panels/Render Preset/150 DPI FAILED.
Reason:
com.kms.katalon.core.exception.StepFailedException: Unable to click on object 'Object Repository/Bespoke_Brochure/Render preset/Page_SpotLight  Bespoke BROCHURE/button' (Root cause: org.openqa.selenium.WebDriverException: unknown error: Element <button tabindex="0" type="button" style="border: 0px; box-sizing: border-box; display: inline-block; font-family: Roboto, sans-serif; -webkit-tap-highlight-color: rgba(0, 0, 0, 0); cursor: pointer; text-decoration: none; margin: 0px; padding: 0px; outline: none; font-size: 0px; font-weight: inherit; position: absolute; z-index: 1; overflow: visible; transition: all 450ms cubic-bezier(0.23, 1, 0.32, 1) 0ms; width: 25px; height: 25px; fill: rgb(224, 224, 224); right: 0px; top: 25px; background: none;">...</button> is not clickable at point (1892, 136). Other element would receive the click: <div style="position: fixed; top: 0px; bottom: 0px; left: 0px; right: 0px; z-index: 2000;">...</div>
  (Session info: chrome=71.0.3578.98)
  (Driver info: chromedriver=2.43.600210 (68dcf5eebde37173d4027fa8635e332711d2874a),platform=Windows NT 6.3.9600 x86_64) (WARNING: The server did not provide any stacktrace information)
Command duration or timeout: 0 milliseconds
Build info: version: '3.7.1', revision: '8a0099a', time: '2017-11-06T21:07:36.161Z'
System info: host: 'Z840-02', ip: '172.20.8.47', os.name: 'Windows 8.1', os.arch: 'amd64', os.version: '6.3', java.version: '1.8.0_181'
Driver info: com.kms.katalon.selenium.driver.CChromeDriver
Capabilities {acceptInsecureCerts: false, acceptSslCerts: false, applicationCacheEnabled: false, browserConnectionEnabled: false, browserName: chrome, chrome: {chromedriverVersion: 2.43.600210 (68dcf5eebde371..., userDataDir: C:\Users\builder\AppData\Lo...}, cssSelectorsEnabled: true, databaseEnabled: false, goog:chromeOptions: {debuggerAddress: localhost:60795}, handlesAlerts: true, hasTouchScreen: false, javascriptEnabled: true, locationContextEnabled: true, mobileEmulationEnabled: false, nativeEvents: true, networkConnectionEnabled: false, pageLoadStrategy: normal, platform: XP, platformName: XP, rotatable: false, setWindowRect: true, takesHeapSnapshot: true, takesScreenshot: true, unexpectedAlertBehaviour: , unhandledPromptBehavior: , version: 71.0.3578.98, webStorageEnabled: true}
Session ID: 764b719508a6527e4160ab8d5b179852)
	at com.kms.katalon.core.keyword.internal.KeywordMain.stepFailed(KeywordMain.groovy:36)
	at com.kms.katalon.core.webui.keyword.internal.WebUIKeywordMain.stepFailed(WebUIKeywordMain.groovy:65)
	at com.kms.katalon.core.webui.keyword.internal.WebUIKeywordMain.runKeyword(WebUIKeywordMain.groovy:27)
	at com.kms.katalon.core.webui.keyword.builtin.ClickKeyword.click(ClickKeyword.groovy:86)
	at com.kms.katalon.core.webui.keyword.builtin.ClickKeyword.execute(ClickKeyword.groovy:67)
	at com.kms.katalon.core.keyword.internal.KeywordExecutor.executeKeywordForPlatform(KeywordExecutor.groovy:53)
	at com.kms.katalon.core.webui.keyword.WebUiBuiltInKeywords.click(WebUiBuiltInKeywords.groovy:616)
	at com.kms.katalon.core.webui.keyword.WebUiBuiltInKeywords$click$3.call(Unknown Source)
	at 150 DPI.run(150 DPI:16)
	at com.kms.katalon.core.main.ScriptEngine.run(ScriptEngine.java:194)
	at com.kms.katalon.core.main.ScriptEngine.runScriptAsRawText(ScriptEngine.java:119)
	at com.kms.katalon.core.main.TestCaseExecutor.runScript(TestCaseExecutor.java:328)
	at com.kms.katalon.core.main.TestCaseExecutor.doExecute(TestCaseExecutor.java:319)
	at com.kms.katalon.core.main.TestCaseExecutor.processExecutionPhase(TestCaseExecutor.java:298)
	at com.kms.katalon.core.main.TestCaseExecutor.accessMainPhase(TestCaseExecutor.java:290)
	at com.kms.katalon.core.main.TestCaseExecutor.execute(TestCaseExecutor.java:224)
	at com.kms.katalon.core.main.TestSuiteExecutor.accessTestCaseMainPhase(TestSuiteExecutor.java:129)
	at com.kms.katalon.core.main.TestSuiteExecutor.accessTestSuiteMainPhase(TestSuiteExecutor.java:112)
	at com.kms.katalon.core.main.TestSuiteExecutor.execute(TestSuiteExecutor.java:81)
	at com.kms.katalon.core.main.TestCaseMain.startTestSuite(TestCaseMain.java:149)
	at com.kms.katalon.core.main.TestCaseMain$startTestSuite$0.call(Unknown Source)
	at TempTestSuite1547221231573.run(TempTestSuite1547221231573.groovy:36)


2019-01-11 15:40:45 - [TEST_STEP][FAILED] - click(findTestObject("Bespoke_Brochure/Render preset/Page_SpotLight  Bespoke BROCHURE/button")): click(findTestObject("Bespoke_Brochure/Render preset/Page_SpotLight  Bespoke BROCHURE/button")) FAILED.
Reason:
com.kms.katalon.core.exception.StepFailedException: Unable to click on object 'Object Repository/Bespoke_Brochure/Render preset/Page_SpotLight  Bespoke BROCHURE/button' (Root cause: org.openqa.selenium.WebDriverException: unknown error: Element <button tabindex="0" type="button" style="border: 0px; box-sizing: border-box; display: inline-block; font-family: Roboto, sans-serif; -webkit-tap-highlight-color: rgba(0, 0, 0, 0); cursor: pointer; text-decoration: none; margin: 0px; padding: 0px; outline: none; font-size: 0px; font-weight: inherit; position: absolute; z-index: 1; overflow: visible; transition: all 450ms cubic-bezier(0.23, 1, 0.32, 1) 0ms; width: 25px; height: 25px; fill: rgb(224, 224, 224); right: 0px; top: 25px; background: none;">...</button> is not clickable at point (1892, 136). Other element would receive the click: <div style="position: fixed; top: 0px; bottom: 0px; left: 0px; right: 0px; z-index: 2000;">...</div>
  (Session info: chrome=71.0.3578.98)
  (Driver info: chromedriver=2.43.600210 (68dcf5eebde37173d4027fa8635e332711d2874a),platform=Windows NT 6.3.9600 x86_64) (WARNING: The server did not provide any stacktrace information)
Command duration or timeout: 0 milliseconds
Build info: version: '3.7.1', revision: '8a0099a', time: '2017-11-06T21:07:36.161Z'
System info: host: 'Z840-02', ip: '172.20.8.47', os.name: 'Windows 8.1', os.arch: 'amd64', os.version: '6.3', java.version: '1.8.0_181'
Driver info: com.kms.katalon.selenium.driver.CChromeDriver
Capabilities {acceptInsecureCerts: false, acceptSslCerts: false, applicationCacheEnabled: false, browserConnectionEnabled: false, browserName: chrome, chrome: {chromedriverVersion: 2.43.600210 (68dcf5eebde371..., userDataDir: C:\Users\builder\AppData\Lo...}, cssSelectorsEnabled: true, databaseEnabled: false, goog:chromeOptions: {debuggerAddress: localhost:60795}, handlesAlerts: true, hasTouchScreen: false, javascriptEnabled: true, locationContextEnabled: true, mobileEmulationEnabled: false, nativeEvents: true, networkConnectionEnabled: false, pageLoadStrategy: normal, platform: XP, platformName: XP, rotatable: false, setWindowRect: true, takesHeapSnapshot: true, takesScreenshot: true, unexpectedAlertBehaviour: , unhandledPromptBehavior: , version: 71.0.3578.98, webStorageEnabled: true}
Session ID: 764b719508a6527e4160ab8d5b179852)
	at com.kms.katalon.core.keyword.internal.KeywordMain.stepFailed(KeywordMain.groovy:36)
	at com.kms.katalon.core.webui.keyword.internal.WebUIKeywordMain.stepFailed(WebUIKeywordMain.groovy:65)
	at com.kms.katalon.core.webui.keyword.internal.WebUIKeywordMain.runKeyword(WebUIKeywordMain.groovy:27)
	at com.kms.katalon.core.webui.keyword.builtin.ClickKeyword.click(ClickKeyword.groovy:86)
	at com.kms.katalon.core.webui.keyword.builtin.ClickKeyword.execute(ClickKeyword.groovy:67)
	at com.kms.katalon.core.keyword.internal.KeywordExecutor.executeKeywordForPlatform(KeywordExecutor.groovy:53)
	at com.kms.katalon.core.webui.keyword.WebUiBuiltInKeywords.click(WebUiBuiltInKeywords.groovy:616)
	at com.kms.katalon.core.webui.keyword.WebUiBuiltInKeywords$click$3.call(Unknown Source)
	at 150 DPI.run(150 DPI:16)
	at com.kms.katalon.core.main.ScriptEngine.run(ScriptEngine.java:194)
	at com.kms.katalon.core.main.ScriptEngine.runScriptAsRawText(ScriptEngine.java:119)
	at com.kms.katalon.core.main.TestCaseExecutor.runScript(TestCaseExecutor.java:328)
	at com.kms.katalon.core.main.TestCaseExecutor.doExecute(TestCaseExecutor.java:319)
	at com.kms.katalon.core.main.TestCaseExecutor.processExecutionPhase(TestCaseExecutor.java:298)
	at com.kms.katalon.core.main.TestCaseExecutor.accessMainPhase(TestCaseExecutor.java:290)
	at com.kms.katalon.core.main.TestCaseExecutor.execute(TestCaseExecutor.java:224)
	at com.kms.katalon.core.main.TestSuiteExecutor.accessTestCaseMainPhase(TestSuiteExecutor.java:129)
	at com.kms.katalon.core.main.TestSuiteExecutor.accessTestSuiteMainPhase(TestSuiteExecutor.java:112)
	at com.kms.katalon.core.main.TestSuiteExecutor.execute(TestSuiteExecutor.java:81)
	at com.kms.katalon.core.main.TestCaseMain.startTestSuite(TestCaseMain.java:149)
	at com.kms.katalon.core.main.TestCaseMain$startTestSuite$0.call(Unknown Source)
	at TempTestSuite1547221231573.run(TempTestSuite1547221231573.groovy:36)


2019-01-11 15:40:46 - [MESSAGE][FAILED] - Unable to click on object 'Object Repository/Bespoke_Brochure/Render preset/Page_SpotLight  Bespoke BROCHURE/button' (Root cause: org.openqa.selenium.WebDriverException: unknown error: Element <button tabindex="0" type="button" style="border: 0px; box-sizing: border-box; display: inline-block; font-family: Roboto, sans-serif; -webkit-tap-highlight-color: rgba(0, 0, 0, 0); cursor: pointer; text-decoration: none; margin: 0px; padding: 0px; outline: none; font-size: 0px; font-weight: inherit; position: absolute; z-index: 1; overflow: visible; transition: all 450ms cubic-bezier(0.23, 1, 0.32, 1) 0ms; width: 25px; height: 25px; fill: rgb(224, 224, 224); right: 0px; top: 25px; background: none;">...</button> is not clickable at point (1892, 136). Other element would receive the click: <div style="position: fixed; top: 0px; bottom: 0px; left: 0px; right: 0px; z-index: 2000;">...</div>
  (Session info: chrome=71.0.3578.98)
  (Driver info: chromedriver=2.43.600210 (68dcf5eebde37173d4027fa8635e332711d2874a),platform=Windows NT 6.3.9600 x86_64) (WARNING: The server did not provide any stacktrace information)
Command duration or timeout: 0 milliseconds
Build info: version: '3.7.1', revision: '8a0099a', time: '2017-11-06T21:07:36.161Z'
System info: host: 'Z840-02', ip: '172.20.8.47', os.name: 'Windows 8.1', os.arch: 'amd64', os.version: '6.3', java.version: '1.8.0_181'
Driver info: com.kms.katalon.selenium.driver.CChromeDriver
Capabilities {acceptInsecureCerts: false, acceptSslCerts: false, applicationCacheEnabled: false, browserConnectionEnabled: false, browserName: chrome, chrome: {chromedriverVersion: 2.43.600210 (68dcf5eebde371..., userDataDir: C:\Users\builder\AppData\Lo...}, cssSelectorsEnabled: true, databaseEnabled: false, goog:chromeOptions: {debuggerAddress: localhost:60795}, handlesAlerts: true, hasTouchScreen: false, javascriptEnabled: true, locationContextEnabled: true, mobileEmulationEnabled: false, nativeEvents: true, networkConnectionEnabled: false, pageLoadStrategy: normal, platform: XP, platformName: XP, rotatable: false, setWindowRect: true, takesHeapSnapshot: true, takesScreenshot: true, unexpectedAlertBehaviour: , unhandledPromptBehavior: , version: 71.0.3578.98, webStorageEnabled: true}
Session ID: 764b719508a6527e4160ab8d5b179852)
[[ATTACHMENT|C:\\Users\\builder\\Desktop\\katalon\\Automation\\Reports\\test\\20190111_154031\\1547221245745.png]]

2019-01-11 15:40:46 - [MESSAGE][FAILED] - click(findTestObject("Bespoke_Brochure/Render preset/Page_SpotLight  Bespoke BROCHURE/button")) FAILED.
Reason:
com.kms.katalon.core.exception.StepFailedException: Unable to click on object 'Object Repository/Bespoke_Brochure/Render preset/Page_SpotLight  Bespoke BROCHURE/button' (Root cause: org.openqa.selenium.WebDriverException: unknown error: Element <button tabindex="0" type="button" style="border: 0px; box-sizing: border-box; display: inline-block; font-family: Roboto, sans-serif; -webkit-tap-highlight-color: rgba(0, 0, 0, 0); cursor: pointer; text-decoration: none; margin: 0px; padding: 0px; outline: none; font-size: 0px; font-weight: inherit; position: absolute; z-index: 1; overflow: visible; transition: all 450ms cubic-bezier(0.23, 1, 0.32, 1) 0ms; width: 25px; height: 25px; fill: rgb(224, 224, 224); right: 0px; top: 25px; background: none;">...</button> is not clickable at point (1892, 136). Other element would receive the click: <div style="position: fixed; top: 0px; bottom: 0px; left: 0px; right: 0px; z-index: 2000;">...</div>
  (Session info: chrome=71.0.3578.98)
  (Driver info: chromedriver=2.43.600210 (68dcf5eebde37173d4027fa8635e332711d2874a),platform=Windows NT 6.3.9600 x86_64) (WARNING: The server did not provide any stacktrace information)
Command duration or timeout: 0 milliseconds
Build info: version: '3.7.1', revision: '8a0099a', time: '2017-11-06T21:07:36.161Z'
System info: host: 'Z840-02', ip: '172.20.8.47', os.name: 'Windows 8.1', os.arch: 'amd64', os.version: '6.3', java.version: '1.8.0_181'
Driver info: com.kms.katalon.selenium.driver.CChromeDriver
Capabilities {acceptInsecureCerts: false, acceptSslCerts: false, applicationCacheEnabled: false, browserConnectionEnabled: false, browserName: chrome, chrome: {chromedriverVersion: 2.43.600210 (68dcf5eebde371..., userDataDir: C:\Users\builder\AppData\Lo...}, cssSelectorsEnabled: true, databaseEnabled: false, goog:chromeOptions: {debuggerAddress: localhost:60795}, handlesAlerts: true, hasTouchScreen: false, javascriptEnabled: true, locationContextEnabled: true, mobileEmulationEnabled: false, nativeEvents: true, networkConnectionEnabled: false, pageLoadStrategy: normal, platform: XP, platformName: XP, rotatable: false, setWindowRect: true, takesHeapSnapshot: true, takesScreenshot: true, unexpectedAlertBehaviour: , unhandledPromptBehavior: , version: 71.0.3578.98, webStorageEnabled: true}
Session ID: 764b719508a6527e4160ab8d5b179852)
	at com.kms.katalon.core.keyword.internal.KeywordMain.stepFailed(KeywordMain.groovy:36)
	at com.kms.katalon.core.webui.keyword.internal.WebUIKeywordMain.stepFailed(WebUIKeywordMain.groovy:65)
	at com.kms.katalon.core.webui.keyword.internal.WebUIKeywordMain.runKeyword(WebUIKeywordMain.groovy:27)
	at com.kms.katalon.core.webui.keyword.builtin.ClickKeyword.click(ClickKeyword.groovy:86)
	at com.kms.katalon.core.webui.keyword.builtin.ClickKeyword.execute(ClickKeyword.groovy:67)
	at com.kms.katalon.core.keyword.internal.KeywordExecutor.executeKeywordForPlatform(KeywordExecutor.groovy:53)
	at com.kms.katalon.core.webui.keyword.WebUiBuiltInKeywords.click(WebUiBuiltInKeywords.groovy:616)
	at com.kms.katalon.core.webui.keyword.WebUiBuiltInKeywords$click$3.call(Unknown Source)
	at 150 DPI.run(150 DPI:16)
	at com.kms.katalon.core.main.ScriptEngine.run(ScriptEngine.java:194)
	at com.kms.katalon.core.main.ScriptEngine.runScriptAsRawText(ScriptEngine.java:119)
	at com.kms.katalon.core.main.TestCaseExecutor.runScript(TestCaseExecutor.java:328)
	at com.kms.katalon.core.main.TestCaseExecutor.doExecute(TestCaseExecutor.java:319)
	at com.kms.katalon.core.main.TestCaseExecutor.processExecutionPhase(TestCaseExecutor.java:298)
	at com.kms.katalon.core.main.TestCaseExecutor.accessMainPhase(TestCaseExecutor.java:290)
	at com.kms.katalon.core.main.TestCaseExecutor.execute(TestCaseExecutor.java:224)
	at com.kms.katalon.core.main.TestSuiteExecutor.accessTestCaseMainPhase(TestSuiteExecutor.java:129)
	at com.kms.katalon.core.main.TestSuiteExecutor.accessTestSuiteMainPhase(TestSuiteExecutor.java:112)
	at com.kms.katalon.core.main.TestSuiteExecutor.execute(TestSuiteExecutor.java:81)
	at com.kms.katalon.core.main.TestCaseMain.startTestSuite(TestCaseMain.java:149)
	at com.kms.katalon.core.main.TestCaseMain$startTestSuite$0.call(Unknown Source)
	at TempTestSuite1547221231573.run(TempTestSuite1547221231573.groovy:36)]]></system-out>
         <system-err><![CDATA[2019-01-11 15:40:45 - [TEST_CASE][FAILED] - Test Cases/spolight/Bespoke Brochure Panels/Render Preset/150 DPI: Test Cases/spolight/Bespoke Brochure Panels/Render Preset/150 DPI FAILED.
Reason:
com.kms.katalon.core.exception.StepFailedException: Unable to click on object 'Object Repository/Bespoke_Brochure/Render preset/Page_SpotLight  Bespoke BROCHURE/button' (Root cause: org.openqa.selenium.WebDriverException: unknown error: Element <button tabindex="0" type="button" style="border: 0px; box-sizing: border-box; display: inline-block; font-family: Roboto, sans-serif; -webkit-tap-highlight-color: rgba(0, 0, 0, 0); cursor: pointer; text-decoration: none; margin: 0px; padding: 0px; outline: none; font-size: 0px; font-weight: inherit; position: absolute; z-index: 1; overflow: visible; transition: all 450ms cubic-bezier(0.23, 1, 0.32, 1) 0ms; width: 25px; height: 25px; fill: rgb(224, 224, 224); right: 0px; top: 25px; background: none;">...</button> is not clickable at point (1892, 136). Other element would receive the click: <div style="position: fixed; top: 0px; bottom: 0px; left: 0px; right: 0px; z-index: 2000;">...</div>
  (Session info: chrome=71.0.3578.98)
  (Driver info: chromedriver=2.43.600210 (68dcf5eebde37173d4027fa8635e332711d2874a),platform=Windows NT 6.3.9600 x86_64) (WARNING: The server did not provide any stacktrace information)
Command duration or timeout: 0 milliseconds
Build info: version: '3.7.1', revision: '8a0099a', time: '2017-11-06T21:07:36.161Z'
System info: host: 'Z840-02', ip: '172.20.8.47', os.name: 'Windows 8.1', os.arch: 'amd64', os.version: '6.3', java.version: '1.8.0_181'
Driver info: com.kms.katalon.selenium.driver.CChromeDriver
Capabilities {acceptInsecureCerts: false, acceptSslCerts: false, applicationCacheEnabled: false, browserConnectionEnabled: false, browserName: chrome, chrome: {chromedriverVersion: 2.43.600210 (68dcf5eebde371..., userDataDir: C:\Users\builder\AppData\Lo...}, cssSelectorsEnabled: true, databaseEnabled: false, goog:chromeOptions: {debuggerAddress: localhost:60795}, handlesAlerts: true, hasTouchScreen: false, javascriptEnabled: true, locationContextEnabled: true, mobileEmulationEnabled: false, nativeEvents: true, networkConnectionEnabled: false, pageLoadStrategy: normal, platform: XP, platformName: XP, rotatable: false, setWindowRect: true, takesHeapSnapshot: true, takesScreenshot: true, unexpectedAlertBehaviour: , unhandledPromptBehavior: , version: 71.0.3578.98, webStorageEnabled: true}
Session ID: 764b719508a6527e4160ab8d5b179852)
	at com.kms.katalon.core.keyword.internal.KeywordMain.stepFailed(KeywordMain.groovy:36)
	at com.kms.katalon.core.webui.keyword.internal.WebUIKeywordMain.stepFailed(WebUIKeywordMain.groovy:65)
	at com.kms.katalon.core.webui.keyword.internal.WebUIKeywordMain.runKeyword(WebUIKeywordMain.groovy:27)
	at com.kms.katalon.core.webui.keyword.builtin.ClickKeyword.click(ClickKeyword.groovy:86)
	at com.kms.katalon.core.webui.keyword.builtin.ClickKeyword.execute(ClickKeyword.groovy:67)
	at com.kms.katalon.core.keyword.internal.KeywordExecutor.executeKeywordForPlatform(KeywordExecutor.groovy:53)
	at com.kms.katalon.core.webui.keyword.WebUiBuiltInKeywords.click(WebUiBuiltInKeywords.groovy:616)
	at com.kms.katalon.core.webui.keyword.WebUiBuiltInKeywords$click$3.call(Unknown Source)
	at 150 DPI.run(150 DPI:16)
	at com.kms.katalon.core.main.ScriptEngine.run(ScriptEngine.java:194)
	at com.kms.katalon.core.main.ScriptEngine.runScriptAsRawText(ScriptEngine.java:119)
	at com.kms.katalon.core.main.TestCaseExecutor.runScript(TestCaseExecutor.java:328)
	at com.kms.katalon.core.main.TestCaseExecutor.doExecute(TestCaseExecutor.java:319)
	at com.kms.katalon.core.main.TestCaseExecutor.processExecutionPhase(TestCaseExecutor.java:298)
	at com.kms.katalon.core.main.TestCaseExecutor.accessMainPhase(TestCaseExecutor.java:290)
	at com.kms.katalon.core.main.TestCaseExecutor.execute(TestCaseExecutor.java:224)
	at com.kms.katalon.core.main.TestSuiteExecutor.accessTestCaseMainPhase(TestSuiteExecutor.java:129)
	at com.kms.katalon.core.main.TestSuiteExecutor.accessTestSuiteMainPhase(TestSuiteExecutor.java:112)
	at com.kms.katalon.core.main.TestSuiteExecutor.execute(TestSuiteExecutor.java:81)
	at com.kms.katalon.core.main.TestCaseMain.startTestSuite(TestCaseMain.java:149)
	at com.kms.katalon.core.main.TestCaseMain$startTestSuite$0.call(Unknown Source)
	at TempTestSuite1547221231573.run(TempTestSuite1547221231573.groovy:36)]]></system-err>
      </testcase>
      <testcase name="Test Cases/spolight/Huracan/Animations/DoorFL" classname="Test Cases/spolight/Huracan/Animations/DoorFL" status="PASSED">
         <system-out><![CDATA[2019-01-11 15:40:46 - [TEST_CASE][PASSED] - Test Cases/spolight/Huracan/Animations/DoorFL: Test Cases/spolight/Huracan/Animations/DoorFL

2019-01-11 15:40:46 - [TEST_STEP][PASSED] - click(findTestObject("aventador/shutter/Animations/img_Multi Shot_ZlUiIconButton_")): Object: 'Object Repository/aventador/shutter/Animations/img_Multi Shot_ZlUiIconButton_' is clicked on

2019-01-11 15:40:48 - [MESSAGE][PASSED] - Object: 'Object Repository/aventador/shutter/Animations/img_Multi Shot_ZlUiIconButton_' is clicked on

2019-01-11 15:40:48 - [TEST_STEP][PASSED] - click(findTestObject("Huracan/Animations/Page_SpotLight  Shutter/p_DoorFL")): Object: 'Object Repository/Huracan/Animations/Page_SpotLight  Shutter/p_DoorFL' is clicked on

2019-01-11 15:40:49 - [MESSAGE][PASSED] - Object: 'Object Repository/Huracan/Animations/Page_SpotLight  Shutter/p_DoorFL' is clicked on

2019-01-11 15:40:49 - [TEST_STEP][PASSED] - delay(5, STOP_ON_FAILURE): Delayed 5 second(s)

2019-01-11 15:40:54 - [MESSAGE][PASSED] - Delayed 5 second(s)]]></system-out>
         <system-err><![CDATA[]]></system-err>
      </testcase>
      <testcase name="Test Cases/spolight/Huracan/Animations/DoorFR" classname="Test Cases/spolight/Huracan/Animations/DoorFR" status="PASSED">
         <system-out><![CDATA[2019-01-11 15:40:54 - [TEST_CASE][PASSED] - Test Cases/spolight/Huracan/Animations/DoorFR: Test Cases/spolight/Huracan/Animations/DoorFR

2019-01-11 15:40:54 - [TEST_STEP][PASSED] - click(findTestObject("aventador/shutter/Animations/img_Multi Shot_ZlUiIconButton_")): Object: 'Object Repository/aventador/shutter/Animations/img_Multi Shot_ZlUiIconButton_' is clicked on

2019-01-11 15:40:54 - [MESSAGE][PASSED] - Object: 'Object Repository/aventador/shutter/Animations/img_Multi Shot_ZlUiIconButton_' is clicked on

2019-01-11 15:40:54 - [TEST_STEP][PASSED] - click(findTestObject("Huracan/Animations/Page_SpotLight  Shutter/p_DoorFR")): Object: 'Object Repository/Huracan/Animations/Page_SpotLight  Shutter/p_DoorFR' is clicked on

2019-01-11 15:40:54 - [MESSAGE][PASSED] - Object: 'Object Repository/Huracan/Animations/Page_SpotLight  Shutter/p_DoorFR' is clicked on

2019-01-11 15:40:54 - [TEST_STEP][PASSED] - delay(5, STOP_ON_FAILURE): Delayed 5 second(s)

2019-01-11 15:40:59 - [MESSAGE][PASSED] - Delayed 5 second(s)]]></system-out>
         <system-err><![CDATA[]]></system-err>
      </testcase>
      <testcase name="Test Cases/spolight/Huracan/Animations/Trunk" classname="Test Cases/spolight/Huracan/Animations/Trunk" status="PASSED">
         <system-out><![CDATA[2019-01-11 15:40:59 - [TEST_CASE][PASSED] - Test Cases/spolight/Huracan/Animations/Trunk: Test Cases/spolight/Huracan/Animations/Trunk

2019-01-11 15:40:59 - [TEST_STEP][PASSED] - click(findTestObject("aventador/shutter/Animations/img_Multi Shot_ZlUiIconButton_")): Object: 'Object Repository/aventador/shutter/Animations/img_Multi Shot_ZlUiIconButton_' is clicked on

2019-01-11 15:40:59 - [MESSAGE][PASSED] - Object: 'Object Repository/aventador/shutter/Animations/img_Multi Shot_ZlUiIconButton_' is clicked on

2019-01-11 15:40:59 - [TEST_STEP][PASSED] - click(findTestObject("Huracan/Animations/Page_SpotLight  Shutter/p_Trunk")): Object: 'Object Repository/Huracan/Animations/Page_SpotLight  Shutter/p_Trunk' is clicked on

2019-01-11 15:40:59 - [MESSAGE][PASSED] - Object: 'Object Repository/Huracan/Animations/Page_SpotLight  Shutter/p_Trunk' is clicked on

2019-01-11 15:40:59 - [TEST_STEP][PASSED] - delay(5, STOP_ON_FAILURE): Delayed 5 second(s)

2019-01-11 15:41:04 - [MESSAGE][PASSED] - Delayed 5 second(s)]]></system-out>
         <system-err><![CDATA[]]></system-err>
      </testcase>
      <testcase name="Test Cases/spolight/Huracan/Cameras/Interior Cameras/Interior_Beauty_01" classname="Test Cases/spolight/Huracan/Cameras/Interior Cameras/Interior_Beauty_01" status="PASSED">
         <system-out><![CDATA[2019-01-11 15:41:04 - [TEST_CASE][PASSED] - Test Cases/spolight/Huracan/Cameras/Interior Cameras/Interior_Beauty_01: Test Cases/spolight/Huracan/Cameras/Interior Cameras/Interior_Beauty_01

2019-01-11 15:41:04 - [TEST_STEP][PASSED] - delay(1): Delayed 1 second(s)

2019-01-11 15:41:05 - [MESSAGE][PASSED] - Delayed 1 second(s)

2019-01-11 15:41:05 - [TEST_STEP][PASSED] - click(findTestObject("aventador/shutter/Cameras/interior cameras/img_Multi Shot_ZlUiIconButton_")): Object: 'Object Repository/aventador/shutter/Cameras/interior cameras/img_Multi Shot_ZlUiIconButton_' is clicked on

2019-01-11 15:41:06 - [MESSAGE][PASSED] - Object: 'Object Repository/aventador/shutter/Cameras/interior cameras/img_Multi Shot_ZlUiIconButton_' is clicked on

2019-01-11 15:41:06 - [TEST_STEP][PASSED] - click(findTestObject("Huracan/Cameras/Interior Cameras/Page_SpotLight  Shutter (1)/p_Interior_Beauty_01")): Object: 'Object Repository/Huracan/Cameras/Interior Cameras/Page_SpotLight  Shutter (1)/p_Interior_Beauty_01' is clicked on

2019-01-11 15:41:06 - [MESSAGE][PASSED] - Object: 'Object Repository/Huracan/Cameras/Interior Cameras/Page_SpotLight  Shutter (1)/p_Interior_Beauty_01' is clicked on]]></system-out>
         <system-err><![CDATA[]]></system-err>
      </testcase>
      <testcase name="Test Cases/spolight/Huracan/Environments/AD - Personam" classname="Test Cases/spolight/Huracan/Environments/AD - Personam" status="PASSED">
         <system-out><![CDATA[2019-01-11 15:41:06 - [TEST_CASE][PASSED] - Test Cases/spolight/Huracan/Environments/AD - Personam: Test Cases/spolight/Huracan/Environments/AD - Personam

2019-01-11 15:41:06 - [TEST_STEP][PASSED] - waitForElementClickable(findTestObject("aventador/shutter/envs/img_Multi Shot_ZlUiIconButton_"), 0): Object 'Object Repository/aventador/shutter/envs/img_Multi Shot_ZlUiIconButton_' is clickable

2019-01-11 15:41:06 - [MESSAGE][WARNING] - Timeout '0' is invalid. Using default page load timeout: '30'

2019-01-11 15:41:06 - [MESSAGE][PASSED] - Object 'Object Repository/aventador/shutter/envs/img_Multi Shot_ZlUiIconButton_' is clickable

2019-01-11 15:41:06 - [TEST_STEP][PASSED] - click(findTestObject("aventador/shutter/envs/img_Multi Shot_ZlUiIconButton_")): Object: 'Object Repository/aventador/shutter/envs/img_Multi Shot_ZlUiIconButton_' is clicked on

2019-01-11 15:41:06 - [MESSAGE][PASSED] - Object: 'Object Repository/aventador/shutter/envs/img_Multi Shot_ZlUiIconButton_' is clicked on

2019-01-11 15:41:06 - [TEST_STEP][PASSED] - click(findTestObject("aventador/shutter/envs/p_AD_Personam")): Object: 'Object Repository/aventador/shutter/envs/p_AD_Personam' is clicked on

2019-01-11 15:41:06 - [MESSAGE][PASSED] - Object: 'Object Repository/aventador/shutter/envs/p_AD_Personam' is clicked on

2019-01-11 15:41:06 - [TEST_STEP][PASSED] - delay(10): Delayed 10 second(s)

2019-01-11 15:41:16 - [MESSAGE][PASSED] - Delayed 10 second(s)]]></system-out>
         <system-err><![CDATA[]]></system-err>
      </testcase>
      <system-out><![CDATA[2019-01-11 15:40:33 - [TEST_SUITE][FAILED] - test: Test Cases/spolight/Bespoke Brochure Panels/Render Preset/150 DPI FAILED.
Reason:
com.kms.katalon.core.exception.StepFailedException: Unable to click on object 'Object Repository/Bespoke_Brochure/Render preset/Page_SpotLight  Bespoke BROCHURE/button' (Root cause: org.openqa.selenium.WebDriverException: unknown error: Element <button tabindex="0" type="button" style="border: 0px; box-sizing: border-box; display: inline-block; font-family: Roboto, sans-serif; -webkit-tap-highlight-color: rgba(0, 0, 0, 0); cursor: pointer; text-decoration: none; margin: 0px; padding: 0px; outline: none; font-size: 0px; font-weight: inherit; position: absolute; z-index: 1; overflow: visible; transition: all 450ms cubic-bezier(0.23, 1, 0.32, 1) 0ms; width: 25px; height: 25px; fill: rgb(224, 224, 224); right: 0px; top: 25px; background: none;">...</button> is not clickable at point (1892, 136). Other element would receive the click: <div style="position: fixed; top: 0px; bottom: 0px; left: 0px; right: 0px; z-index: 2000;">...</div>
  (Session info: chrome=71.0.3578.98)
  (Driver info: chromedriver=2.43.600210 (68dcf5eebde37173d4027fa8635e332711d2874a),platform=Windows NT 6.3.9600 x86_64) (WARNING: The server did not provide any stacktrace information)
Command duration or timeout: 0 milliseconds
Build info: version: '3.7.1', revision: '8a0099a', time: '2017-11-06T21:07:36.161Z'
System info: host: 'Z840-02', ip: '172.20.8.47', os.name: 'Windows 8.1', os.arch: 'amd64', os.version: '6.3', java.version: '1.8.0_181'
Driver info: com.kms.katalon.selenium.driver.CChromeDriver
Capabilities {acceptInsecureCerts: false, acceptSslCerts: false, applicationCacheEnabled: false, browserConnectionEnabled: false, browserName: chrome, chrome: {chromedriverVersion: 2.43.600210 (68dcf5eebde371..., userDataDir: C:\Users\builder\AppData\Lo...}, cssSelectorsEnabled: true, databaseEnabled: false, goog:chromeOptions: {debuggerAddress: localhost:60795}, handlesAlerts: true, hasTouchScreen: false, javascriptEnabled: true, locationContextEnabled: true, mobileEmulationEnabled: false, nativeEvents: true, networkConnectionEnabled: false, pageLoadStrategy: normal, platform: XP, platformName: XP, rotatable: false, setWindowRect: true, takesHeapSnapshot: true, takesScreenshot: true, unexpectedAlertBehaviour: , unhandledPromptBehavior: , version: 71.0.3578.98, webStorageEnabled: true}
Session ID: 764b719508a6527e4160ab8d5b179852)
	at com.kms.katalon.core.keyword.internal.KeywordMain.stepFailed(KeywordMain.groovy:36)
	at com.kms.katalon.core.webui.keyword.internal.WebUIKeywordMain.stepFailed(WebUIKeywordMain.groovy:65)
	at com.kms.katalon.core.webui.keyword.internal.WebUIKeywordMain.runKeyword(WebUIKeywordMain.groovy:27)
	at com.kms.katalon.core.webui.keyword.builtin.ClickKeyword.click(ClickKeyword.groovy:86)
	at com.kms.katalon.core.webui.keyword.builtin.ClickKeyword.execute(ClickKeyword.groovy:67)
	at com.kms.katalon.core.keyword.internal.KeywordExecutor.executeKeywordForPlatform(KeywordExecutor.groovy:53)
	at com.kms.katalon.core.webui.keyword.WebUiBuiltInKeywords.click(WebUiBuiltInKeywords.groovy:616)
	at com.kms.katalon.core.webui.keyword.WebUiBuiltInKeywords$click$3.call(Unknown Source)
	at 150 DPI.run(150 DPI:16)
	at com.kms.katalon.core.main.ScriptEngine.run(ScriptEngine.java:194)
	at com.kms.katalon.core.main.ScriptEngine.runScriptAsRawText(ScriptEngine.java:119)
	at com.kms.katalon.core.main.TestCaseExecutor.runScript(TestCaseExecutor.java:328)
	at com.kms.katalon.core.main.TestCaseExecutor.doExecute(TestCaseExecutor.java:319)
	at com.kms.katalon.core.main.TestCaseExecutor.processExecutionPhase(TestCaseExecutor.java:298)
	at com.kms.katalon.core.main.TestCaseExecutor.accessMainPhase(TestCaseExecutor.java:290)
	at com.kms.katalon.core.main.TestCaseExecutor.execute(TestCaseExecutor.java:224)
	at com.kms.katalon.core.main.TestSuiteExecutor.accessTestCaseMainPhase(TestSuiteExecutor.java:129)
	at com.kms.katalon.core.main.TestSuiteExecutor.accessTestSuiteMainPhase(TestSuiteExecutor.java:112)
	at com.kms.katalon.core.main.TestSuiteExecutor.execute(TestSuiteExecutor.java:81)
	at com.kms.katalon.core.main.TestCaseMain.startTestSuite(TestCaseMain.java:149)
	at com.kms.katalon.core.main.TestCaseMain$startTestSuite$0.call(Unknown Source)
	at TempTestSuite1547221231573.run(TempTestSuite1547221231573.groovy:36)]]></system-out>
      <system-err><![CDATA[2019-01-11 15:40:33 - [TEST_SUITE][FAILED] - test: Test Cases/spolight/Bespoke Brochure Panels/Render Preset/150 DPI FAILED.
Reason:
com.kms.katalon.core.exception.StepFailedException: Unable to click on object 'Object Repository/Bespoke_Brochure/Render preset/Page_SpotLight  Bespoke BROCHURE/button' (Root cause: org.openqa.selenium.WebDriverException: unknown error: Element <button tabindex="0" type="button" style="border: 0px; box-sizing: border-box; display: inline-block; font-family: Roboto, sans-serif; -webkit-tap-highlight-color: rgba(0, 0, 0, 0); cursor: pointer; text-decoration: none; margin: 0px; padding: 0px; outline: none; font-size: 0px; font-weight: inherit; position: absolute; z-index: 1; overflow: visible; transition: all 450ms cubic-bezier(0.23, 1, 0.32, 1) 0ms; width: 25px; height: 25px; fill: rgb(224, 224, 224); right: 0px; top: 25px; background: none;">...</button> is not clickable at point (1892, 136). Other element would receive the click: <div style="position: fixed; top: 0px; bottom: 0px; left: 0px; right: 0px; z-index: 2000;">...</div>
  (Session info: chrome=71.0.3578.98)
  (Driver info: chromedriver=2.43.600210 (68dcf5eebde37173d4027fa8635e332711d2874a),platform=Windows NT 6.3.9600 x86_64) (WARNING: The server did not provide any stacktrace information)
Command duration or timeout: 0 milliseconds
Build info: version: '3.7.1', revision: '8a0099a', time: '2017-11-06T21:07:36.161Z'
System info: host: 'Z840-02', ip: '172.20.8.47', os.name: 'Windows 8.1', os.arch: 'amd64', os.version: '6.3', java.version: '1.8.0_181'
Driver info: com.kms.katalon.selenium.driver.CChromeDriver
Capabilities {acceptInsecureCerts: false, acceptSslCerts: false, applicationCacheEnabled: false, browserConnectionEnabled: false, browserName: chrome, chrome: {chromedriverVersion: 2.43.600210 (68dcf5eebde371..., userDataDir: C:\Users\builder\AppData\Lo...}, cssSelectorsEnabled: true, databaseEnabled: false, goog:chromeOptions: {debuggerAddress: localhost:60795}, handlesAlerts: true, hasTouchScreen: false, javascriptEnabled: true, locationContextEnabled: true, mobileEmulationEnabled: false, nativeEvents: true, networkConnectionEnabled: false, pageLoadStrategy: normal, platform: XP, platformName: XP, rotatable: false, setWindowRect: true, takesHeapSnapshot: true, takesScreenshot: true, unexpectedAlertBehaviour: , unhandledPromptBehavior: , version: 71.0.3578.98, webStorageEnabled: true}
Session ID: 764b719508a6527e4160ab8d5b179852)
	at com.kms.katalon.core.keyword.internal.KeywordMain.stepFailed(KeywordMain.groovy:36)
	at com.kms.katalon.core.webui.keyword.internal.WebUIKeywordMain.stepFailed(WebUIKeywordMain.groovy:65)
	at com.kms.katalon.core.webui.keyword.internal.WebUIKeywordMain.runKeyword(WebUIKeywordMain.groovy:27)
	at com.kms.katalon.core.webui.keyword.builtin.ClickKeyword.click(ClickKeyword.groovy:86)
	at com.kms.katalon.core.webui.keyword.builtin.ClickKeyword.execute(ClickKeyword.groovy:67)
	at com.kms.katalon.core.keyword.internal.KeywordExecutor.executeKeywordForPlatform(KeywordExecutor.groovy:53)
	at com.kms.katalon.core.webui.keyword.WebUiBuiltInKeywords.click(WebUiBuiltInKeywords.groovy:616)
	at com.kms.katalon.core.webui.keyword.WebUiBuiltInKeywords$click$3.call(Unknown Source)
	at 150 DPI.run(150 DPI:16)
	at com.kms.katalon.core.main.ScriptEngine.run(ScriptEngine.java:194)
	at com.kms.katalon.core.main.ScriptEngine.runScriptAsRawText(ScriptEngine.java:119)
	at com.kms.katalon.core.main.TestCaseExecutor.runScript(TestCaseExecutor.java:328)
	at com.kms.katalon.core.main.TestCaseExecutor.doExecute(TestCaseExecutor.java:319)
	at com.kms.katalon.core.main.TestCaseExecutor.processExecutionPhase(TestCaseExecutor.java:298)
	at com.kms.katalon.core.main.TestCaseExecutor.accessMainPhase(TestCaseExecutor.java:290)
	at com.kms.katalon.core.main.TestCaseExecutor.execute(TestCaseExecutor.java:224)
	at com.kms.katalon.core.main.TestSuiteExecutor.accessTestCaseMainPhase(TestSuiteExecutor.java:129)
	at com.kms.katalon.core.main.TestSuiteExecutor.accessTestSuiteMainPhase(TestSuiteExecutor.java:112)
	at com.kms.katalon.core.main.TestSuiteExecutor.execute(TestSuiteExecutor.java:81)
	at com.kms.katalon.core.main.TestCaseMain.startTestSuite(TestCaseMain.java:149)
	at com.kms.katalon.core.main.TestCaseMain$startTestSuite$0.call(Unknown Source)
	at TempTestSuite1547221231573.run(TempTestSuite1547221231573.groovy:36)]]></system-err>
   </testsuite>
</testsuites>
