<?xml version="1.0" encoding="UTF-8"?>
<testsuites name="anims" time="63" tests="11" failures="4" errors="0">
   <testsuite name="anims" tests="11" failures="4" errors="0" time="63" timestamp="2019-01-03 14:40:47" hostname="builder - Z840-02.ZL.LIMITED" id="Test Suites/anims">
      <properties>
         <property name="deviceName" value=""/>
         <property name="devicePlatform" value=""/>
         <property name="logFolder" value="C:\\Users\\builder\\Desktop\\katalon\\Automation\\Reports\\anims\\20190103_144045"/>
         <property name="logFiles" value="C:\\Users\\builder\\Desktop\\katalon\\Automation\\Reports\\anims\\20190103_144045\\execution0.log"/>
         <property name="attachments" value="C:\\Users\\builder\\Desktop\\katalon\\Automation\\Reports\\anims\\20190103_144045\\1546526507341.png, C:\\Users\\builder\\Desktop\\katalon\\Automation\\Reports\\anims\\20190103_144045\\1546526508422.png, C:\\Users\\builder\\Desktop\\katalon\\Automation\\Reports\\anims\\20190103_144045\\1546526509131.png, C:\\Users\\builder\\Desktop\\katalon\\Automation\\Reports\\anims\\20190103_144045\\1546526509844.png"/>
         <property name="hostName" value="builder - Z840-02.ZL.LIMITED"/>
         <property name="os" value="Windows 8.1 64bit"/>
         <property name="katalonVersion" value="5.10.1.1"/>
         <property name="browser" value="Chrome 71.0.3578.98"/>
         <property name="hostAddress" value="172.20.8.47"/>
         <property name="sessionId" value="39e686c2763271ff74735c646491a8b3"/>
         <property name="seleniumVersion" value="3.7.1"/>
         <property name="proxyInformation" value="ProxyInformation{proxyOption=NO_PROXY, proxyServerType=HTTP, password=, proxyServerAddress=, proxyServerPort=0}"/>
         <property name="platform" value="Windows 8.1"/>
      </properties>
      <testcase name="Test Cases/spolight/E-tron/Animations/DoorFL" classname="Test Cases/spolight/E-tron/Animations/DoorFL" status="PASSED">
         <system-out><![CDATA[2019-01-03 14:40:47 - [TEST_CASE][PASSED] - Test Cases/spolight/E-tron/Animations/DoorFL: Test Cases/spolight/E-tron/Animations/DoorFL

2019-01-03 14:40:47 - [TEST_STEP][PASSED] - click(findTestObject("E-tron/Animations/Page_SpotLight  Shutter/img_Multi Shot_ZlUiIconButton_")): Object: 'Object Repository/E-tron/Animations/Page_SpotLight  Shutter/img_Multi Shot_ZlUiIconButton_' is clicked on

2019-01-03 14:40:48 - [MESSAGE][PASSED] - Object: 'Object Repository/E-tron/Animations/Page_SpotLight  Shutter/img_Multi Shot_ZlUiIconButton_' is clicked on

2019-01-03 14:40:48 - [TEST_STEP][PASSED] - click(findTestObject("E-tron/Animations/Page_SpotLight  Shutter/p_DoorFL")): Object: 'Object Repository/E-tron/Animations/Page_SpotLight  Shutter/p_DoorFL' is clicked on

2019-01-03 14:40:48 - [MESSAGE][PASSED] - Object: 'Object Repository/E-tron/Animations/Page_SpotLight  Shutter/p_DoorFL' is clicked on

2019-01-03 14:40:48 - [TEST_STEP][PASSED] - delay(5, STOP_ON_FAILURE): Delayed 5 second(s)

2019-01-03 14:40:53 - [MESSAGE][PASSED] - Delayed 5 second(s)]]></system-out>
         <system-err><![CDATA[]]></system-err>
      </testcase>
      <testcase name="Test Cases/spolight/E-tron/Animations/DoorFR" classname="Test Cases/spolight/E-tron/Animations/DoorFR" status="PASSED">
         <system-out><![CDATA[2019-01-03 14:40:53 - [TEST_CASE][PASSED] - Test Cases/spolight/E-tron/Animations/DoorFR: Test Cases/spolight/E-tron/Animations/DoorFR

2019-01-03 14:40:53 - [TEST_STEP][PASSED] - click(findTestObject("E-tron/Animations/Page_SpotLight  Shutter/img_Multi Shot_ZlUiIconButton_")): Object: 'Object Repository/E-tron/Animations/Page_SpotLight  Shutter/img_Multi Shot_ZlUiIconButton_' is clicked on

2019-01-03 14:40:53 - [MESSAGE][PASSED] - Object: 'Object Repository/E-tron/Animations/Page_SpotLight  Shutter/img_Multi Shot_ZlUiIconButton_' is clicked on

2019-01-03 14:40:53 - [TEST_STEP][PASSED] - click(findTestObject("E-tron/Animations/Page_SpotLight  Shutter/p_DoorFR")): Object: 'Object Repository/E-tron/Animations/Page_SpotLight  Shutter/p_DoorFR' is clicked on

2019-01-03 14:40:53 - [MESSAGE][PASSED] - Object: 'Object Repository/E-tron/Animations/Page_SpotLight  Shutter/p_DoorFR' is clicked on

2019-01-03 14:40:53 - [TEST_STEP][PASSED] - delay(5, STOP_ON_FAILURE): Delayed 5 second(s)

2019-01-03 14:40:58 - [MESSAGE][PASSED] - Delayed 5 second(s)]]></system-out>
         <system-err><![CDATA[]]></system-err>
      </testcase>
      <testcase name="Test Cases/spolight/E-tron/Animations/DoorRL" classname="Test Cases/spolight/E-tron/Animations/DoorRL" status="PASSED">
         <system-out><![CDATA[2019-01-03 14:40:58 - [TEST_CASE][PASSED] - Test Cases/spolight/E-tron/Animations/DoorRL: Test Cases/spolight/E-tron/Animations/DoorRL

2019-01-03 14:40:59 - [TEST_STEP][PASSED] - click(findTestObject("E-tron/Animations/Page_SpotLight  Shutter/img_Multi Shot_ZlUiIconButton_")): Object: 'Object Repository/E-tron/Animations/Page_SpotLight  Shutter/img_Multi Shot_ZlUiIconButton_' is clicked on

2019-01-03 14:40:59 - [MESSAGE][PASSED] - Object: 'Object Repository/E-tron/Animations/Page_SpotLight  Shutter/img_Multi Shot_ZlUiIconButton_' is clicked on

2019-01-03 14:40:59 - [TEST_STEP][PASSED] - click(findTestObject("E-tron/Animations/Page_SpotLight  Shutter/p_DoorRL")): Object: 'Object Repository/E-tron/Animations/Page_SpotLight  Shutter/p_DoorRL' is clicked on

2019-01-03 14:40:59 - [MESSAGE][PASSED] - Object: 'Object Repository/E-tron/Animations/Page_SpotLight  Shutter/p_DoorRL' is clicked on

2019-01-03 14:40:59 - [TEST_STEP][PASSED] - delay(5, STOP_ON_FAILURE): Delayed 5 second(s)

2019-01-03 14:41:04 - [MESSAGE][PASSED] - Delayed 5 second(s)]]></system-out>
         <system-err><![CDATA[]]></system-err>
      </testcase>
      <testcase name="Test Cases/spolight/E-tron/Animations/DoorRR" classname="Test Cases/spolight/E-tron/Animations/DoorRR" status="PASSED">
         <system-out><![CDATA[2019-01-03 14:41:04 - [TEST_CASE][PASSED] - Test Cases/spolight/E-tron/Animations/DoorRR: Test Cases/spolight/E-tron/Animations/DoorRR

2019-01-03 14:41:04 - [TEST_STEP][PASSED] - click(findTestObject("E-tron/Animations/Page_SpotLight  Shutter/img_Multi Shot_ZlUiIconButton_")): Object: 'Object Repository/E-tron/Animations/Page_SpotLight  Shutter/img_Multi Shot_ZlUiIconButton_' is clicked on

2019-01-03 14:41:04 - [MESSAGE][PASSED] - Object: 'Object Repository/E-tron/Animations/Page_SpotLight  Shutter/img_Multi Shot_ZlUiIconButton_' is clicked on

2019-01-03 14:41:04 - [TEST_STEP][PASSED] - click(findTestObject("E-tron/Animations/Page_SpotLight  Shutter/p_DoorRR")): Object: 'Object Repository/E-tron/Animations/Page_SpotLight  Shutter/p_DoorRR' is clicked on

2019-01-03 14:41:04 - [MESSAGE][PASSED] - Object: 'Object Repository/E-tron/Animations/Page_SpotLight  Shutter/p_DoorRR' is clicked on

2019-01-03 14:41:04 - [TEST_STEP][PASSED] - delay(5, STOP_ON_FAILURE): Delayed 5 second(s)

2019-01-03 14:41:09 - [MESSAGE][PASSED] - Delayed 5 second(s)]]></system-out>
         <system-err><![CDATA[]]></system-err>
      </testcase>
      <testcase name="Test Cases/spolight/E-tron/Animations/Doors" classname="Test Cases/spolight/E-tron/Animations/Doors" status="PASSED">
         <system-out><![CDATA[2019-01-03 14:41:09 - [TEST_CASE][PASSED] - Test Cases/spolight/E-tron/Animations/Doors: Test Cases/spolight/E-tron/Animations/Doors

2019-01-03 14:41:09 - [TEST_STEP][PASSED] - click(findTestObject("E-tron/Animations/Page_SpotLight  Shutter/img_Multi Shot_ZlUiIconButton_")): Object: 'Object Repository/E-tron/Animations/Page_SpotLight  Shutter/img_Multi Shot_ZlUiIconButton_' is clicked on

2019-01-03 14:41:09 - [MESSAGE][PASSED] - Object: 'Object Repository/E-tron/Animations/Page_SpotLight  Shutter/img_Multi Shot_ZlUiIconButton_' is clicked on

2019-01-03 14:41:09 - [TEST_STEP][PASSED] - click(findTestObject("E-tron/Animations/Page_SpotLight  Shutter/p_Doors")): Object: 'Object Repository/E-tron/Animations/Page_SpotLight  Shutter/p_Doors' is clicked on

2019-01-03 14:41:09 - [MESSAGE][PASSED] - Object: 'Object Repository/E-tron/Animations/Page_SpotLight  Shutter/p_Doors' is clicked on

2019-01-03 14:41:09 - [TEST_STEP][PASSED] - delay(5, STOP_ON_FAILURE): Delayed 5 second(s)

2019-01-03 14:41:14 - [MESSAGE][PASSED] - Delayed 5 second(s)]]></system-out>
         <system-err><![CDATA[]]></system-err>
      </testcase>
      <testcase name="Test Cases/spolight/E-tron/Animations/DoorsF" classname="Test Cases/spolight/E-tron/Animations/DoorsF" status="PASSED">
         <system-out><![CDATA[2019-01-03 14:41:14 - [TEST_CASE][PASSED] - Test Cases/spolight/E-tron/Animations/DoorsF: Test Cases/spolight/E-tron/Animations/DoorsF

2019-01-03 14:41:15 - [TEST_STEP][PASSED] - click(findTestObject("E-tron/Animations/Page_SpotLight  Shutter/img_Multi Shot_ZlUiIconButton_")): Object: 'Object Repository/E-tron/Animations/Page_SpotLight  Shutter/img_Multi Shot_ZlUiIconButton_' is clicked on

2019-01-03 14:41:15 - [MESSAGE][PASSED] - Object: 'Object Repository/E-tron/Animations/Page_SpotLight  Shutter/img_Multi Shot_ZlUiIconButton_' is clicked on

2019-01-03 14:41:15 - [TEST_STEP][PASSED] - click(findTestObject("E-tron/Animations/Page_SpotLight  Shutter/p_DoorsF")): Object: 'Object Repository/E-tron/Animations/Page_SpotLight  Shutter/p_DoorsF' is clicked on

2019-01-03 14:41:15 - [MESSAGE][PASSED] - Object: 'Object Repository/E-tron/Animations/Page_SpotLight  Shutter/p_DoorsF' is clicked on

2019-01-03 14:41:15 - [TEST_STEP][PASSED] - delay(5, STOP_ON_FAILURE): Delayed 5 second(s)

2019-01-03 14:41:20 - [MESSAGE][PASSED] - Delayed 5 second(s)]]></system-out>
         <system-err><![CDATA[]]></system-err>
      </testcase>
      <testcase name="Test Cases/spolight/E-tron/Animations/DoorsR" classname="Test Cases/spolight/E-tron/Animations/DoorsR" status="PASSED">
         <system-out><![CDATA[2019-01-03 14:41:20 - [TEST_CASE][PASSED] - Test Cases/spolight/E-tron/Animations/DoorsR: Test Cases/spolight/E-tron/Animations/DoorsR

2019-01-03 14:41:20 - [TEST_STEP][PASSED] - click(findTestObject("E-tron/Animations/Page_SpotLight  Shutter/img_Multi Shot_ZlUiIconButton_")): Object: 'Object Repository/E-tron/Animations/Page_SpotLight  Shutter/img_Multi Shot_ZlUiIconButton_' is clicked on

2019-01-03 14:41:20 - [MESSAGE][PASSED] - Object: 'Object Repository/E-tron/Animations/Page_SpotLight  Shutter/img_Multi Shot_ZlUiIconButton_' is clicked on

2019-01-03 14:41:20 - [TEST_STEP][PASSED] - click(findTestObject("E-tron/Animations/Page_SpotLight  Shutter/p_DoorsR")): Object: 'Object Repository/E-tron/Animations/Page_SpotLight  Shutter/p_DoorsR' is clicked on

2019-01-03 14:41:20 - [MESSAGE][PASSED] - Object: 'Object Repository/E-tron/Animations/Page_SpotLight  Shutter/p_DoorsR' is clicked on

2019-01-03 14:41:20 - [TEST_STEP][PASSED] - delay(5, STOP_ON_FAILURE): Delayed 5 second(s)

2019-01-03 14:41:25 - [MESSAGE][PASSED] - Delayed 5 second(s)]]></system-out>
         <system-err><![CDATA[]]></system-err>
      </testcase>
      <testcase name="Test Cases/spolight/E-tron/Animations/DRLights" classname="Test Cases/spolight/E-tron/Animations/DRLights" status="PASSED">
         <system-out><![CDATA[2019-01-03 14:41:25 - [TEST_CASE][PASSED] - Test Cases/spolight/E-tron/Animations/DRLights: Test Cases/spolight/E-tron/Animations/DRLights

2019-01-03 14:41:25 - [TEST_STEP][PASSED] - click(findTestObject("E-tron/Animations/Page_SpotLight  Shutter/img_Multi Shot_ZlUiIconButton_")): Object: 'Object Repository/E-tron/Animations/Page_SpotLight  Shutter/img_Multi Shot_ZlUiIconButton_' is clicked on

2019-01-03 14:41:25 - [MESSAGE][PASSED] - Object: 'Object Repository/E-tron/Animations/Page_SpotLight  Shutter/img_Multi Shot_ZlUiIconButton_' is clicked on

2019-01-03 14:41:25 - [TEST_STEP][PASSED] - click(findTestObject("E-tron/Animations/Page_SpotLight  Shutter/p_DRLights")): Object: 'Object Repository/E-tron/Animations/Page_SpotLight  Shutter/p_DRLights' is clicked on

2019-01-03 14:41:25 - [MESSAGE][PASSED] - Object: 'Object Repository/E-tron/Animations/Page_SpotLight  Shutter/p_DRLights' is clicked on

2019-01-03 14:41:25 - [TEST_STEP][PASSED] - delay(5, STOP_ON_FAILURE): Delayed 5 second(s)

2019-01-03 14:41:30 - [MESSAGE][PASSED] - Delayed 5 second(s)]]></system-out>
         <system-err><![CDATA[]]></system-err>
      </testcase>
      <testcase name="Test Cases/spolight/E-tron/Animations/Engine" classname="Test Cases/spolight/E-tron/Animations/Engine" status="PASSED">
         <system-out><![CDATA[2019-01-03 14:41:30 - [TEST_CASE][PASSED] - Test Cases/spolight/E-tron/Animations/Engine: Test Cases/spolight/E-tron/Animations/Engine

2019-01-03 14:41:31 - [TEST_STEP][PASSED] - click(findTestObject("E-tron/Animations/Page_SpotLight  Shutter/img_Multi Shot_ZlUiIconButton_")): Object: 'Object Repository/E-tron/Animations/Page_SpotLight  Shutter/img_Multi Shot_ZlUiIconButton_' is clicked on

2019-01-03 14:41:31 - [MESSAGE][PASSED] - Object: 'Object Repository/E-tron/Animations/Page_SpotLight  Shutter/img_Multi Shot_ZlUiIconButton_' is clicked on

2019-01-03 14:41:31 - [TEST_STEP][PASSED] - click(findTestObject("E-tron/Animations/Page_SpotLight  Shutter/p_Engine")): Object: 'Object Repository/E-tron/Animations/Page_SpotLight  Shutter/p_Engine' is clicked on

2019-01-03 14:41:31 - [MESSAGE][PASSED] - Object: 'Object Repository/E-tron/Animations/Page_SpotLight  Shutter/p_Engine' is clicked on

2019-01-03 14:41:31 - [TEST_STEP][PASSED] - delay(5, STOP_ON_FAILURE): Delayed 5 second(s)

2019-01-03 14:41:36 - [MESSAGE][PASSED] - Delayed 5 second(s)]]></system-out>
         <system-err><![CDATA[]]></system-err>
      </testcase>
      <testcase name="Test Cases/spolight/E-tron/Animations/Headlights" classname="Test Cases/spolight/E-tron/Animations/Headlights" status="PASSED">
         <system-out><![CDATA[2019-01-03 14:41:36 - [TEST_CASE][PASSED] - Test Cases/spolight/E-tron/Animations/Headlights: Test Cases/spolight/E-tron/Animations/Headlights

2019-01-03 14:41:36 - [TEST_STEP][PASSED] - click(findTestObject("E-tron/Animations/Page_SpotLight  Shutter/img_Multi Shot_ZlUiIconButton_")): Object: 'Object Repository/E-tron/Animations/Page_SpotLight  Shutter/img_Multi Shot_ZlUiIconButton_' is clicked on

2019-01-03 14:41:36 - [MESSAGE][PASSED] - Object: 'Object Repository/E-tron/Animations/Page_SpotLight  Shutter/img_Multi Shot_ZlUiIconButton_' is clicked on

2019-01-03 14:41:36 - [TEST_STEP][PASSED] - click(findTestObject("E-tron/Animations/Page_SpotLight  Shutter/p_Headlights")): Object: 'Object Repository/E-tron/Animations/Page_SpotLight  Shutter/p_Headlights' is clicked on

2019-01-03 14:41:36 - [MESSAGE][PASSED] - Object: 'Object Repository/E-tron/Animations/Page_SpotLight  Shutter/p_Headlights' is clicked on

2019-01-03 14:41:36 - [TEST_STEP][PASSED] - delay(5, STOP_ON_FAILURE): Delayed 5 second(s)

2019-01-03 14:41:41 - [MESSAGE][PASSED] - Delayed 5 second(s)]]></system-out>
         <system-err><![CDATA[]]></system-err>
      </testcase>
      <testcase name="Test Cases/spolight/E-tron/Animations/InteriorLights" classname="Test Cases/spolight/E-tron/Animations/InteriorLights" status="PASSED">
         <system-out><![CDATA[2019-01-03 14:41:41 - [TEST_CASE][PASSED] - Test Cases/spolight/E-tron/Animations/InteriorLights: Test Cases/spolight/E-tron/Animations/InteriorLights

2019-01-03 14:41:41 - [TEST_STEP][PASSED] - click(findTestObject("E-tron/Animations/Page_SpotLight  Shutter/img_Multi Shot_ZlUiIconButton_")): Object: 'Object Repository/E-tron/Animations/Page_SpotLight  Shutter/img_Multi Shot_ZlUiIconButton_' is clicked on

2019-01-03 14:41:41 - [MESSAGE][PASSED] - Object: 'Object Repository/E-tron/Animations/Page_SpotLight  Shutter/img_Multi Shot_ZlUiIconButton_' is clicked on

2019-01-03 14:41:41 - [TEST_STEP][PASSED] - click(findTestObject("E-tron/Animations/Page_SpotLight  Shutter/p_InteriorLights")): Object: 'Object Repository/E-tron/Animations/Page_SpotLight  Shutter/p_InteriorLights' is clicked on

2019-01-03 14:41:41 - [MESSAGE][PASSED] - Object: 'Object Repository/E-tron/Animations/Page_SpotLight  Shutter/p_InteriorLights' is clicked on

2019-01-03 14:41:41 - [TEST_STEP][PASSED] - delay(5, STOP_ON_FAILURE): Delayed 5 second(s)

2019-01-03 14:41:46 - [MESSAGE][PASSED] - Delayed 5 second(s)]]></system-out>
         <system-err><![CDATA[]]></system-err>
      </testcase>
      <testcase name="Test Cases/spolight/E-tron/Animations/MainLights" classname="Test Cases/spolight/E-tron/Animations/MainLights" status="FAILED">
         <failure type="FAILED" message="Test Cases/spolight/E-tron/Animations/MainLights FAILED.
Reason:
com.kms.katalon.core.exception.StepFailedException: Unable to click on object 'Object Repository/E-tron/Animations/Page_SpotLight  Shutter/p_MainLights' (Root cause: org.openqa.selenium.ElementNotVisibleException: element not interactable
  (Session info: chrome=71.0.3578.98)
  (Driver info: chromedriver=2.43.600210 (68dcf5eebde37173d4027fa8635e332711d2874a),platform=Windows NT 6.3.9600 x86_64) (WARNING: The server did not provide any stacktrace information)
Command duration or timeout: 0 milliseconds
Build info: version: '3.7.1', revision: '8a0099a', time: '2017-11-06T21:07:36.161Z'
System info: host: 'Z840-02', ip: '172.20.8.47', os.name: 'Windows 8.1', os.arch: 'amd64', os.version: '6.3', java.version: '1.8.0_181'
Driver info: com.kms.katalon.core.webui.driver.ExistingRemoteWebDriver
Capabilities {javascriptEnabled: true, platform: ANY, platformName: ANY}
Session ID: 39e686c2763271ff74735c646491a8b3)
	at com.kms.katalon.core.keyword.internal.KeywordMain.stepFailed(KeywordMain.groovy:36)
	at com.kms.katalon.core.webui.keyword.internal.WebUIKeywordMain.stepFailed(WebUIKeywordMain.groovy:65)
	at com.kms.katalon.core.webui.keyword.internal.WebUIKeywordMain.runKeyword(WebUIKeywordMain.groovy:27)
	at com.kms.katalon.core.webui.keyword.builtin.ClickKeyword.click(ClickKeyword.groovy:86)
	at com.kms.katalon.core.webui.keyword.builtin.ClickKeyword.execute(ClickKeyword.groovy:67)
	at com.kms.katalon.core.keyword.internal.KeywordExecutor.executeKeywordForPlatform(KeywordExecutor.groovy:53)
	at com.kms.katalon.core.webui.keyword.WebUiBuiltInKeywords.click(WebUiBuiltInKeywords.groovy:616)
	at com.kms.katalon.core.webui.keyword.WebUiBuiltInKeywords$click.call(Unknown Source)
	at MainLights.run(MainLights:18)
	at com.kms.katalon.core.main.ScriptEngine.run(ScriptEngine.java:194)
	at com.kms.katalon.core.main.ScriptEngine.runScriptAsRawText(ScriptEngine.java:119)
	at com.kms.katalon.core.main.TestCaseExecutor.runScript(TestCaseExecutor.java:328)
	at com.kms.katalon.core.main.TestCaseExecutor.doExecute(TestCaseExecutor.java:319)
	at com.kms.katalon.core.main.TestCaseExecutor.processExecutionPhase(TestCaseExecutor.java:298)
	at com.kms.katalon.core.main.TestCaseExecutor.accessMainPhase(TestCaseExecutor.java:290)
	at com.kms.katalon.core.main.TestCaseExecutor.execute(TestCaseExecutor.java:224)
	at com.kms.katalon.core.main.TestSuiteExecutor.accessTestCaseMainPhase(TestSuiteExecutor.java:129)
	at com.kms.katalon.core.main.TestSuiteExecutor.accessTestSuiteMainPhase(TestSuiteExecutor.java:112)
	at com.kms.katalon.core.main.TestSuiteExecutor.execute(TestSuiteExecutor.java:81)
	at com.kms.katalon.core.main.TestCaseMain.startTestSuite(TestCaseMain.java:149)
	at com.kms.katalon.core.main.TestCaseMain$startTestSuite$0.call(Unknown Source)
	at TempTestSuite1546526445652.run(TempTestSuite1546526445652.groovy:36)
"/>
         <system-out><![CDATA[2019-01-03 14:41:47 - [TEST_CASE][FAILED] - Test Cases/spolight/E-tron/Animations/MainLights: Test Cases/spolight/E-tron/Animations/MainLights FAILED.
Reason:
com.kms.katalon.core.exception.StepFailedException: Unable to click on object 'Object Repository/E-tron/Animations/Page_SpotLight  Shutter/p_MainLights' (Root cause: org.openqa.selenium.ElementNotVisibleException: element not interactable
  (Session info: chrome=71.0.3578.98)
  (Driver info: chromedriver=2.43.600210 (68dcf5eebde37173d4027fa8635e332711d2874a),platform=Windows NT 6.3.9600 x86_64) (WARNING: The server did not provide any stacktrace information)
Command duration or timeout: 0 milliseconds
Build info: version: '3.7.1', revision: '8a0099a', time: '2017-11-06T21:07:36.161Z'
System info: host: 'Z840-02', ip: '172.20.8.47', os.name: 'Windows 8.1', os.arch: 'amd64', os.version: '6.3', java.version: '1.8.0_181'
Driver info: com.kms.katalon.core.webui.driver.ExistingRemoteWebDriver
Capabilities {javascriptEnabled: true, platform: ANY, platformName: ANY}
Session ID: 39e686c2763271ff74735c646491a8b3)
	at com.kms.katalon.core.keyword.internal.KeywordMain.stepFailed(KeywordMain.groovy:36)
	at com.kms.katalon.core.webui.keyword.internal.WebUIKeywordMain.stepFailed(WebUIKeywordMain.groovy:65)
	at com.kms.katalon.core.webui.keyword.internal.WebUIKeywordMain.runKeyword(WebUIKeywordMain.groovy:27)
	at com.kms.katalon.core.webui.keyword.builtin.ClickKeyword.click(ClickKeyword.groovy:86)
	at com.kms.katalon.core.webui.keyword.builtin.ClickKeyword.execute(ClickKeyword.groovy:67)
	at com.kms.katalon.core.keyword.internal.KeywordExecutor.executeKeywordForPlatform(KeywordExecutor.groovy:53)
	at com.kms.katalon.core.webui.keyword.WebUiBuiltInKeywords.click(WebUiBuiltInKeywords.groovy:616)
	at com.kms.katalon.core.webui.keyword.WebUiBuiltInKeywords$click.call(Unknown Source)
	at MainLights.run(MainLights:18)
	at com.kms.katalon.core.main.ScriptEngine.run(ScriptEngine.java:194)
	at com.kms.katalon.core.main.ScriptEngine.runScriptAsRawText(ScriptEngine.java:119)
	at com.kms.katalon.core.main.TestCaseExecutor.runScript(TestCaseExecutor.java:328)
	at com.kms.katalon.core.main.TestCaseExecutor.doExecute(TestCaseExecutor.java:319)
	at com.kms.katalon.core.main.TestCaseExecutor.processExecutionPhase(TestCaseExecutor.java:298)
	at com.kms.katalon.core.main.TestCaseExecutor.accessMainPhase(TestCaseExecutor.java:290)
	at com.kms.katalon.core.main.TestCaseExecutor.execute(TestCaseExecutor.java:224)
	at com.kms.katalon.core.main.TestSuiteExecutor.accessTestCaseMainPhase(TestSuiteExecutor.java:129)
	at com.kms.katalon.core.main.TestSuiteExecutor.accessTestSuiteMainPhase(TestSuiteExecutor.java:112)
	at com.kms.katalon.core.main.TestSuiteExecutor.execute(TestSuiteExecutor.java:81)
	at com.kms.katalon.core.main.TestCaseMain.startTestSuite(TestCaseMain.java:149)
	at com.kms.katalon.core.main.TestCaseMain$startTestSuite$0.call(Unknown Source)
	at TempTestSuite1546526445652.run(TempTestSuite1546526445652.groovy:36)


2019-01-03 14:41:47 - [TEST_STEP][PASSED] - click(findTestObject("E-tron/Animations/Page_SpotLight  Shutter/img_Multi Shot_ZlUiIconButton_")): Object: 'Object Repository/E-tron/Animations/Page_SpotLight  Shutter/img_Multi Shot_ZlUiIconButton_' is clicked on

2019-01-03 14:41:47 - [MESSAGE][PASSED] - Object: 'Object Repository/E-tron/Animations/Page_SpotLight  Shutter/img_Multi Shot_ZlUiIconButton_' is clicked on

2019-01-03 14:41:47 - [TEST_STEP][FAILED] - click(findTestObject("E-tron/Animations/Page_SpotLight  Shutter/p_MainLights")): click(findTestObject("E-tron/Animations/Page_SpotLight  Shutter/p_MainLights")) FAILED.
Reason:
com.kms.katalon.core.exception.StepFailedException: Unable to click on object 'Object Repository/E-tron/Animations/Page_SpotLight  Shutter/p_MainLights' (Root cause: org.openqa.selenium.ElementNotVisibleException: element not interactable
  (Session info: chrome=71.0.3578.98)
  (Driver info: chromedriver=2.43.600210 (68dcf5eebde37173d4027fa8635e332711d2874a),platform=Windows NT 6.3.9600 x86_64) (WARNING: The server did not provide any stacktrace information)
Command duration or timeout: 0 milliseconds
Build info: version: '3.7.1', revision: '8a0099a', time: '2017-11-06T21:07:36.161Z'
System info: host: 'Z840-02', ip: '172.20.8.47', os.name: 'Windows 8.1', os.arch: 'amd64', os.version: '6.3', java.version: '1.8.0_181'
Driver info: com.kms.katalon.core.webui.driver.ExistingRemoteWebDriver
Capabilities {javascriptEnabled: true, platform: ANY, platformName: ANY}
Session ID: 39e686c2763271ff74735c646491a8b3)
	at com.kms.katalon.core.keyword.internal.KeywordMain.stepFailed(KeywordMain.groovy:36)
	at com.kms.katalon.core.webui.keyword.internal.WebUIKeywordMain.stepFailed(WebUIKeywordMain.groovy:65)
	at com.kms.katalon.core.webui.keyword.internal.WebUIKeywordMain.runKeyword(WebUIKeywordMain.groovy:27)
	at com.kms.katalon.core.webui.keyword.builtin.ClickKeyword.click(ClickKeyword.groovy:86)
	at com.kms.katalon.core.webui.keyword.builtin.ClickKeyword.execute(ClickKeyword.groovy:67)
	at com.kms.katalon.core.keyword.internal.KeywordExecutor.executeKeywordForPlatform(KeywordExecutor.groovy:53)
	at com.kms.katalon.core.webui.keyword.WebUiBuiltInKeywords.click(WebUiBuiltInKeywords.groovy:616)
	at com.kms.katalon.core.webui.keyword.WebUiBuiltInKeywords$click.call(Unknown Source)
	at MainLights.run(MainLights:18)
	at com.kms.katalon.core.main.ScriptEngine.run(ScriptEngine.java:194)
	at com.kms.katalon.core.main.ScriptEngine.runScriptAsRawText(ScriptEngine.java:119)
	at com.kms.katalon.core.main.TestCaseExecutor.runScript(TestCaseExecutor.java:328)
	at com.kms.katalon.core.main.TestCaseExecutor.doExecute(TestCaseExecutor.java:319)
	at com.kms.katalon.core.main.TestCaseExecutor.processExecutionPhase(TestCaseExecutor.java:298)
	at com.kms.katalon.core.main.TestCaseExecutor.accessMainPhase(TestCaseExecutor.java:290)
	at com.kms.katalon.core.main.TestCaseExecutor.execute(TestCaseExecutor.java:224)
	at com.kms.katalon.core.main.TestSuiteExecutor.accessTestCaseMainPhase(TestSuiteExecutor.java:129)
	at com.kms.katalon.core.main.TestSuiteExecutor.accessTestSuiteMainPhase(TestSuiteExecutor.java:112)
	at com.kms.katalon.core.main.TestSuiteExecutor.execute(TestSuiteExecutor.java:81)
	at com.kms.katalon.core.main.TestCaseMain.startTestSuite(TestCaseMain.java:149)
	at com.kms.katalon.core.main.TestCaseMain$startTestSuite$0.call(Unknown Source)
	at TempTestSuite1546526445652.run(TempTestSuite1546526445652.groovy:36)


2019-01-03 14:41:48 - [MESSAGE][FAILED] - Unable to click on object 'Object Repository/E-tron/Animations/Page_SpotLight  Shutter/p_MainLights' (Root cause: org.openqa.selenium.ElementNotVisibleException: element not interactable
  (Session info: chrome=71.0.3578.98)
  (Driver info: chromedriver=2.43.600210 (68dcf5eebde37173d4027fa8635e332711d2874a),platform=Windows NT 6.3.9600 x86_64) (WARNING: The server did not provide any stacktrace information)
Command duration or timeout: 0 milliseconds
Build info: version: '3.7.1', revision: '8a0099a', time: '2017-11-06T21:07:36.161Z'
System info: host: 'Z840-02', ip: '172.20.8.47', os.name: 'Windows 8.1', os.arch: 'amd64', os.version: '6.3', java.version: '1.8.0_181'
Driver info: com.kms.katalon.core.webui.driver.ExistingRemoteWebDriver
Capabilities {javascriptEnabled: true, platform: ANY, platformName: ANY}
Session ID: 39e686c2763271ff74735c646491a8b3)
[[ATTACHMENT|C:\\Users\\builder\\Desktop\\katalon\\Automation\\Reports\\anims\\20190103_144045\\1546526507341.png]]

2019-01-03 14:41:48 - [MESSAGE][FAILED] - click(findTestObject("E-tron/Animations/Page_SpotLight  Shutter/p_MainLights")) FAILED.
Reason:
com.kms.katalon.core.exception.StepFailedException: Unable to click on object 'Object Repository/E-tron/Animations/Page_SpotLight  Shutter/p_MainLights' (Root cause: org.openqa.selenium.ElementNotVisibleException: element not interactable
  (Session info: chrome=71.0.3578.98)
  (Driver info: chromedriver=2.43.600210 (68dcf5eebde37173d4027fa8635e332711d2874a),platform=Windows NT 6.3.9600 x86_64) (WARNING: The server did not provide any stacktrace information)
Command duration or timeout: 0 milliseconds
Build info: version: '3.7.1', revision: '8a0099a', time: '2017-11-06T21:07:36.161Z'
System info: host: 'Z840-02', ip: '172.20.8.47', os.name: 'Windows 8.1', os.arch: 'amd64', os.version: '6.3', java.version: '1.8.0_181'
Driver info: com.kms.katalon.core.webui.driver.ExistingRemoteWebDriver
Capabilities {javascriptEnabled: true, platform: ANY, platformName: ANY}
Session ID: 39e686c2763271ff74735c646491a8b3)
	at com.kms.katalon.core.keyword.internal.KeywordMain.stepFailed(KeywordMain.groovy:36)
	at com.kms.katalon.core.webui.keyword.internal.WebUIKeywordMain.stepFailed(WebUIKeywordMain.groovy:65)
	at com.kms.katalon.core.webui.keyword.internal.WebUIKeywordMain.runKeyword(WebUIKeywordMain.groovy:27)
	at com.kms.katalon.core.webui.keyword.builtin.ClickKeyword.click(ClickKeyword.groovy:86)
	at com.kms.katalon.core.webui.keyword.builtin.ClickKeyword.execute(ClickKeyword.groovy:67)
	at com.kms.katalon.core.keyword.internal.KeywordExecutor.executeKeywordForPlatform(KeywordExecutor.groovy:53)
	at com.kms.katalon.core.webui.keyword.WebUiBuiltInKeywords.click(WebUiBuiltInKeywords.groovy:616)
	at com.kms.katalon.core.webui.keyword.WebUiBuiltInKeywords$click.call(Unknown Source)
	at MainLights.run(MainLights:18)
	at com.kms.katalon.core.main.ScriptEngine.run(ScriptEngine.java:194)
	at com.kms.katalon.core.main.ScriptEngine.runScriptAsRawText(ScriptEngine.java:119)
	at com.kms.katalon.core.main.TestCaseExecutor.runScript(TestCaseExecutor.java:328)
	at com.kms.katalon.core.main.TestCaseExecutor.doExecute(TestCaseExecutor.java:319)
	at com.kms.katalon.core.main.TestCaseExecutor.processExecutionPhase(TestCaseExecutor.java:298)
	at com.kms.katalon.core.main.TestCaseExecutor.accessMainPhase(TestCaseExecutor.java:290)
	at com.kms.katalon.core.main.TestCaseExecutor.execute(TestCaseExecutor.java:224)
	at com.kms.katalon.core.main.TestSuiteExecutor.accessTestCaseMainPhase(TestSuiteExecutor.java:129)
	at com.kms.katalon.core.main.TestSuiteExecutor.accessTestSuiteMainPhase(TestSuiteExecutor.java:112)
	at com.kms.katalon.core.main.TestSuiteExecutor.execute(TestSuiteExecutor.java:81)
	at com.kms.katalon.core.main.TestCaseMain.startTestSuite(TestCaseMain.java:149)
	at com.kms.katalon.core.main.TestCaseMain$startTestSuite$0.call(Unknown Source)
	at TempTestSuite1546526445652.run(TempTestSuite1546526445652.groovy:36)]]></system-out>
         <system-err><![CDATA[2019-01-03 14:41:47 - [TEST_CASE][FAILED] - Test Cases/spolight/E-tron/Animations/MainLights: Test Cases/spolight/E-tron/Animations/MainLights FAILED.
Reason:
com.kms.katalon.core.exception.StepFailedException: Unable to click on object 'Object Repository/E-tron/Animations/Page_SpotLight  Shutter/p_MainLights' (Root cause: org.openqa.selenium.ElementNotVisibleException: element not interactable
  (Session info: chrome=71.0.3578.98)
  (Driver info: chromedriver=2.43.600210 (68dcf5eebde37173d4027fa8635e332711d2874a),platform=Windows NT 6.3.9600 x86_64) (WARNING: The server did not provide any stacktrace information)
Command duration or timeout: 0 milliseconds
Build info: version: '3.7.1', revision: '8a0099a', time: '2017-11-06T21:07:36.161Z'
System info: host: 'Z840-02', ip: '172.20.8.47', os.name: 'Windows 8.1', os.arch: 'amd64', os.version: '6.3', java.version: '1.8.0_181'
Driver info: com.kms.katalon.core.webui.driver.ExistingRemoteWebDriver
Capabilities {javascriptEnabled: true, platform: ANY, platformName: ANY}
Session ID: 39e686c2763271ff74735c646491a8b3)
	at com.kms.katalon.core.keyword.internal.KeywordMain.stepFailed(KeywordMain.groovy:36)
	at com.kms.katalon.core.webui.keyword.internal.WebUIKeywordMain.stepFailed(WebUIKeywordMain.groovy:65)
	at com.kms.katalon.core.webui.keyword.internal.WebUIKeywordMain.runKeyword(WebUIKeywordMain.groovy:27)
	at com.kms.katalon.core.webui.keyword.builtin.ClickKeyword.click(ClickKeyword.groovy:86)
	at com.kms.katalon.core.webui.keyword.builtin.ClickKeyword.execute(ClickKeyword.groovy:67)
	at com.kms.katalon.core.keyword.internal.KeywordExecutor.executeKeywordForPlatform(KeywordExecutor.groovy:53)
	at com.kms.katalon.core.webui.keyword.WebUiBuiltInKeywords.click(WebUiBuiltInKeywords.groovy:616)
	at com.kms.katalon.core.webui.keyword.WebUiBuiltInKeywords$click.call(Unknown Source)
	at MainLights.run(MainLights:18)
	at com.kms.katalon.core.main.ScriptEngine.run(ScriptEngine.java:194)
	at com.kms.katalon.core.main.ScriptEngine.runScriptAsRawText(ScriptEngine.java:119)
	at com.kms.katalon.core.main.TestCaseExecutor.runScript(TestCaseExecutor.java:328)
	at com.kms.katalon.core.main.TestCaseExecutor.doExecute(TestCaseExecutor.java:319)
	at com.kms.katalon.core.main.TestCaseExecutor.processExecutionPhase(TestCaseExecutor.java:298)
	at com.kms.katalon.core.main.TestCaseExecutor.accessMainPhase(TestCaseExecutor.java:290)
	at com.kms.katalon.core.main.TestCaseExecutor.execute(TestCaseExecutor.java:224)
	at com.kms.katalon.core.main.TestSuiteExecutor.accessTestCaseMainPhase(TestSuiteExecutor.java:129)
	at com.kms.katalon.core.main.TestSuiteExecutor.accessTestSuiteMainPhase(TestSuiteExecutor.java:112)
	at com.kms.katalon.core.main.TestSuiteExecutor.execute(TestSuiteExecutor.java:81)
	at com.kms.katalon.core.main.TestCaseMain.startTestSuite(TestCaseMain.java:149)
	at com.kms.katalon.core.main.TestCaseMain$startTestSuite$0.call(Unknown Source)
	at TempTestSuite1546526445652.run(TempTestSuite1546526445652.groovy:36)]]></system-err>
      </testcase>
      <testcase name="Test Cases/spolight/E-tron/Animations/NightLights" classname="Test Cases/spolight/E-tron/Animations/NightLights" status="FAILED">
         <failure type="FAILED" message="Test Cases/spolight/E-tron/Animations/NightLights FAILED.
Reason:
com.kms.katalon.core.exception.StepFailedException: Unable to click on object 'Object Repository/E-tron/Animations/Page_SpotLight  Shutter/img_Multi Shot_ZlUiIconButton_' (Root cause: org.openqa.selenium.WebDriverException: unknown error: Element &lt;img class=&quot;ZlUiIconButton__ButtonIcon-cryQoO dvWaEN&quot; src=&quot;/anim.png&quot; width=&quot;100%&quot; height=&quot;100%&quot; color=&quot;inherit&quot;> is not clickable at point (1042, 905). Other element would receive the click: &lt;div style=&quot;position: fixed; top: 0px; bottom: 0px; left: 0px; right: 0px; z-index: 2000;&quot;>...&lt;/div>
  (Session info: chrome=71.0.3578.98)
  (Driver info: chromedriver=2.43.600210 (68dcf5eebde37173d4027fa8635e332711d2874a),platform=Windows NT 6.3.9600 x86_64) (WARNING: The server did not provide any stacktrace information)
Command duration or timeout: 0 milliseconds
Build info: version: '3.7.1', revision: '8a0099a', time: '2017-11-06T21:07:36.161Z'
System info: host: 'Z840-02', ip: '172.20.8.47', os.name: 'Windows 8.1', os.arch: 'amd64', os.version: '6.3', java.version: '1.8.0_181'
Driver info: com.kms.katalon.core.webui.driver.ExistingRemoteWebDriver
Capabilities {javascriptEnabled: true, platform: ANY, platformName: ANY}
Session ID: 39e686c2763271ff74735c646491a8b3)
	at com.kms.katalon.core.keyword.internal.KeywordMain.stepFailed(KeywordMain.groovy:36)
	at com.kms.katalon.core.webui.keyword.internal.WebUIKeywordMain.stepFailed(WebUIKeywordMain.groovy:65)
	at com.kms.katalon.core.webui.keyword.internal.WebUIKeywordMain.runKeyword(WebUIKeywordMain.groovy:27)
	at com.kms.katalon.core.webui.keyword.builtin.ClickKeyword.click(ClickKeyword.groovy:86)
	at com.kms.katalon.core.webui.keyword.builtin.ClickKeyword.execute(ClickKeyword.groovy:67)
	at com.kms.katalon.core.keyword.internal.KeywordExecutor.executeKeywordForPlatform(KeywordExecutor.groovy:53)
	at com.kms.katalon.core.webui.keyword.WebUiBuiltInKeywords.click(WebUiBuiltInKeywords.groovy:616)
	at com.kms.katalon.core.webui.keyword.WebUiBuiltInKeywords$click.call(Unknown Source)
	at NightLights.run(NightLights:16)
	at com.kms.katalon.core.main.ScriptEngine.run(ScriptEngine.java:194)
	at com.kms.katalon.core.main.ScriptEngine.runScriptAsRawText(ScriptEngine.java:119)
	at com.kms.katalon.core.main.TestCaseExecutor.runScript(TestCaseExecutor.java:328)
	at com.kms.katalon.core.main.TestCaseExecutor.doExecute(TestCaseExecutor.java:319)
	at com.kms.katalon.core.main.TestCaseExecutor.processExecutionPhase(TestCaseExecutor.java:298)
	at com.kms.katalon.core.main.TestCaseExecutor.accessMainPhase(TestCaseExecutor.java:290)
	at com.kms.katalon.core.main.TestCaseExecutor.execute(TestCaseExecutor.java:224)
	at com.kms.katalon.core.main.TestSuiteExecutor.accessTestCaseMainPhase(TestSuiteExecutor.java:129)
	at com.kms.katalon.core.main.TestSuiteExecutor.accessTestSuiteMainPhase(TestSuiteExecutor.java:112)
	at com.kms.katalon.core.main.TestSuiteExecutor.execute(TestSuiteExecutor.java:81)
	at com.kms.katalon.core.main.TestCaseMain.startTestSuite(TestCaseMain.java:149)
	at com.kms.katalon.core.main.TestCaseMain$startTestSuite$0.call(Unknown Source)
	at TempTestSuite1546526445652.run(TempTestSuite1546526445652.groovy:36)
"/>
         <system-out><![CDATA[2019-01-03 14:41:48 - [TEST_CASE][FAILED] - Test Cases/spolight/E-tron/Animations/NightLights: Test Cases/spolight/E-tron/Animations/NightLights FAILED.
Reason:
com.kms.katalon.core.exception.StepFailedException: Unable to click on object 'Object Repository/E-tron/Animations/Page_SpotLight  Shutter/img_Multi Shot_ZlUiIconButton_' (Root cause: org.openqa.selenium.WebDriverException: unknown error: Element <img class="ZlUiIconButton__ButtonIcon-cryQoO dvWaEN" src="/anim.png" width="100%" height="100%" color="inherit"> is not clickable at point (1042, 905). Other element would receive the click: <div style="position: fixed; top: 0px; bottom: 0px; left: 0px; right: 0px; z-index: 2000;">...</div>
  (Session info: chrome=71.0.3578.98)
  (Driver info: chromedriver=2.43.600210 (68dcf5eebde37173d4027fa8635e332711d2874a),platform=Windows NT 6.3.9600 x86_64) (WARNING: The server did not provide any stacktrace information)
Command duration or timeout: 0 milliseconds
Build info: version: '3.7.1', revision: '8a0099a', time: '2017-11-06T21:07:36.161Z'
System info: host: 'Z840-02', ip: '172.20.8.47', os.name: 'Windows 8.1', os.arch: 'amd64', os.version: '6.3', java.version: '1.8.0_181'
Driver info: com.kms.katalon.core.webui.driver.ExistingRemoteWebDriver
Capabilities {javascriptEnabled: true, platform: ANY, platformName: ANY}
Session ID: 39e686c2763271ff74735c646491a8b3)
	at com.kms.katalon.core.keyword.internal.KeywordMain.stepFailed(KeywordMain.groovy:36)
	at com.kms.katalon.core.webui.keyword.internal.WebUIKeywordMain.stepFailed(WebUIKeywordMain.groovy:65)
	at com.kms.katalon.core.webui.keyword.internal.WebUIKeywordMain.runKeyword(WebUIKeywordMain.groovy:27)
	at com.kms.katalon.core.webui.keyword.builtin.ClickKeyword.click(ClickKeyword.groovy:86)
	at com.kms.katalon.core.webui.keyword.builtin.ClickKeyword.execute(ClickKeyword.groovy:67)
	at com.kms.katalon.core.keyword.internal.KeywordExecutor.executeKeywordForPlatform(KeywordExecutor.groovy:53)
	at com.kms.katalon.core.webui.keyword.WebUiBuiltInKeywords.click(WebUiBuiltInKeywords.groovy:616)
	at com.kms.katalon.core.webui.keyword.WebUiBuiltInKeywords$click.call(Unknown Source)
	at NightLights.run(NightLights:16)
	at com.kms.katalon.core.main.ScriptEngine.run(ScriptEngine.java:194)
	at com.kms.katalon.core.main.ScriptEngine.runScriptAsRawText(ScriptEngine.java:119)
	at com.kms.katalon.core.main.TestCaseExecutor.runScript(TestCaseExecutor.java:328)
	at com.kms.katalon.core.main.TestCaseExecutor.doExecute(TestCaseExecutor.java:319)
	at com.kms.katalon.core.main.TestCaseExecutor.processExecutionPhase(TestCaseExecutor.java:298)
	at com.kms.katalon.core.main.TestCaseExecutor.accessMainPhase(TestCaseExecutor.java:290)
	at com.kms.katalon.core.main.TestCaseExecutor.execute(TestCaseExecutor.java:224)
	at com.kms.katalon.core.main.TestSuiteExecutor.accessTestCaseMainPhase(TestSuiteExecutor.java:129)
	at com.kms.katalon.core.main.TestSuiteExecutor.accessTestSuiteMainPhase(TestSuiteExecutor.java:112)
	at com.kms.katalon.core.main.TestSuiteExecutor.execute(TestSuiteExecutor.java:81)
	at com.kms.katalon.core.main.TestCaseMain.startTestSuite(TestCaseMain.java:149)
	at com.kms.katalon.core.main.TestCaseMain$startTestSuite$0.call(Unknown Source)
	at TempTestSuite1546526445652.run(TempTestSuite1546526445652.groovy:36)


2019-01-03 14:41:48 - [TEST_STEP][FAILED] - click(findTestObject("E-tron/Animations/Page_SpotLight  Shutter/img_Multi Shot_ZlUiIconButton_")): click(findTestObject("E-tron/Animations/Page_SpotLight  Shutter/img_Multi Shot_ZlUiIconButton_")) FAILED.
Reason:
com.kms.katalon.core.exception.StepFailedException: Unable to click on object 'Object Repository/E-tron/Animations/Page_SpotLight  Shutter/img_Multi Shot_ZlUiIconButton_' (Root cause: org.openqa.selenium.WebDriverException: unknown error: Element <img class="ZlUiIconButton__ButtonIcon-cryQoO dvWaEN" src="/anim.png" width="100%" height="100%" color="inherit"> is not clickable at point (1042, 905). Other element would receive the click: <div style="position: fixed; top: 0px; bottom: 0px; left: 0px; right: 0px; z-index: 2000;">...</div>
  (Session info: chrome=71.0.3578.98)
  (Driver info: chromedriver=2.43.600210 (68dcf5eebde37173d4027fa8635e332711d2874a),platform=Windows NT 6.3.9600 x86_64) (WARNING: The server did not provide any stacktrace information)
Command duration or timeout: 0 milliseconds
Build info: version: '3.7.1', revision: '8a0099a', time: '2017-11-06T21:07:36.161Z'
System info: host: 'Z840-02', ip: '172.20.8.47', os.name: 'Windows 8.1', os.arch: 'amd64', os.version: '6.3', java.version: '1.8.0_181'
Driver info: com.kms.katalon.core.webui.driver.ExistingRemoteWebDriver
Capabilities {javascriptEnabled: true, platform: ANY, platformName: ANY}
Session ID: 39e686c2763271ff74735c646491a8b3)
	at com.kms.katalon.core.keyword.internal.KeywordMain.stepFailed(KeywordMain.groovy:36)
	at com.kms.katalon.core.webui.keyword.internal.WebUIKeywordMain.stepFailed(WebUIKeywordMain.groovy:65)
	at com.kms.katalon.core.webui.keyword.internal.WebUIKeywordMain.runKeyword(WebUIKeywordMain.groovy:27)
	at com.kms.katalon.core.webui.keyword.builtin.ClickKeyword.click(ClickKeyword.groovy:86)
	at com.kms.katalon.core.webui.keyword.builtin.ClickKeyword.execute(ClickKeyword.groovy:67)
	at com.kms.katalon.core.keyword.internal.KeywordExecutor.executeKeywordForPlatform(KeywordExecutor.groovy:53)
	at com.kms.katalon.core.webui.keyword.WebUiBuiltInKeywords.click(WebUiBuiltInKeywords.groovy:616)
	at com.kms.katalon.core.webui.keyword.WebUiBuiltInKeywords$click.call(Unknown Source)
	at NightLights.run(NightLights:16)
	at com.kms.katalon.core.main.ScriptEngine.run(ScriptEngine.java:194)
	at com.kms.katalon.core.main.ScriptEngine.runScriptAsRawText(ScriptEngine.java:119)
	at com.kms.katalon.core.main.TestCaseExecutor.runScript(TestCaseExecutor.java:328)
	at com.kms.katalon.core.main.TestCaseExecutor.doExecute(TestCaseExecutor.java:319)
	at com.kms.katalon.core.main.TestCaseExecutor.processExecutionPhase(TestCaseExecutor.java:298)
	at com.kms.katalon.core.main.TestCaseExecutor.accessMainPhase(TestCaseExecutor.java:290)
	at com.kms.katalon.core.main.TestCaseExecutor.execute(TestCaseExecutor.java:224)
	at com.kms.katalon.core.main.TestSuiteExecutor.accessTestCaseMainPhase(TestSuiteExecutor.java:129)
	at com.kms.katalon.core.main.TestSuiteExecutor.accessTestSuiteMainPhase(TestSuiteExecutor.java:112)
	at com.kms.katalon.core.main.TestSuiteExecutor.execute(TestSuiteExecutor.java:81)
	at com.kms.katalon.core.main.TestCaseMain.startTestSuite(TestCaseMain.java:149)
	at com.kms.katalon.core.main.TestCaseMain$startTestSuite$0.call(Unknown Source)
	at TempTestSuite1546526445652.run(TempTestSuite1546526445652.groovy:36)


2019-01-03 14:41:48 - [MESSAGE][FAILED] - Unable to click on object 'Object Repository/E-tron/Animations/Page_SpotLight  Shutter/img_Multi Shot_ZlUiIconButton_' (Root cause: org.openqa.selenium.WebDriverException: unknown error: Element <img class="ZlUiIconButton__ButtonIcon-cryQoO dvWaEN" src="/anim.png" width="100%" height="100%" color="inherit"> is not clickable at point (1042, 905). Other element would receive the click: <div style="position: fixed; top: 0px; bottom: 0px; left: 0px; right: 0px; z-index: 2000;">...</div>
  (Session info: chrome=71.0.3578.98)
  (Driver info: chromedriver=2.43.600210 (68dcf5eebde37173d4027fa8635e332711d2874a),platform=Windows NT 6.3.9600 x86_64) (WARNING: The server did not provide any stacktrace information)
Command duration or timeout: 0 milliseconds
Build info: version: '3.7.1', revision: '8a0099a', time: '2017-11-06T21:07:36.161Z'
System info: host: 'Z840-02', ip: '172.20.8.47', os.name: 'Windows 8.1', os.arch: 'amd64', os.version: '6.3', java.version: '1.8.0_181'
Driver info: com.kms.katalon.core.webui.driver.ExistingRemoteWebDriver
Capabilities {javascriptEnabled: true, platform: ANY, platformName: ANY}
Session ID: 39e686c2763271ff74735c646491a8b3)
[[ATTACHMENT|C:\\Users\\builder\\Desktop\\katalon\\Automation\\Reports\\anims\\20190103_144045\\1546526508422.png]]

2019-01-03 14:41:48 - [MESSAGE][FAILED] - click(findTestObject("E-tron/Animations/Page_SpotLight  Shutter/img_Multi Shot_ZlUiIconButton_")) FAILED.
Reason:
com.kms.katalon.core.exception.StepFailedException: Unable to click on object 'Object Repository/E-tron/Animations/Page_SpotLight  Shutter/img_Multi Shot_ZlUiIconButton_' (Root cause: org.openqa.selenium.WebDriverException: unknown error: Element <img class="ZlUiIconButton__ButtonIcon-cryQoO dvWaEN" src="/anim.png" width="100%" height="100%" color="inherit"> is not clickable at point (1042, 905). Other element would receive the click: <div style="position: fixed; top: 0px; bottom: 0px; left: 0px; right: 0px; z-index: 2000;">...</div>
  (Session info: chrome=71.0.3578.98)
  (Driver info: chromedriver=2.43.600210 (68dcf5eebde37173d4027fa8635e332711d2874a),platform=Windows NT 6.3.9600 x86_64) (WARNING: The server did not provide any stacktrace information)
Command duration or timeout: 0 milliseconds
Build info: version: '3.7.1', revision: '8a0099a', time: '2017-11-06T21:07:36.161Z'
System info: host: 'Z840-02', ip: '172.20.8.47', os.name: 'Windows 8.1', os.arch: 'amd64', os.version: '6.3', java.version: '1.8.0_181'
Driver info: com.kms.katalon.core.webui.driver.ExistingRemoteWebDriver
Capabilities {javascriptEnabled: true, platform: ANY, platformName: ANY}
Session ID: 39e686c2763271ff74735c646491a8b3)
	at com.kms.katalon.core.keyword.internal.KeywordMain.stepFailed(KeywordMain.groovy:36)
	at com.kms.katalon.core.webui.keyword.internal.WebUIKeywordMain.stepFailed(WebUIKeywordMain.groovy:65)
	at com.kms.katalon.core.webui.keyword.internal.WebUIKeywordMain.runKeyword(WebUIKeywordMain.groovy:27)
	at com.kms.katalon.core.webui.keyword.builtin.ClickKeyword.click(ClickKeyword.groovy:86)
	at com.kms.katalon.core.webui.keyword.builtin.ClickKeyword.execute(ClickKeyword.groovy:67)
	at com.kms.katalon.core.keyword.internal.KeywordExecutor.executeKeywordForPlatform(KeywordExecutor.groovy:53)
	at com.kms.katalon.core.webui.keyword.WebUiBuiltInKeywords.click(WebUiBuiltInKeywords.groovy:616)
	at com.kms.katalon.core.webui.keyword.WebUiBuiltInKeywords$click.call(Unknown Source)
	at NightLights.run(NightLights:16)
	at com.kms.katalon.core.main.ScriptEngine.run(ScriptEngine.java:194)
	at com.kms.katalon.core.main.ScriptEngine.runScriptAsRawText(ScriptEngine.java:119)
	at com.kms.katalon.core.main.TestCaseExecutor.runScript(TestCaseExecutor.java:328)
	at com.kms.katalon.core.main.TestCaseExecutor.doExecute(TestCaseExecutor.java:319)
	at com.kms.katalon.core.main.TestCaseExecutor.processExecutionPhase(TestCaseExecutor.java:298)
	at com.kms.katalon.core.main.TestCaseExecutor.accessMainPhase(TestCaseExecutor.java:290)
	at com.kms.katalon.core.main.TestCaseExecutor.execute(TestCaseExecutor.java:224)
	at com.kms.katalon.core.main.TestSuiteExecutor.accessTestCaseMainPhase(TestSuiteExecutor.java:129)
	at com.kms.katalon.core.main.TestSuiteExecutor.accessTestSuiteMainPhase(TestSuiteExecutor.java:112)
	at com.kms.katalon.core.main.TestSuiteExecutor.execute(TestSuiteExecutor.java:81)
	at com.kms.katalon.core.main.TestCaseMain.startTestSuite(TestCaseMain.java:149)
	at com.kms.katalon.core.main.TestCaseMain$startTestSuite$0.call(Unknown Source)
	at TempTestSuite1546526445652.run(TempTestSuite1546526445652.groovy:36)]]></system-out>
         <system-err><![CDATA[2019-01-03 14:41:48 - [TEST_CASE][FAILED] - Test Cases/spolight/E-tron/Animations/NightLights: Test Cases/spolight/E-tron/Animations/NightLights FAILED.
Reason:
com.kms.katalon.core.exception.StepFailedException: Unable to click on object 'Object Repository/E-tron/Animations/Page_SpotLight  Shutter/img_Multi Shot_ZlUiIconButton_' (Root cause: org.openqa.selenium.WebDriverException: unknown error: Element <img class="ZlUiIconButton__ButtonIcon-cryQoO dvWaEN" src="/anim.png" width="100%" height="100%" color="inherit"> is not clickable at point (1042, 905). Other element would receive the click: <div style="position: fixed; top: 0px; bottom: 0px; left: 0px; right: 0px; z-index: 2000;">...</div>
  (Session info: chrome=71.0.3578.98)
  (Driver info: chromedriver=2.43.600210 (68dcf5eebde37173d4027fa8635e332711d2874a),platform=Windows NT 6.3.9600 x86_64) (WARNING: The server did not provide any stacktrace information)
Command duration or timeout: 0 milliseconds
Build info: version: '3.7.1', revision: '8a0099a', time: '2017-11-06T21:07:36.161Z'
System info: host: 'Z840-02', ip: '172.20.8.47', os.name: 'Windows 8.1', os.arch: 'amd64', os.version: '6.3', java.version: '1.8.0_181'
Driver info: com.kms.katalon.core.webui.driver.ExistingRemoteWebDriver
Capabilities {javascriptEnabled: true, platform: ANY, platformName: ANY}
Session ID: 39e686c2763271ff74735c646491a8b3)
	at com.kms.katalon.core.keyword.internal.KeywordMain.stepFailed(KeywordMain.groovy:36)
	at com.kms.katalon.core.webui.keyword.internal.WebUIKeywordMain.stepFailed(WebUIKeywordMain.groovy:65)
	at com.kms.katalon.core.webui.keyword.internal.WebUIKeywordMain.runKeyword(WebUIKeywordMain.groovy:27)
	at com.kms.katalon.core.webui.keyword.builtin.ClickKeyword.click(ClickKeyword.groovy:86)
	at com.kms.katalon.core.webui.keyword.builtin.ClickKeyword.execute(ClickKeyword.groovy:67)
	at com.kms.katalon.core.keyword.internal.KeywordExecutor.executeKeywordForPlatform(KeywordExecutor.groovy:53)
	at com.kms.katalon.core.webui.keyword.WebUiBuiltInKeywords.click(WebUiBuiltInKeywords.groovy:616)
	at com.kms.katalon.core.webui.keyword.WebUiBuiltInKeywords$click.call(Unknown Source)
	at NightLights.run(NightLights:16)
	at com.kms.katalon.core.main.ScriptEngine.run(ScriptEngine.java:194)
	at com.kms.katalon.core.main.ScriptEngine.runScriptAsRawText(ScriptEngine.java:119)
	at com.kms.katalon.core.main.TestCaseExecutor.runScript(TestCaseExecutor.java:328)
	at com.kms.katalon.core.main.TestCaseExecutor.doExecute(TestCaseExecutor.java:319)
	at com.kms.katalon.core.main.TestCaseExecutor.processExecutionPhase(TestCaseExecutor.java:298)
	at com.kms.katalon.core.main.TestCaseExecutor.accessMainPhase(TestCaseExecutor.java:290)
	at com.kms.katalon.core.main.TestCaseExecutor.execute(TestCaseExecutor.java:224)
	at com.kms.katalon.core.main.TestSuiteExecutor.accessTestCaseMainPhase(TestSuiteExecutor.java:129)
	at com.kms.katalon.core.main.TestSuiteExecutor.accessTestSuiteMainPhase(TestSuiteExecutor.java:112)
	at com.kms.katalon.core.main.TestSuiteExecutor.execute(TestSuiteExecutor.java:81)
	at com.kms.katalon.core.main.TestCaseMain.startTestSuite(TestCaseMain.java:149)
	at com.kms.katalon.core.main.TestCaseMain$startTestSuite$0.call(Unknown Source)
	at TempTestSuite1546526445652.run(TempTestSuite1546526445652.groovy:36)]]></system-err>
      </testcase>
      <testcase name="Test Cases/spolight/E-tron/Animations/SoundSystem" classname="Test Cases/spolight/E-tron/Animations/SoundSystem" status="FAILED">
         <failure type="FAILED" message="Test Cases/spolight/E-tron/Animations/SoundSystem FAILED.
Reason:
com.kms.katalon.core.exception.StepFailedException: Unable to click on object 'Object Repository/E-tron/Animations/Page_SpotLight  Shutter/img_Multi Shot_ZlUiIconButton_' (Root cause: org.openqa.selenium.WebDriverException: unknown error: Element &lt;img class=&quot;ZlUiIconButton__ButtonIcon-cryQoO dvWaEN&quot; src=&quot;/anim.png&quot; width=&quot;100%&quot; height=&quot;100%&quot; color=&quot;inherit&quot;> is not clickable at point (1042, 905). Other element would receive the click: &lt;div style=&quot;position: fixed; top: 0px; bottom: 0px; left: 0px; right: 0px; z-index: 2000;&quot;>...&lt;/div>
  (Session info: chrome=71.0.3578.98)
  (Driver info: chromedriver=2.43.600210 (68dcf5eebde37173d4027fa8635e332711d2874a),platform=Windows NT 6.3.9600 x86_64) (WARNING: The server did not provide any stacktrace information)
Command duration or timeout: 0 milliseconds
Build info: version: '3.7.1', revision: '8a0099a', time: '2017-11-06T21:07:36.161Z'
System info: host: 'Z840-02', ip: '172.20.8.47', os.name: 'Windows 8.1', os.arch: 'amd64', os.version: '6.3', java.version: '1.8.0_181'
Driver info: com.kms.katalon.core.webui.driver.ExistingRemoteWebDriver
Capabilities {javascriptEnabled: true, platform: ANY, platformName: ANY}
Session ID: 39e686c2763271ff74735c646491a8b3)
	at com.kms.katalon.core.keyword.internal.KeywordMain.stepFailed(KeywordMain.groovy:36)
	at com.kms.katalon.core.webui.keyword.internal.WebUIKeywordMain.stepFailed(WebUIKeywordMain.groovy:65)
	at com.kms.katalon.core.webui.keyword.internal.WebUIKeywordMain.runKeyword(WebUIKeywordMain.groovy:27)
	at com.kms.katalon.core.webui.keyword.builtin.ClickKeyword.click(ClickKeyword.groovy:86)
	at com.kms.katalon.core.webui.keyword.builtin.ClickKeyword.execute(ClickKeyword.groovy:67)
	at com.kms.katalon.core.keyword.internal.KeywordExecutor.executeKeywordForPlatform(KeywordExecutor.groovy:53)
	at com.kms.katalon.core.webui.keyword.WebUiBuiltInKeywords.click(WebUiBuiltInKeywords.groovy:616)
	at com.kms.katalon.core.webui.keyword.WebUiBuiltInKeywords$click.call(Unknown Source)
	at SoundSystem.run(SoundSystem:16)
	at com.kms.katalon.core.main.ScriptEngine.run(ScriptEngine.java:194)
	at com.kms.katalon.core.main.ScriptEngine.runScriptAsRawText(ScriptEngine.java:119)
	at com.kms.katalon.core.main.TestCaseExecutor.runScript(TestCaseExecutor.java:328)
	at com.kms.katalon.core.main.TestCaseExecutor.doExecute(TestCaseExecutor.java:319)
	at com.kms.katalon.core.main.TestCaseExecutor.processExecutionPhase(TestCaseExecutor.java:298)
	at com.kms.katalon.core.main.TestCaseExecutor.accessMainPhase(TestCaseExecutor.java:290)
	at com.kms.katalon.core.main.TestCaseExecutor.execute(TestCaseExecutor.java:224)
	at com.kms.katalon.core.main.TestSuiteExecutor.accessTestCaseMainPhase(TestSuiteExecutor.java:129)
	at com.kms.katalon.core.main.TestSuiteExecutor.accessTestSuiteMainPhase(TestSuiteExecutor.java:112)
	at com.kms.katalon.core.main.TestSuiteExecutor.execute(TestSuiteExecutor.java:81)
	at com.kms.katalon.core.main.TestCaseMain.startTestSuite(TestCaseMain.java:149)
	at com.kms.katalon.core.main.TestCaseMain$startTestSuite$0.call(Unknown Source)
	at TempTestSuite1546526445652.run(TempTestSuite1546526445652.groovy:36)
"/>
         <system-out><![CDATA[2019-01-03 14:41:48 - [TEST_CASE][FAILED] - Test Cases/spolight/E-tron/Animations/SoundSystem: Test Cases/spolight/E-tron/Animations/SoundSystem FAILED.
Reason:
com.kms.katalon.core.exception.StepFailedException: Unable to click on object 'Object Repository/E-tron/Animations/Page_SpotLight  Shutter/img_Multi Shot_ZlUiIconButton_' (Root cause: org.openqa.selenium.WebDriverException: unknown error: Element <img class="ZlUiIconButton__ButtonIcon-cryQoO dvWaEN" src="/anim.png" width="100%" height="100%" color="inherit"> is not clickable at point (1042, 905). Other element would receive the click: <div style="position: fixed; top: 0px; bottom: 0px; left: 0px; right: 0px; z-index: 2000;">...</div>
  (Session info: chrome=71.0.3578.98)
  (Driver info: chromedriver=2.43.600210 (68dcf5eebde37173d4027fa8635e332711d2874a),platform=Windows NT 6.3.9600 x86_64) (WARNING: The server did not provide any stacktrace information)
Command duration or timeout: 0 milliseconds
Build info: version: '3.7.1', revision: '8a0099a', time: '2017-11-06T21:07:36.161Z'
System info: host: 'Z840-02', ip: '172.20.8.47', os.name: 'Windows 8.1', os.arch: 'amd64', os.version: '6.3', java.version: '1.8.0_181'
Driver info: com.kms.katalon.core.webui.driver.ExistingRemoteWebDriver
Capabilities {javascriptEnabled: true, platform: ANY, platformName: ANY}
Session ID: 39e686c2763271ff74735c646491a8b3)
	at com.kms.katalon.core.keyword.internal.KeywordMain.stepFailed(KeywordMain.groovy:36)
	at com.kms.katalon.core.webui.keyword.internal.WebUIKeywordMain.stepFailed(WebUIKeywordMain.groovy:65)
	at com.kms.katalon.core.webui.keyword.internal.WebUIKeywordMain.runKeyword(WebUIKeywordMain.groovy:27)
	at com.kms.katalon.core.webui.keyword.builtin.ClickKeyword.click(ClickKeyword.groovy:86)
	at com.kms.katalon.core.webui.keyword.builtin.ClickKeyword.execute(ClickKeyword.groovy:67)
	at com.kms.katalon.core.keyword.internal.KeywordExecutor.executeKeywordForPlatform(KeywordExecutor.groovy:53)
	at com.kms.katalon.core.webui.keyword.WebUiBuiltInKeywords.click(WebUiBuiltInKeywords.groovy:616)
	at com.kms.katalon.core.webui.keyword.WebUiBuiltInKeywords$click.call(Unknown Source)
	at SoundSystem.run(SoundSystem:16)
	at com.kms.katalon.core.main.ScriptEngine.run(ScriptEngine.java:194)
	at com.kms.katalon.core.main.ScriptEngine.runScriptAsRawText(ScriptEngine.java:119)
	at com.kms.katalon.core.main.TestCaseExecutor.runScript(TestCaseExecutor.java:328)
	at com.kms.katalon.core.main.TestCaseExecutor.doExecute(TestCaseExecutor.java:319)
	at com.kms.katalon.core.main.TestCaseExecutor.processExecutionPhase(TestCaseExecutor.java:298)
	at com.kms.katalon.core.main.TestCaseExecutor.accessMainPhase(TestCaseExecutor.java:290)
	at com.kms.katalon.core.main.TestCaseExecutor.execute(TestCaseExecutor.java:224)
	at com.kms.katalon.core.main.TestSuiteExecutor.accessTestCaseMainPhase(TestSuiteExecutor.java:129)
	at com.kms.katalon.core.main.TestSuiteExecutor.accessTestSuiteMainPhase(TestSuiteExecutor.java:112)
	at com.kms.katalon.core.main.TestSuiteExecutor.execute(TestSuiteExecutor.java:81)
	at com.kms.katalon.core.main.TestCaseMain.startTestSuite(TestCaseMain.java:149)
	at com.kms.katalon.core.main.TestCaseMain$startTestSuite$0.call(Unknown Source)
	at TempTestSuite1546526445652.run(TempTestSuite1546526445652.groovy:36)


2019-01-03 14:41:49 - [TEST_STEP][FAILED] - click(findTestObject("E-tron/Animations/Page_SpotLight  Shutter/img_Multi Shot_ZlUiIconButton_")): click(findTestObject("E-tron/Animations/Page_SpotLight  Shutter/img_Multi Shot_ZlUiIconButton_")) FAILED.
Reason:
com.kms.katalon.core.exception.StepFailedException: Unable to click on object 'Object Repository/E-tron/Animations/Page_SpotLight  Shutter/img_Multi Shot_ZlUiIconButton_' (Root cause: org.openqa.selenium.WebDriverException: unknown error: Element <img class="ZlUiIconButton__ButtonIcon-cryQoO dvWaEN" src="/anim.png" width="100%" height="100%" color="inherit"> is not clickable at point (1042, 905). Other element would receive the click: <div style="position: fixed; top: 0px; bottom: 0px; left: 0px; right: 0px; z-index: 2000;">...</div>
  (Session info: chrome=71.0.3578.98)
  (Driver info: chromedriver=2.43.600210 (68dcf5eebde37173d4027fa8635e332711d2874a),platform=Windows NT 6.3.9600 x86_64) (WARNING: The server did not provide any stacktrace information)
Command duration or timeout: 0 milliseconds
Build info: version: '3.7.1', revision: '8a0099a', time: '2017-11-06T21:07:36.161Z'
System info: host: 'Z840-02', ip: '172.20.8.47', os.name: 'Windows 8.1', os.arch: 'amd64', os.version: '6.3', java.version: '1.8.0_181'
Driver info: com.kms.katalon.core.webui.driver.ExistingRemoteWebDriver
Capabilities {javascriptEnabled: true, platform: ANY, platformName: ANY}
Session ID: 39e686c2763271ff74735c646491a8b3)
	at com.kms.katalon.core.keyword.internal.KeywordMain.stepFailed(KeywordMain.groovy:36)
	at com.kms.katalon.core.webui.keyword.internal.WebUIKeywordMain.stepFailed(WebUIKeywordMain.groovy:65)
	at com.kms.katalon.core.webui.keyword.internal.WebUIKeywordMain.runKeyword(WebUIKeywordMain.groovy:27)
	at com.kms.katalon.core.webui.keyword.builtin.ClickKeyword.click(ClickKeyword.groovy:86)
	at com.kms.katalon.core.webui.keyword.builtin.ClickKeyword.execute(ClickKeyword.groovy:67)
	at com.kms.katalon.core.keyword.internal.KeywordExecutor.executeKeywordForPlatform(KeywordExecutor.groovy:53)
	at com.kms.katalon.core.webui.keyword.WebUiBuiltInKeywords.click(WebUiBuiltInKeywords.groovy:616)
	at com.kms.katalon.core.webui.keyword.WebUiBuiltInKeywords$click.call(Unknown Source)
	at SoundSystem.run(SoundSystem:16)
	at com.kms.katalon.core.main.ScriptEngine.run(ScriptEngine.java:194)
	at com.kms.katalon.core.main.ScriptEngine.runScriptAsRawText(ScriptEngine.java:119)
	at com.kms.katalon.core.main.TestCaseExecutor.runScript(TestCaseExecutor.java:328)
	at com.kms.katalon.core.main.TestCaseExecutor.doExecute(TestCaseExecutor.java:319)
	at com.kms.katalon.core.main.TestCaseExecutor.processExecutionPhase(TestCaseExecutor.java:298)
	at com.kms.katalon.core.main.TestCaseExecutor.accessMainPhase(TestCaseExecutor.java:290)
	at com.kms.katalon.core.main.TestCaseExecutor.execute(TestCaseExecutor.java:224)
	at com.kms.katalon.core.main.TestSuiteExecutor.accessTestCaseMainPhase(TestSuiteExecutor.java:129)
	at com.kms.katalon.core.main.TestSuiteExecutor.accessTestSuiteMainPhase(TestSuiteExecutor.java:112)
	at com.kms.katalon.core.main.TestSuiteExecutor.execute(TestSuiteExecutor.java:81)
	at com.kms.katalon.core.main.TestCaseMain.startTestSuite(TestCaseMain.java:149)
	at com.kms.katalon.core.main.TestCaseMain$startTestSuite$0.call(Unknown Source)
	at TempTestSuite1546526445652.run(TempTestSuite1546526445652.groovy:36)


2019-01-03 14:41:49 - [MESSAGE][FAILED] - Unable to click on object 'Object Repository/E-tron/Animations/Page_SpotLight  Shutter/img_Multi Shot_ZlUiIconButton_' (Root cause: org.openqa.selenium.WebDriverException: unknown error: Element <img class="ZlUiIconButton__ButtonIcon-cryQoO dvWaEN" src="/anim.png" width="100%" height="100%" color="inherit"> is not clickable at point (1042, 905). Other element would receive the click: <div style="position: fixed; top: 0px; bottom: 0px; left: 0px; right: 0px; z-index: 2000;">...</div>
  (Session info: chrome=71.0.3578.98)
  (Driver info: chromedriver=2.43.600210 (68dcf5eebde37173d4027fa8635e332711d2874a),platform=Windows NT 6.3.9600 x86_64) (WARNING: The server did not provide any stacktrace information)
Command duration or timeout: 0 milliseconds
Build info: version: '3.7.1', revision: '8a0099a', time: '2017-11-06T21:07:36.161Z'
System info: host: 'Z840-02', ip: '172.20.8.47', os.name: 'Windows 8.1', os.arch: 'amd64', os.version: '6.3', java.version: '1.8.0_181'
Driver info: com.kms.katalon.core.webui.driver.ExistingRemoteWebDriver
Capabilities {javascriptEnabled: true, platform: ANY, platformName: ANY}
Session ID: 39e686c2763271ff74735c646491a8b3)
[[ATTACHMENT|C:\\Users\\builder\\Desktop\\katalon\\Automation\\Reports\\anims\\20190103_144045\\1546526509131.png]]

2019-01-03 14:41:49 - [MESSAGE][FAILED] - click(findTestObject("E-tron/Animations/Page_SpotLight  Shutter/img_Multi Shot_ZlUiIconButton_")) FAILED.
Reason:
com.kms.katalon.core.exception.StepFailedException: Unable to click on object 'Object Repository/E-tron/Animations/Page_SpotLight  Shutter/img_Multi Shot_ZlUiIconButton_' (Root cause: org.openqa.selenium.WebDriverException: unknown error: Element <img class="ZlUiIconButton__ButtonIcon-cryQoO dvWaEN" src="/anim.png" width="100%" height="100%" color="inherit"> is not clickable at point (1042, 905). Other element would receive the click: <div style="position: fixed; top: 0px; bottom: 0px; left: 0px; right: 0px; z-index: 2000;">...</div>
  (Session info: chrome=71.0.3578.98)
  (Driver info: chromedriver=2.43.600210 (68dcf5eebde37173d4027fa8635e332711d2874a),platform=Windows NT 6.3.9600 x86_64) (WARNING: The server did not provide any stacktrace information)
Command duration or timeout: 0 milliseconds
Build info: version: '3.7.1', revision: '8a0099a', time: '2017-11-06T21:07:36.161Z'
System info: host: 'Z840-02', ip: '172.20.8.47', os.name: 'Windows 8.1', os.arch: 'amd64', os.version: '6.3', java.version: '1.8.0_181'
Driver info: com.kms.katalon.core.webui.driver.ExistingRemoteWebDriver
Capabilities {javascriptEnabled: true, platform: ANY, platformName: ANY}
Session ID: 39e686c2763271ff74735c646491a8b3)
	at com.kms.katalon.core.keyword.internal.KeywordMain.stepFailed(KeywordMain.groovy:36)
	at com.kms.katalon.core.webui.keyword.internal.WebUIKeywordMain.stepFailed(WebUIKeywordMain.groovy:65)
	at com.kms.katalon.core.webui.keyword.internal.WebUIKeywordMain.runKeyword(WebUIKeywordMain.groovy:27)
	at com.kms.katalon.core.webui.keyword.builtin.ClickKeyword.click(ClickKeyword.groovy:86)
	at com.kms.katalon.core.webui.keyword.builtin.ClickKeyword.execute(ClickKeyword.groovy:67)
	at com.kms.katalon.core.keyword.internal.KeywordExecutor.executeKeywordForPlatform(KeywordExecutor.groovy:53)
	at com.kms.katalon.core.webui.keyword.WebUiBuiltInKeywords.click(WebUiBuiltInKeywords.groovy:616)
	at com.kms.katalon.core.webui.keyword.WebUiBuiltInKeywords$click.call(Unknown Source)
	at SoundSystem.run(SoundSystem:16)
	at com.kms.katalon.core.main.ScriptEngine.run(ScriptEngine.java:194)
	at com.kms.katalon.core.main.ScriptEngine.runScriptAsRawText(ScriptEngine.java:119)
	at com.kms.katalon.core.main.TestCaseExecutor.runScript(TestCaseExecutor.java:328)
	at com.kms.katalon.core.main.TestCaseExecutor.doExecute(TestCaseExecutor.java:319)
	at com.kms.katalon.core.main.TestCaseExecutor.processExecutionPhase(TestCaseExecutor.java:298)
	at com.kms.katalon.core.main.TestCaseExecutor.accessMainPhase(TestCaseExecutor.java:290)
	at com.kms.katalon.core.main.TestCaseExecutor.execute(TestCaseExecutor.java:224)
	at com.kms.katalon.core.main.TestSuiteExecutor.accessTestCaseMainPhase(TestSuiteExecutor.java:129)
	at com.kms.katalon.core.main.TestSuiteExecutor.accessTestSuiteMainPhase(TestSuiteExecutor.java:112)
	at com.kms.katalon.core.main.TestSuiteExecutor.execute(TestSuiteExecutor.java:81)
	at com.kms.katalon.core.main.TestCaseMain.startTestSuite(TestCaseMain.java:149)
	at com.kms.katalon.core.main.TestCaseMain$startTestSuite$0.call(Unknown Source)
	at TempTestSuite1546526445652.run(TempTestSuite1546526445652.groovy:36)]]></system-out>
         <system-err><![CDATA[2019-01-03 14:41:48 - [TEST_CASE][FAILED] - Test Cases/spolight/E-tron/Animations/SoundSystem: Test Cases/spolight/E-tron/Animations/SoundSystem FAILED.
Reason:
com.kms.katalon.core.exception.StepFailedException: Unable to click on object 'Object Repository/E-tron/Animations/Page_SpotLight  Shutter/img_Multi Shot_ZlUiIconButton_' (Root cause: org.openqa.selenium.WebDriverException: unknown error: Element <img class="ZlUiIconButton__ButtonIcon-cryQoO dvWaEN" src="/anim.png" width="100%" height="100%" color="inherit"> is not clickable at point (1042, 905). Other element would receive the click: <div style="position: fixed; top: 0px; bottom: 0px; left: 0px; right: 0px; z-index: 2000;">...</div>
  (Session info: chrome=71.0.3578.98)
  (Driver info: chromedriver=2.43.600210 (68dcf5eebde37173d4027fa8635e332711d2874a),platform=Windows NT 6.3.9600 x86_64) (WARNING: The server did not provide any stacktrace information)
Command duration or timeout: 0 milliseconds
Build info: version: '3.7.1', revision: '8a0099a', time: '2017-11-06T21:07:36.161Z'
System info: host: 'Z840-02', ip: '172.20.8.47', os.name: 'Windows 8.1', os.arch: 'amd64', os.version: '6.3', java.version: '1.8.0_181'
Driver info: com.kms.katalon.core.webui.driver.ExistingRemoteWebDriver
Capabilities {javascriptEnabled: true, platform: ANY, platformName: ANY}
Session ID: 39e686c2763271ff74735c646491a8b3)
	at com.kms.katalon.core.keyword.internal.KeywordMain.stepFailed(KeywordMain.groovy:36)
	at com.kms.katalon.core.webui.keyword.internal.WebUIKeywordMain.stepFailed(WebUIKeywordMain.groovy:65)
	at com.kms.katalon.core.webui.keyword.internal.WebUIKeywordMain.runKeyword(WebUIKeywordMain.groovy:27)
	at com.kms.katalon.core.webui.keyword.builtin.ClickKeyword.click(ClickKeyword.groovy:86)
	at com.kms.katalon.core.webui.keyword.builtin.ClickKeyword.execute(ClickKeyword.groovy:67)
	at com.kms.katalon.core.keyword.internal.KeywordExecutor.executeKeywordForPlatform(KeywordExecutor.groovy:53)
	at com.kms.katalon.core.webui.keyword.WebUiBuiltInKeywords.click(WebUiBuiltInKeywords.groovy:616)
	at com.kms.katalon.core.webui.keyword.WebUiBuiltInKeywords$click.call(Unknown Source)
	at SoundSystem.run(SoundSystem:16)
	at com.kms.katalon.core.main.ScriptEngine.run(ScriptEngine.java:194)
	at com.kms.katalon.core.main.ScriptEngine.runScriptAsRawText(ScriptEngine.java:119)
	at com.kms.katalon.core.main.TestCaseExecutor.runScript(TestCaseExecutor.java:328)
	at com.kms.katalon.core.main.TestCaseExecutor.doExecute(TestCaseExecutor.java:319)
	at com.kms.katalon.core.main.TestCaseExecutor.processExecutionPhase(TestCaseExecutor.java:298)
	at com.kms.katalon.core.main.TestCaseExecutor.accessMainPhase(TestCaseExecutor.java:290)
	at com.kms.katalon.core.main.TestCaseExecutor.execute(TestCaseExecutor.java:224)
	at com.kms.katalon.core.main.TestSuiteExecutor.accessTestCaseMainPhase(TestSuiteExecutor.java:129)
	at com.kms.katalon.core.main.TestSuiteExecutor.accessTestSuiteMainPhase(TestSuiteExecutor.java:112)
	at com.kms.katalon.core.main.TestSuiteExecutor.execute(TestSuiteExecutor.java:81)
	at com.kms.katalon.core.main.TestCaseMain.startTestSuite(TestCaseMain.java:149)
	at com.kms.katalon.core.main.TestCaseMain$startTestSuite$0.call(Unknown Source)
	at TempTestSuite1546526445652.run(TempTestSuite1546526445652.groovy:36)]]></system-err>
      </testcase>
      <testcase name="Test Cases/spolight/E-tron/Animations/Trunk" classname="Test Cases/spolight/E-tron/Animations/Trunk" status="FAILED">
         <failure type="FAILED" message="Test Cases/spolight/E-tron/Animations/Trunk FAILED.
Reason:
com.kms.katalon.core.exception.StepFailedException: Unable to click on object 'Object Repository/E-tron/Animations/Page_SpotLight  Shutter/img_Multi Shot_ZlUiIconButton_' (Root cause: org.openqa.selenium.WebDriverException: unknown error: Element &lt;img class=&quot;ZlUiIconButton__ButtonIcon-cryQoO dvWaEN&quot; src=&quot;/anim.png&quot; width=&quot;100%&quot; height=&quot;100%&quot; color=&quot;inherit&quot;> is not clickable at point (1042, 905). Other element would receive the click: &lt;div style=&quot;position: fixed; top: 0px; bottom: 0px; left: 0px; right: 0px; z-index: 2000;&quot;>...&lt;/div>
  (Session info: chrome=71.0.3578.98)
  (Driver info: chromedriver=2.43.600210 (68dcf5eebde37173d4027fa8635e332711d2874a),platform=Windows NT 6.3.9600 x86_64) (WARNING: The server did not provide any stacktrace information)
Command duration or timeout: 0 milliseconds
Build info: version: '3.7.1', revision: '8a0099a', time: '2017-11-06T21:07:36.161Z'
System info: host: 'Z840-02', ip: '172.20.8.47', os.name: 'Windows 8.1', os.arch: 'amd64', os.version: '6.3', java.version: '1.8.0_181'
Driver info: com.kms.katalon.core.webui.driver.ExistingRemoteWebDriver
Capabilities {javascriptEnabled: true, platform: ANY, platformName: ANY}
Session ID: 39e686c2763271ff74735c646491a8b3)
	at com.kms.katalon.core.keyword.internal.KeywordMain.stepFailed(KeywordMain.groovy:36)
	at com.kms.katalon.core.webui.keyword.internal.WebUIKeywordMain.stepFailed(WebUIKeywordMain.groovy:65)
	at com.kms.katalon.core.webui.keyword.internal.WebUIKeywordMain.runKeyword(WebUIKeywordMain.groovy:27)
	at com.kms.katalon.core.webui.keyword.builtin.ClickKeyword.click(ClickKeyword.groovy:86)
	at com.kms.katalon.core.webui.keyword.builtin.ClickKeyword.execute(ClickKeyword.groovy:67)
	at com.kms.katalon.core.keyword.internal.KeywordExecutor.executeKeywordForPlatform(KeywordExecutor.groovy:53)
	at com.kms.katalon.core.webui.keyword.WebUiBuiltInKeywords.click(WebUiBuiltInKeywords.groovy:616)
	at com.kms.katalon.core.webui.keyword.WebUiBuiltInKeywords$click.call(Unknown Source)
	at Trunk.run(Trunk:16)
	at com.kms.katalon.core.main.ScriptEngine.run(ScriptEngine.java:194)
	at com.kms.katalon.core.main.ScriptEngine.runScriptAsRawText(ScriptEngine.java:119)
	at com.kms.katalon.core.main.TestCaseExecutor.runScript(TestCaseExecutor.java:328)
	at com.kms.katalon.core.main.TestCaseExecutor.doExecute(TestCaseExecutor.java:319)
	at com.kms.katalon.core.main.TestCaseExecutor.processExecutionPhase(TestCaseExecutor.java:298)
	at com.kms.katalon.core.main.TestCaseExecutor.accessMainPhase(TestCaseExecutor.java:290)
	at com.kms.katalon.core.main.TestCaseExecutor.execute(TestCaseExecutor.java:224)
	at com.kms.katalon.core.main.TestSuiteExecutor.accessTestCaseMainPhase(TestSuiteExecutor.java:129)
	at com.kms.katalon.core.main.TestSuiteExecutor.accessTestSuiteMainPhase(TestSuiteExecutor.java:112)
	at com.kms.katalon.core.main.TestSuiteExecutor.execute(TestSuiteExecutor.java:81)
	at com.kms.katalon.core.main.TestCaseMain.startTestSuite(TestCaseMain.java:149)
	at com.kms.katalon.core.main.TestCaseMain$startTestSuite$0.call(Unknown Source)
	at TempTestSuite1546526445652.run(TempTestSuite1546526445652.groovy:36)
"/>
         <system-out><![CDATA[2019-01-03 14:41:49 - [TEST_CASE][FAILED] - Test Cases/spolight/E-tron/Animations/Trunk: Test Cases/spolight/E-tron/Animations/Trunk FAILED.
Reason:
com.kms.katalon.core.exception.StepFailedException: Unable to click on object 'Object Repository/E-tron/Animations/Page_SpotLight  Shutter/img_Multi Shot_ZlUiIconButton_' (Root cause: org.openqa.selenium.WebDriverException: unknown error: Element <img class="ZlUiIconButton__ButtonIcon-cryQoO dvWaEN" src="/anim.png" width="100%" height="100%" color="inherit"> is not clickable at point (1042, 905). Other element would receive the click: <div style="position: fixed; top: 0px; bottom: 0px; left: 0px; right: 0px; z-index: 2000;">...</div>
  (Session info: chrome=71.0.3578.98)
  (Driver info: chromedriver=2.43.600210 (68dcf5eebde37173d4027fa8635e332711d2874a),platform=Windows NT 6.3.9600 x86_64) (WARNING: The server did not provide any stacktrace information)
Command duration or timeout: 0 milliseconds
Build info: version: '3.7.1', revision: '8a0099a', time: '2017-11-06T21:07:36.161Z'
System info: host: 'Z840-02', ip: '172.20.8.47', os.name: 'Windows 8.1', os.arch: 'amd64', os.version: '6.3', java.version: '1.8.0_181'
Driver info: com.kms.katalon.core.webui.driver.ExistingRemoteWebDriver
Capabilities {javascriptEnabled: true, platform: ANY, platformName: ANY}
Session ID: 39e686c2763271ff74735c646491a8b3)
	at com.kms.katalon.core.keyword.internal.KeywordMain.stepFailed(KeywordMain.groovy:36)
	at com.kms.katalon.core.webui.keyword.internal.WebUIKeywordMain.stepFailed(WebUIKeywordMain.groovy:65)
	at com.kms.katalon.core.webui.keyword.internal.WebUIKeywordMain.runKeyword(WebUIKeywordMain.groovy:27)
	at com.kms.katalon.core.webui.keyword.builtin.ClickKeyword.click(ClickKeyword.groovy:86)
	at com.kms.katalon.core.webui.keyword.builtin.ClickKeyword.execute(ClickKeyword.groovy:67)
	at com.kms.katalon.core.keyword.internal.KeywordExecutor.executeKeywordForPlatform(KeywordExecutor.groovy:53)
	at com.kms.katalon.core.webui.keyword.WebUiBuiltInKeywords.click(WebUiBuiltInKeywords.groovy:616)
	at com.kms.katalon.core.webui.keyword.WebUiBuiltInKeywords$click.call(Unknown Source)
	at Trunk.run(Trunk:16)
	at com.kms.katalon.core.main.ScriptEngine.run(ScriptEngine.java:194)
	at com.kms.katalon.core.main.ScriptEngine.runScriptAsRawText(ScriptEngine.java:119)
	at com.kms.katalon.core.main.TestCaseExecutor.runScript(TestCaseExecutor.java:328)
	at com.kms.katalon.core.main.TestCaseExecutor.doExecute(TestCaseExecutor.java:319)
	at com.kms.katalon.core.main.TestCaseExecutor.processExecutionPhase(TestCaseExecutor.java:298)
	at com.kms.katalon.core.main.TestCaseExecutor.accessMainPhase(TestCaseExecutor.java:290)
	at com.kms.katalon.core.main.TestCaseExecutor.execute(TestCaseExecutor.java:224)
	at com.kms.katalon.core.main.TestSuiteExecutor.accessTestCaseMainPhase(TestSuiteExecutor.java:129)
	at com.kms.katalon.core.main.TestSuiteExecutor.accessTestSuiteMainPhase(TestSuiteExecutor.java:112)
	at com.kms.katalon.core.main.TestSuiteExecutor.execute(TestSuiteExecutor.java:81)
	at com.kms.katalon.core.main.TestCaseMain.startTestSuite(TestCaseMain.java:149)
	at com.kms.katalon.core.main.TestCaseMain$startTestSuite$0.call(Unknown Source)
	at TempTestSuite1546526445652.run(TempTestSuite1546526445652.groovy:36)


2019-01-03 14:41:49 - [TEST_STEP][FAILED] - click(findTestObject("E-tron/Animations/Page_SpotLight  Shutter/img_Multi Shot_ZlUiIconButton_")): click(findTestObject("E-tron/Animations/Page_SpotLight  Shutter/img_Multi Shot_ZlUiIconButton_")) FAILED.
Reason:
com.kms.katalon.core.exception.StepFailedException: Unable to click on object 'Object Repository/E-tron/Animations/Page_SpotLight  Shutter/img_Multi Shot_ZlUiIconButton_' (Root cause: org.openqa.selenium.WebDriverException: unknown error: Element <img class="ZlUiIconButton__ButtonIcon-cryQoO dvWaEN" src="/anim.png" width="100%" height="100%" color="inherit"> is not clickable at point (1042, 905). Other element would receive the click: <div style="position: fixed; top: 0px; bottom: 0px; left: 0px; right: 0px; z-index: 2000;">...</div>
  (Session info: chrome=71.0.3578.98)
  (Driver info: chromedriver=2.43.600210 (68dcf5eebde37173d4027fa8635e332711d2874a),platform=Windows NT 6.3.9600 x86_64) (WARNING: The server did not provide any stacktrace information)
Command duration or timeout: 0 milliseconds
Build info: version: '3.7.1', revision: '8a0099a', time: '2017-11-06T21:07:36.161Z'
System info: host: 'Z840-02', ip: '172.20.8.47', os.name: 'Windows 8.1', os.arch: 'amd64', os.version: '6.3', java.version: '1.8.0_181'
Driver info: com.kms.katalon.core.webui.driver.ExistingRemoteWebDriver
Capabilities {javascriptEnabled: true, platform: ANY, platformName: ANY}
Session ID: 39e686c2763271ff74735c646491a8b3)
	at com.kms.katalon.core.keyword.internal.KeywordMain.stepFailed(KeywordMain.groovy:36)
	at com.kms.katalon.core.webui.keyword.internal.WebUIKeywordMain.stepFailed(WebUIKeywordMain.groovy:65)
	at com.kms.katalon.core.webui.keyword.internal.WebUIKeywordMain.runKeyword(WebUIKeywordMain.groovy:27)
	at com.kms.katalon.core.webui.keyword.builtin.ClickKeyword.click(ClickKeyword.groovy:86)
	at com.kms.katalon.core.webui.keyword.builtin.ClickKeyword.execute(ClickKeyword.groovy:67)
	at com.kms.katalon.core.keyword.internal.KeywordExecutor.executeKeywordForPlatform(KeywordExecutor.groovy:53)
	at com.kms.katalon.core.webui.keyword.WebUiBuiltInKeywords.click(WebUiBuiltInKeywords.groovy:616)
	at com.kms.katalon.core.webui.keyword.WebUiBuiltInKeywords$click.call(Unknown Source)
	at Trunk.run(Trunk:16)
	at com.kms.katalon.core.main.ScriptEngine.run(ScriptEngine.java:194)
	at com.kms.katalon.core.main.ScriptEngine.runScriptAsRawText(ScriptEngine.java:119)
	at com.kms.katalon.core.main.TestCaseExecutor.runScript(TestCaseExecutor.java:328)
	at com.kms.katalon.core.main.TestCaseExecutor.doExecute(TestCaseExecutor.java:319)
	at com.kms.katalon.core.main.TestCaseExecutor.processExecutionPhase(TestCaseExecutor.java:298)
	at com.kms.katalon.core.main.TestCaseExecutor.accessMainPhase(TestCaseExecutor.java:290)
	at com.kms.katalon.core.main.TestCaseExecutor.execute(TestCaseExecutor.java:224)
	at com.kms.katalon.core.main.TestSuiteExecutor.accessTestCaseMainPhase(TestSuiteExecutor.java:129)
	at com.kms.katalon.core.main.TestSuiteExecutor.accessTestSuiteMainPhase(TestSuiteExecutor.java:112)
	at com.kms.katalon.core.main.TestSuiteExecutor.execute(TestSuiteExecutor.java:81)
	at com.kms.katalon.core.main.TestCaseMain.startTestSuite(TestCaseMain.java:149)
	at com.kms.katalon.core.main.TestCaseMain$startTestSuite$0.call(Unknown Source)
	at TempTestSuite1546526445652.run(TempTestSuite1546526445652.groovy:36)


2019-01-03 14:41:50 - [MESSAGE][FAILED] - Unable to click on object 'Object Repository/E-tron/Animations/Page_SpotLight  Shutter/img_Multi Shot_ZlUiIconButton_' (Root cause: org.openqa.selenium.WebDriverException: unknown error: Element <img class="ZlUiIconButton__ButtonIcon-cryQoO dvWaEN" src="/anim.png" width="100%" height="100%" color="inherit"> is not clickable at point (1042, 905). Other element would receive the click: <div style="position: fixed; top: 0px; bottom: 0px; left: 0px; right: 0px; z-index: 2000;">...</div>
  (Session info: chrome=71.0.3578.98)
  (Driver info: chromedriver=2.43.600210 (68dcf5eebde37173d4027fa8635e332711d2874a),platform=Windows NT 6.3.9600 x86_64) (WARNING: The server did not provide any stacktrace information)
Command duration or timeout: 0 milliseconds
Build info: version: '3.7.1', revision: '8a0099a', time: '2017-11-06T21:07:36.161Z'
System info: host: 'Z840-02', ip: '172.20.8.47', os.name: 'Windows 8.1', os.arch: 'amd64', os.version: '6.3', java.version: '1.8.0_181'
Driver info: com.kms.katalon.core.webui.driver.ExistingRemoteWebDriver
Capabilities {javascriptEnabled: true, platform: ANY, platformName: ANY}
Session ID: 39e686c2763271ff74735c646491a8b3)
[[ATTACHMENT|C:\\Users\\builder\\Desktop\\katalon\\Automation\\Reports\\anims\\20190103_144045\\1546526509844.png]]

2019-01-03 14:41:50 - [MESSAGE][FAILED] - click(findTestObject("E-tron/Animations/Page_SpotLight  Shutter/img_Multi Shot_ZlUiIconButton_")) FAILED.
Reason:
com.kms.katalon.core.exception.StepFailedException: Unable to click on object 'Object Repository/E-tron/Animations/Page_SpotLight  Shutter/img_Multi Shot_ZlUiIconButton_' (Root cause: org.openqa.selenium.WebDriverException: unknown error: Element <img class="ZlUiIconButton__ButtonIcon-cryQoO dvWaEN" src="/anim.png" width="100%" height="100%" color="inherit"> is not clickable at point (1042, 905). Other element would receive the click: <div style="position: fixed; top: 0px; bottom: 0px; left: 0px; right: 0px; z-index: 2000;">...</div>
  (Session info: chrome=71.0.3578.98)
  (Driver info: chromedriver=2.43.600210 (68dcf5eebde37173d4027fa8635e332711d2874a),platform=Windows NT 6.3.9600 x86_64) (WARNING: The server did not provide any stacktrace information)
Command duration or timeout: 0 milliseconds
Build info: version: '3.7.1', revision: '8a0099a', time: '2017-11-06T21:07:36.161Z'
System info: host: 'Z840-02', ip: '172.20.8.47', os.name: 'Windows 8.1', os.arch: 'amd64', os.version: '6.3', java.version: '1.8.0_181'
Driver info: com.kms.katalon.core.webui.driver.ExistingRemoteWebDriver
Capabilities {javascriptEnabled: true, platform: ANY, platformName: ANY}
Session ID: 39e686c2763271ff74735c646491a8b3)
	at com.kms.katalon.core.keyword.internal.KeywordMain.stepFailed(KeywordMain.groovy:36)
	at com.kms.katalon.core.webui.keyword.internal.WebUIKeywordMain.stepFailed(WebUIKeywordMain.groovy:65)
	at com.kms.katalon.core.webui.keyword.internal.WebUIKeywordMain.runKeyword(WebUIKeywordMain.groovy:27)
	at com.kms.katalon.core.webui.keyword.builtin.ClickKeyword.click(ClickKeyword.groovy:86)
	at com.kms.katalon.core.webui.keyword.builtin.ClickKeyword.execute(ClickKeyword.groovy:67)
	at com.kms.katalon.core.keyword.internal.KeywordExecutor.executeKeywordForPlatform(KeywordExecutor.groovy:53)
	at com.kms.katalon.core.webui.keyword.WebUiBuiltInKeywords.click(WebUiBuiltInKeywords.groovy:616)
	at com.kms.katalon.core.webui.keyword.WebUiBuiltInKeywords$click.call(Unknown Source)
	at Trunk.run(Trunk:16)
	at com.kms.katalon.core.main.ScriptEngine.run(ScriptEngine.java:194)
	at com.kms.katalon.core.main.ScriptEngine.runScriptAsRawText(ScriptEngine.java:119)
	at com.kms.katalon.core.main.TestCaseExecutor.runScript(TestCaseExecutor.java:328)
	at com.kms.katalon.core.main.TestCaseExecutor.doExecute(TestCaseExecutor.java:319)
	at com.kms.katalon.core.main.TestCaseExecutor.processExecutionPhase(TestCaseExecutor.java:298)
	at com.kms.katalon.core.main.TestCaseExecutor.accessMainPhase(TestCaseExecutor.java:290)
	at com.kms.katalon.core.main.TestCaseExecutor.execute(TestCaseExecutor.java:224)
	at com.kms.katalon.core.main.TestSuiteExecutor.accessTestCaseMainPhase(TestSuiteExecutor.java:129)
	at com.kms.katalon.core.main.TestSuiteExecutor.accessTestSuiteMainPhase(TestSuiteExecutor.java:112)
	at com.kms.katalon.core.main.TestSuiteExecutor.execute(TestSuiteExecutor.java:81)
	at com.kms.katalon.core.main.TestCaseMain.startTestSuite(TestCaseMain.java:149)
	at com.kms.katalon.core.main.TestCaseMain$startTestSuite$0.call(Unknown Source)
	at TempTestSuite1546526445652.run(TempTestSuite1546526445652.groovy:36)]]></system-out>
         <system-err><![CDATA[2019-01-03 14:41:49 - [TEST_CASE][FAILED] - Test Cases/spolight/E-tron/Animations/Trunk: Test Cases/spolight/E-tron/Animations/Trunk FAILED.
Reason:
com.kms.katalon.core.exception.StepFailedException: Unable to click on object 'Object Repository/E-tron/Animations/Page_SpotLight  Shutter/img_Multi Shot_ZlUiIconButton_' (Root cause: org.openqa.selenium.WebDriverException: unknown error: Element <img class="ZlUiIconButton__ButtonIcon-cryQoO dvWaEN" src="/anim.png" width="100%" height="100%" color="inherit"> is not clickable at point (1042, 905). Other element would receive the click: <div style="position: fixed; top: 0px; bottom: 0px; left: 0px; right: 0px; z-index: 2000;">...</div>
  (Session info: chrome=71.0.3578.98)
  (Driver info: chromedriver=2.43.600210 (68dcf5eebde37173d4027fa8635e332711d2874a),platform=Windows NT 6.3.9600 x86_64) (WARNING: The server did not provide any stacktrace information)
Command duration or timeout: 0 milliseconds
Build info: version: '3.7.1', revision: '8a0099a', time: '2017-11-06T21:07:36.161Z'
System info: host: 'Z840-02', ip: '172.20.8.47', os.name: 'Windows 8.1', os.arch: 'amd64', os.version: '6.3', java.version: '1.8.0_181'
Driver info: com.kms.katalon.core.webui.driver.ExistingRemoteWebDriver
Capabilities {javascriptEnabled: true, platform: ANY, platformName: ANY}
Session ID: 39e686c2763271ff74735c646491a8b3)
	at com.kms.katalon.core.keyword.internal.KeywordMain.stepFailed(KeywordMain.groovy:36)
	at com.kms.katalon.core.webui.keyword.internal.WebUIKeywordMain.stepFailed(WebUIKeywordMain.groovy:65)
	at com.kms.katalon.core.webui.keyword.internal.WebUIKeywordMain.runKeyword(WebUIKeywordMain.groovy:27)
	at com.kms.katalon.core.webui.keyword.builtin.ClickKeyword.click(ClickKeyword.groovy:86)
	at com.kms.katalon.core.webui.keyword.builtin.ClickKeyword.execute(ClickKeyword.groovy:67)
	at com.kms.katalon.core.keyword.internal.KeywordExecutor.executeKeywordForPlatform(KeywordExecutor.groovy:53)
	at com.kms.katalon.core.webui.keyword.WebUiBuiltInKeywords.click(WebUiBuiltInKeywords.groovy:616)
	at com.kms.katalon.core.webui.keyword.WebUiBuiltInKeywords$click.call(Unknown Source)
	at Trunk.run(Trunk:16)
	at com.kms.katalon.core.main.ScriptEngine.run(ScriptEngine.java:194)
	at com.kms.katalon.core.main.ScriptEngine.runScriptAsRawText(ScriptEngine.java:119)
	at com.kms.katalon.core.main.TestCaseExecutor.runScript(TestCaseExecutor.java:328)
	at com.kms.katalon.core.main.TestCaseExecutor.doExecute(TestCaseExecutor.java:319)
	at com.kms.katalon.core.main.TestCaseExecutor.processExecutionPhase(TestCaseExecutor.java:298)
	at com.kms.katalon.core.main.TestCaseExecutor.accessMainPhase(TestCaseExecutor.java:290)
	at com.kms.katalon.core.main.TestCaseExecutor.execute(TestCaseExecutor.java:224)
	at com.kms.katalon.core.main.TestSuiteExecutor.accessTestCaseMainPhase(TestSuiteExecutor.java:129)
	at com.kms.katalon.core.main.TestSuiteExecutor.accessTestSuiteMainPhase(TestSuiteExecutor.java:112)
	at com.kms.katalon.core.main.TestSuiteExecutor.execute(TestSuiteExecutor.java:81)
	at com.kms.katalon.core.main.TestCaseMain.startTestSuite(TestCaseMain.java:149)
	at com.kms.katalon.core.main.TestCaseMain$startTestSuite$0.call(Unknown Source)
	at TempTestSuite1546526445652.run(TempTestSuite1546526445652.groovy:36)]]></system-err>
      </testcase>
      <system-out><![CDATA[2019-01-03 14:40:47 - [TEST_SUITE][FAILED] - anims: Test Cases/spolight/E-tron/Animations/MainLights FAILED.
Reason:
com.kms.katalon.core.exception.StepFailedException: Unable to click on object 'Object Repository/E-tron/Animations/Page_SpotLight  Shutter/p_MainLights' (Root cause: org.openqa.selenium.ElementNotVisibleException: element not interactable
  (Session info: chrome=71.0.3578.98)
  (Driver info: chromedriver=2.43.600210 (68dcf5eebde37173d4027fa8635e332711d2874a),platform=Windows NT 6.3.9600 x86_64) (WARNING: The server did not provide any stacktrace information)
Command duration or timeout: 0 milliseconds
Build info: version: '3.7.1', revision: '8a0099a', time: '2017-11-06T21:07:36.161Z'
System info: host: 'Z840-02', ip: '172.20.8.47', os.name: 'Windows 8.1', os.arch: 'amd64', os.version: '6.3', java.version: '1.8.0_181'
Driver info: com.kms.katalon.core.webui.driver.ExistingRemoteWebDriver
Capabilities {javascriptEnabled: true, platform: ANY, platformName: ANY}
Session ID: 39e686c2763271ff74735c646491a8b3)
	at com.kms.katalon.core.keyword.internal.KeywordMain.stepFailed(KeywordMain.groovy:36)
	at com.kms.katalon.core.webui.keyword.internal.WebUIKeywordMain.stepFailed(WebUIKeywordMain.groovy:65)
	at com.kms.katalon.core.webui.keyword.internal.WebUIKeywordMain.runKeyword(WebUIKeywordMain.groovy:27)
	at com.kms.katalon.core.webui.keyword.builtin.ClickKeyword.click(ClickKeyword.groovy:86)
	at com.kms.katalon.core.webui.keyword.builtin.ClickKeyword.execute(ClickKeyword.groovy:67)
	at com.kms.katalon.core.keyword.internal.KeywordExecutor.executeKeywordForPlatform(KeywordExecutor.groovy:53)
	at com.kms.katalon.core.webui.keyword.WebUiBuiltInKeywords.click(WebUiBuiltInKeywords.groovy:616)
	at com.kms.katalon.core.webui.keyword.WebUiBuiltInKeywords$click.call(Unknown Source)
	at MainLights.run(MainLights:18)
	at com.kms.katalon.core.main.ScriptEngine.run(ScriptEngine.java:194)
	at com.kms.katalon.core.main.ScriptEngine.runScriptAsRawText(ScriptEngine.java:119)
	at com.kms.katalon.core.main.TestCaseExecutor.runScript(TestCaseExecutor.java:328)
	at com.kms.katalon.core.main.TestCaseExecutor.doExecute(TestCaseExecutor.java:319)
	at com.kms.katalon.core.main.TestCaseExecutor.processExecutionPhase(TestCaseExecutor.java:298)
	at com.kms.katalon.core.main.TestCaseExecutor.accessMainPhase(TestCaseExecutor.java:290)
	at com.kms.katalon.core.main.TestCaseExecutor.execute(TestCaseExecutor.java:224)
	at com.kms.katalon.core.main.TestSuiteExecutor.accessTestCaseMainPhase(TestSuiteExecutor.java:129)
	at com.kms.katalon.core.main.TestSuiteExecutor.accessTestSuiteMainPhase(TestSuiteExecutor.java:112)
	at com.kms.katalon.core.main.TestSuiteExecutor.execute(TestSuiteExecutor.java:81)
	at com.kms.katalon.core.main.TestCaseMain.startTestSuite(TestCaseMain.java:149)
	at com.kms.katalon.core.main.TestCaseMain$startTestSuite$0.call(Unknown Source)
	at TempTestSuite1546526445652.run(TempTestSuite1546526445652.groovy:36)]]></system-out>
      <system-err><![CDATA[2019-01-03 14:40:47 - [TEST_SUITE][FAILED] - anims: Test Cases/spolight/E-tron/Animations/MainLights FAILED.
Reason:
com.kms.katalon.core.exception.StepFailedException: Unable to click on object 'Object Repository/E-tron/Animations/Page_SpotLight  Shutter/p_MainLights' (Root cause: org.openqa.selenium.ElementNotVisibleException: element not interactable
  (Session info: chrome=71.0.3578.98)
  (Driver info: chromedriver=2.43.600210 (68dcf5eebde37173d4027fa8635e332711d2874a),platform=Windows NT 6.3.9600 x86_64) (WARNING: The server did not provide any stacktrace information)
Command duration or timeout: 0 milliseconds
Build info: version: '3.7.1', revision: '8a0099a', time: '2017-11-06T21:07:36.161Z'
System info: host: 'Z840-02', ip: '172.20.8.47', os.name: 'Windows 8.1', os.arch: 'amd64', os.version: '6.3', java.version: '1.8.0_181'
Driver info: com.kms.katalon.core.webui.driver.ExistingRemoteWebDriver
Capabilities {javascriptEnabled: true, platform: ANY, platformName: ANY}
Session ID: 39e686c2763271ff74735c646491a8b3)
	at com.kms.katalon.core.keyword.internal.KeywordMain.stepFailed(KeywordMain.groovy:36)
	at com.kms.katalon.core.webui.keyword.internal.WebUIKeywordMain.stepFailed(WebUIKeywordMain.groovy:65)
	at com.kms.katalon.core.webui.keyword.internal.WebUIKeywordMain.runKeyword(WebUIKeywordMain.groovy:27)
	at com.kms.katalon.core.webui.keyword.builtin.ClickKeyword.click(ClickKeyword.groovy:86)
	at com.kms.katalon.core.webui.keyword.builtin.ClickKeyword.execute(ClickKeyword.groovy:67)
	at com.kms.katalon.core.keyword.internal.KeywordExecutor.executeKeywordForPlatform(KeywordExecutor.groovy:53)
	at com.kms.katalon.core.webui.keyword.WebUiBuiltInKeywords.click(WebUiBuiltInKeywords.groovy:616)
	at com.kms.katalon.core.webui.keyword.WebUiBuiltInKeywords$click.call(Unknown Source)
	at MainLights.run(MainLights:18)
	at com.kms.katalon.core.main.ScriptEngine.run(ScriptEngine.java:194)
	at com.kms.katalon.core.main.ScriptEngine.runScriptAsRawText(ScriptEngine.java:119)
	at com.kms.katalon.core.main.TestCaseExecutor.runScript(TestCaseExecutor.java:328)
	at com.kms.katalon.core.main.TestCaseExecutor.doExecute(TestCaseExecutor.java:319)
	at com.kms.katalon.core.main.TestCaseExecutor.processExecutionPhase(TestCaseExecutor.java:298)
	at com.kms.katalon.core.main.TestCaseExecutor.accessMainPhase(TestCaseExecutor.java:290)
	at com.kms.katalon.core.main.TestCaseExecutor.execute(TestCaseExecutor.java:224)
	at com.kms.katalon.core.main.TestSuiteExecutor.accessTestCaseMainPhase(TestSuiteExecutor.java:129)
	at com.kms.katalon.core.main.TestSuiteExecutor.accessTestSuiteMainPhase(TestSuiteExecutor.java:112)
	at com.kms.katalon.core.main.TestSuiteExecutor.execute(TestSuiteExecutor.java:81)
	at com.kms.katalon.core.main.TestCaseMain.startTestSuite(TestCaseMain.java:149)
	at com.kms.katalon.core.main.TestCaseMain$startTestSuite$0.call(Unknown Source)
	at TempTestSuite1546526445652.run(TempTestSuite1546526445652.groovy:36)]]></system-err>
   </testsuite>
</testsuites>
